[runlim] version:		1.10
[runlim] time limit:		311040000 seconds
[runlim] real time limit:	600 seconds
[runlim] space limit:		7759 MB
[runlim] argv[0]:		python3
[runlim] argv[1]:		-u
[runlim] argv[2]:		one_vertex.py
[runlim] argv[3]:		P14
[runlim] start:			Thu Mar 19 14:43:24 2026
[runlim] main pid:		2769
Greedy span: 532 (533-1)
Greedy solution is valid.
--------------------------------
Trying with UB = 532...
No solution found.
Optimal span found: 532
Time taken: 6.29s
[runlim] end:			Thu Mar 19 14:43:31 2026
[runlim] status:		ok
[runlim] result:		0
[runlim] children:		0
[runlim] real:			7.16 seconds
[runlim] time:			6.33 seconds
[runlim] space:			210.1 MB
[runlim] samples:		63
