[runlim] version:		1.10
[runlim] time limit:		311040000 seconds
[runlim] real time limit:	600 seconds
[runlim] space limit:		7759 MB
[runlim] argv[0]:		python3
[runlim] argv[1]:		-u
[runlim] argv[2]:		one_vertex.py
[runlim] argv[3]:		P16
[runlim] start:			Thu Mar 19 14:43:46 2026
[runlim] main pid:		2775
Greedy span: 535 (536-1)
Greedy solution is valid.
--------------------------------
Trying with UB = 535...
Span: 534 (535-1)
Time taken: 6.98s
Solution is valid.
--------------------------------
Trying with UB = 534...
Span: 533 (534-1)
Time taken: 9.91s
Solution is valid.
--------------------------------
Trying with UB = 533...
[runlim] sample:		9.9 time, 10.5 real, 155.3 MB
Span: 532 (533-1)
Time taken: 12.65s
Solution is valid.
--------------------------------
Trying with UB = 532...
No solution found.
Optimal span found: 532
Time taken: 12.69s
[runlim] end:			Thu Mar 19 14:43:59 2026
[runlim] status:		ok
[runlim] result:		0
[runlim] children:		0
[runlim] real:			13.25 seconds
[runlim] time:			12.64 seconds
[runlim] space:			213.9 MB
[runlim] samples:		127
