[runlim] version:		1.10
[runlim] time limit:		311040000 seconds
[runlim] real time limit:	600 seconds
[runlim] space limit:		7759 MB
[runlim] argv[0]:		python3
[runlim] argv[1]:		-u
[runlim] argv[2]:		one_vertex.py
[runlim] argv[3]:		P18
[runlim] start:			Thu Mar 19 14:44:06 2026
[runlim] main pid:		2781
Greedy span: 380 (381-1)
Greedy solution is valid.
--------------------------------
Trying with UB = 380...
No solution found.
Optimal span found: 380
Time taken: 1.89s
[runlim] end:			Thu Mar 19 14:44:08 2026
[runlim] status:		ok
[runlim] result:		0
[runlim] children:		0
[runlim] real:			2.62 seconds
[runlim] time:			1.89 seconds
[runlim] space:			145.7 MB
[runlim] samples:		19
