[runlim] version:		1.10
[runlim] time limit:		311040000 seconds
[runlim] real time limit:	600 seconds
[runlim] space limit:		7759 MB
[runlim] argv[0]:		python3
[runlim] argv[1]:		-u
[runlim] argv[2]:		one_vertex.py
[runlim] argv[3]:		P7
[runlim] start:			Thu Mar 19 13:53:19 2026
[runlim] main pid:		2735
Greedy span: 346 (347-1)
Greedy solution is valid.
--------------------------------
Trying with UB = 346...
Span: 345 (346-1)
Time taken: 4.23s
Solution is valid.
--------------------------------
Trying with UB = 345...
Span: 344 (345-1)
Time taken: 6.38s
Solution is valid.
--------------------------------
Trying with UB = 344...
Span: 343 (344-1)
Time taken: 8.13s
Solution is valid.
--------------------------------
Trying with UB = 343...
Span: 342 (343-1)
Time taken: 9.86s
Solution is valid.
--------------------------------
Trying with UB = 342...
[runlim] sample:		9.9 time, 10.1 real, 129.4 MB
Span: 341 (342-1)
Time taken: 10.30s
Solution is valid.
--------------------------------
Trying with UB = 341...
Span: 340 (341-1)
Time taken: 10.34s
Solution is valid.
--------------------------------
Trying with UB = 340...
Span: 339 (340-1)
Time taken: 10.37s
Solution is valid.
--------------------------------
Trying with UB = 339...
Span: 338 (339-1)
Time taken: 10.40s
Solution is valid.
--------------------------------
Trying with UB = 338...
Span: 337 (338-1)
Time taken: 10.44s
Solution is valid.
--------------------------------
Trying with UB = 337...
Span: 336 (337-1)
Time taken: 10.47s
Solution is valid.
--------------------------------
Trying with UB = 336...
Span: 335 (336-1)
Time taken: 10.86s
Solution is valid.
--------------------------------
Trying with UB = 335...
Span: 334 (335-1)
Time taken: 10.90s
Solution is valid.
--------------------------------
Trying with UB = 334...
Span: 333 (334-1)
Time taken: 10.99s
Solution is valid.
--------------------------------
Trying with UB = 333...
Span: 332 (333-1)
Time taken: 11.02s
Solution is valid.
--------------------------------
Trying with UB = 332...
Span: 331 (332-1)
Time taken: 11.05s
Solution is valid.
--------------------------------
Trying with UB = 331...
Span: 330 (331-1)
Time taken: 11.09s
Solution is valid.
--------------------------------
Trying with UB = 330...
Span: 329 (330-1)
Time taken: 11.57s
Solution is valid.
--------------------------------
Trying with UB = 329...
Span: 328 (329-1)
Time taken: 12.24s
Solution is valid.
--------------------------------
Trying with UB = 328...
Span: 327 (328-1)
Time taken: 12.40s
Solution is valid.
--------------------------------
Trying with UB = 327...
Span: 326 (327-1)
Time taken: 12.45s
Solution is valid.
--------------------------------
Trying with UB = 326...
Span: 325 (326-1)
Time taken: 12.49s
Solution is valid.
--------------------------------
Trying with UB = 325...
Span: 324 (325-1)
Time taken: 13.09s
Solution is valid.
--------------------------------
Trying with UB = 324...
Span: 323 (324-1)
Time taken: 13.13s
Solution is valid.
--------------------------------
Trying with UB = 323...
Span: 322 (323-1)
Time taken: 13.16s
Solution is valid.
--------------------------------
Trying with UB = 322...
Span: 321 (322-1)
Time taken: 13.20s
Solution is valid.
--------------------------------
Trying with UB = 321...
Span: 320 (321-1)
Time taken: 13.24s
Solution is valid.
--------------------------------
Trying with UB = 320...
Span: 319 (320-1)
Time taken: 13.66s
Solution is valid.
--------------------------------
Trying with UB = 319...
Span: 318 (319-1)
Time taken: 13.70s
Solution is valid.
--------------------------------
Trying with UB = 318...
Span: 317 (318-1)
Time taken: 13.74s
Solution is valid.
--------------------------------
Trying with UB = 317...
Span: 316 (317-1)
Time taken: 14.33s
Solution is valid.
--------------------------------
Trying with UB = 316...
Span: 315 (316-1)
Time taken: 14.37s
Solution is valid.
--------------------------------
Trying with UB = 315...
Span: 314 (315-1)
Time taken: 14.50s
Solution is valid.
--------------------------------
Trying with UB = 314...
Span: 313 (314-1)
Time taken: 14.54s
Solution is valid.
--------------------------------
Trying with UB = 313...
Span: 312 (313-1)
Time taken: 14.58s
Solution is valid.
--------------------------------
Trying with UB = 312...
Span: 311 (312-1)
Time taken: 14.61s
Solution is valid.
--------------------------------
Trying with UB = 311...
Span: 310 (311-1)
Time taken: 14.65s
Solution is valid.
--------------------------------
Trying with UB = 310...
Span: 309 (310-1)
Time taken: 14.68s
Solution is valid.
--------------------------------
Trying with UB = 309...
Span: 308 (309-1)
Time taken: 14.72s
Solution is valid.
--------------------------------
Trying with UB = 308...
Span: 307 (308-1)
Time taken: 14.77s
Solution is valid.
--------------------------------
Trying with UB = 307...
Span: 306 (307-1)
Time taken: 14.80s
Solution is valid.
--------------------------------
Trying with UB = 306...
Span: 305 (306-1)
Time taken: 15.26s
Solution is valid.
--------------------------------
Trying with UB = 305...
Span: 304 (305-1)
Time taken: 15.89s
Solution is valid.
--------------------------------
Trying with UB = 304...
Span: 303 (304-1)
Time taken: 15.93s
Solution is valid.
--------------------------------
Trying with UB = 303...
Span: 302 (303-1)
Time taken: 15.96s
Solution is valid.
--------------------------------
Trying with UB = 302...
Span: 301 (302-1)
Time taken: 16.01s
Solution is valid.
--------------------------------
Trying with UB = 301...
Span: 300 (301-1)
Time taken: 16.04s
Solution is valid.
--------------------------------
Trying with UB = 300...
Span: 299 (300-1)
Time taken: 16.16s
Solution is valid.
--------------------------------
Trying with UB = 299...
Span: 298 (299-1)
Time taken: 16.20s
Solution is valid.
--------------------------------
Trying with UB = 298...
Span: 297 (298-1)
Time taken: 16.23s
Solution is valid.
--------------------------------
Trying with UB = 297...
Span: 295 (296-1)
Time taken: 16.27s
Solution is valid.
--------------------------------
Trying with UB = 295...
Span: 294 (295-1)
Time taken: 17.22s
Solution is valid.
--------------------------------
Trying with UB = 294...
Span: 293 (294-1)
Time taken: 17.50s
Solution is valid.
--------------------------------
Trying with UB = 293...
Span: 292 (293-1)
Time taken: 17.55s
Solution is valid.
--------------------------------
Trying with UB = 292...
Span: 291 (292-1)
Time taken: 17.58s
Solution is valid.
--------------------------------
Trying with UB = 291...
Span: 290 (291-1)
Time taken: 17.76s
Solution is valid.
--------------------------------
Trying with UB = 290...
Span: 289 (290-1)
Time taken: 17.82s
Solution is valid.
--------------------------------
Trying with UB = 289...
Span: 288 (289-1)
Time taken: 17.86s
Solution is valid.
--------------------------------
Trying with UB = 288...
Span: 287 (288-1)
Time taken: 17.89s
Solution is valid.
--------------------------------
Trying with UB = 287...
Span: 286 (287-1)
Time taken: 17.93s
Solution is valid.
--------------------------------
Trying with UB = 286...
Span: 285 (286-1)
Time taken: 18.70s
Solution is valid.
--------------------------------
Trying with UB = 285...
Span: 284 (285-1)
Time taken: 18.74s
Solution is valid.
--------------------------------
Trying with UB = 284...
Span: 283 (284-1)
Time taken: 19.17s
Solution is valid.
--------------------------------
Trying with UB = 283...
Span: 282 (283-1)
Time taken: 19.26s
Solution is valid.
--------------------------------
Trying with UB = 282...
[runlim] sample:		19.9 time, 20.1 real, 129.5 MB
Span: 281 (282-1)
Time taken: 20.05s
Solution is valid.
--------------------------------
Trying with UB = 281...
Span: 280 (281-1)
Time taken: 20.61s
Solution is valid.
--------------------------------
Trying with UB = 280...
Span: 279 (280-1)
Time taken: 21.63s
Solution is valid.
--------------------------------
Trying with UB = 279...
Span: 278 (279-1)
Time taken: 21.67s
Solution is valid.
--------------------------------
Trying with UB = 278...
Span: 277 (278-1)
Time taken: 21.75s
Solution is valid.
--------------------------------
Trying with UB = 277...
Span: 276 (277-1)
Time taken: 21.79s
Solution is valid.
--------------------------------
Trying with UB = 276...
Span: 275 (276-1)
Time taken: 21.82s
Solution is valid.
--------------------------------
Trying with UB = 275...
Span: 274 (275-1)
Time taken: 22.37s
Solution is valid.
--------------------------------
Trying with UB = 274...
Span: 273 (274-1)
Time taken: 22.41s
Solution is valid.
--------------------------------
Trying with UB = 273...
Span: 272 (273-1)
Time taken: 22.45s
Solution is valid.
--------------------------------
Trying with UB = 272...
Span: 271 (272-1)
Time taken: 22.48s
Solution is valid.
--------------------------------
Trying with UB = 271...
Span: 270 (271-1)
Time taken: 23.08s
Solution is valid.
--------------------------------
Trying with UB = 270...
Span: 269 (270-1)
Time taken: 23.12s
Solution is valid.
--------------------------------
Trying with UB = 269...
Span: 268 (269-1)
Time taken: 23.15s
Solution is valid.
--------------------------------
Trying with UB = 268...
Span: 267 (268-1)
Time taken: 23.68s
Solution is valid.
--------------------------------
Trying with UB = 267...
Span: 266 (267-1)
Time taken: 24.09s
Solution is valid.
--------------------------------
Trying with UB = 266...
Span: 265 (266-1)
Time taken: 24.96s
Solution is valid.
--------------------------------
Trying with UB = 265...
Span: 264 (265-1)
Time taken: 25.31s
Solution is valid.
--------------------------------
Trying with UB = 264...
Span: 263 (264-1)
Time taken: 26.01s
Solution is valid.
--------------------------------
Trying with UB = 263...
Span: 262 (263-1)
Time taken: 26.43s
Solution is valid.
--------------------------------
Trying with UB = 262...
Span: 261 (262-1)
Time taken: 27.58s
Solution is valid.
--------------------------------
Trying with UB = 261...
Span: 260 (261-1)
Time taken: 28.08s
Solution is valid.
--------------------------------
Trying with UB = 260...
Span: 259 (260-1)
Time taken: 28.93s
Solution is valid.
--------------------------------
Trying with UB = 259...
Span: 258 (259-1)
Time taken: 29.43s
Solution is valid.
--------------------------------
Trying with UB = 258...
[runlim] sample:		29.9 time, 30.1 real, 129.1 MB
Span: 257 (258-1)
Time taken: 30.26s
Solution is valid.
--------------------------------
Trying with UB = 257...
Span: 256 (257-1)
Time taken: 30.80s
Solution is valid.
--------------------------------
Trying with UB = 256...
Span: 255 (256-1)
Time taken: 31.19s
Solution is valid.
--------------------------------
Trying with UB = 255...
Span: 254 (255-1)
Time taken: 34.51s
Solution is valid.
--------------------------------
Trying with UB = 254...
[runlim] sample:		39.9 time, 40.1 real, 121.1 MB
Span: 253 (254-1)
Time taken: 43.97s
Solution is valid.
--------------------------------
Trying with UB = 253...
[runlim] sample:		49.9 time, 50.1 real, 135.7 MB
Span: 252 (253-1)
Time taken: 53.43s
Solution is valid.
--------------------------------
Trying with UB = 252...
[runlim] sample:		59.9 time, 60.1 real, 135.7 MB
[runlim] sample:		70.0 time, 70.1 real, 147.5 MB
[runlim] sample:		79.9 time, 80.1 real, 147.9 MB
[runlim] sample:		89.9 time, 90.1 real, 148.1 MB
[runlim] sample:		100.0 time, 100.1 real, 148.9 MB
[runlim] sample:		109.9 time, 110.1 real, 149.0 MB
[runlim] sample:		119.9 time, 120.1 real, 149.7 MB
[runlim] sample:		130.0 time, 130.1 real, 150.0 MB
[runlim] sample:		139.9 time, 140.1 real, 150.0 MB
[runlim] sample:		149.9 time, 150.1 real, 150.7 MB
[runlim] sample:		159.9 time, 160.1 real, 150.7 MB
[runlim] sample:		169.9 time, 170.1 real, 151.2 MB
[runlim] sample:		179.9 time, 180.1 real, 151.7 MB
[runlim] sample:		189.9 time, 190.1 real, 169.1 MB
[runlim] sample:		200.0 time, 200.1 real, 169.4 MB
[runlim] sample:		209.8 time, 210.1 real, 169.8 MB
[runlim] sample:		219.9 time, 220.1 real, 170.2 MB
[runlim] sample:		230.0 time, 230.1 real, 170.3 MB
[runlim] sample:		239.8 time, 240.1 real, 170.6 MB
[runlim] sample:		249.9 time, 250.1 real, 174.1 MB
[runlim] sample:		260.0 time, 260.1 real, 155.1 MB
[runlim] sample:		269.9 time, 270.1 real, 155.1 MB
[runlim] sample:		279.9 time, 280.1 real, 155.7 MB
[runlim] sample:		289.9 time, 290.1 real, 156.1 MB
[runlim] sample:		299.9 time, 300.1 real, 156.1 MB
[runlim] sample:		309.9 time, 310.1 real, 156.7 MB
[runlim] sample:		319.9 time, 320.1 real, 156.7 MB
[runlim] sample:		330.0 time, 330.1 real, 157.7 MB
[runlim] sample:		339.9 time, 340.1 real, 158.6 MB
[runlim] sample:		349.9 time, 350.1 real, 159.1 MB
[runlim] sample:		360.0 time, 360.1 real, 159.2 MB
[runlim] sample:		369.9 time, 370.1 real, 159.2 MB
[runlim] sample:		379.9 time, 380.1 real, 159.2 MB
[runlim] sample:		390.0 time, 390.1 real, 159.2 MB
[runlim] sample:		399.9 time, 400.1 real, 159.2 MB
[runlim] sample:		409.9 time, 410.1 real, 159.2 MB
[runlim] sample:		420.0 time, 420.1 real, 159.2 MB
[runlim] sample:		429.9 time, 430.1 real, 159.2 MB
[runlim] sample:		439.9 time, 440.1 real, 159.2 MB
[runlim] sample:		449.9 time, 450.1 real, 159.2 MB
[runlim] sample:		459.9 time, 460.1 real, 159.2 MB
[runlim] sample:		469.9 time, 470.1 real, 159.2 MB
[runlim] sample:		479.9 time, 480.1 real, 159.2 MB
[runlim] sample:		490.0 time, 490.1 real, 159.2 MB
[runlim] sample:		499.9 time, 500.1 real, 159.3 MB
[runlim] sample:		509.9 time, 510.1 real, 185.4 MB
[runlim] sample:		520.0 time, 520.1 real, 159.4 MB
[runlim] sample:		529.9 time, 530.1 real, 159.4 MB
[runlim] sample:		539.9 time, 540.1 real, 183.8 MB
[runlim] sample:		550.0 time, 550.1 real, 208.5 MB
[runlim] sample:		559.9 time, 560.1 real, 208.5 MB
[runlim] sample:		569.9 time, 570.1 real, 208.5 MB
[runlim] sample:		579.9 time, 580.1 real, 210.3 MB
[runlim] sample:		590.0 time, 590.1 real, 210.3 MB
[runlim] sample:		599.9 time, 600.1 real, 210.3 MB
[runlim] end:			Thu Mar 19 14:03:19 2026
[runlim] status:		out of time
[runlim] result:		2
[runlim] children:		0
[runlim] real:			600.09 seconds
[runlim] time:			599.85 seconds
[runlim] space:			210.3 MB
[runlim] samples:		6000
