[runlim] version:		1.10
[runlim] time limit:		311040000 seconds
[runlim] real time limit:	600 seconds
[runlim] space limit:		7759 MB
[runlim] argv[0]:		python3
[runlim] argv[1]:		-u
[runlim] argv[2]:		one_vertex.py
[runlim] argv[3]:		P8
[runlim] start:			Thu Mar 19 14:03:19 2026
[runlim] main pid:		2740
Greedy span: 542 (543-1)
Greedy solution is valid.
--------------------------------
Trying with UB = 542...
[runlim] sample:		10.0 time, 10.1 real, 207.9 MB
Span: 541 (542-1)
Time taken: 16.13s
Solution is valid.
--------------------------------
Trying with UB = 541...
Span: 540 (541-1)
Time taken: 18.53s
Solution is valid.
--------------------------------
Trying with UB = 540...
[runlim] sample:		20.1 time, 20.1 real, 203.8 MB
Span: 539 (540-1)
Time taken: 20.72s
Solution is valid.
--------------------------------
Trying with UB = 539...
Span: 538 (539-1)
Time taken: 28.00s
Solution is valid.
--------------------------------
Trying with UB = 538...
[runlim] sample:		30.0 time, 30.1 real, 203.0 MB
Span: 537 (538-1)
Time taken: 35.62s
Solution is valid.
--------------------------------
Trying with UB = 537...
Span: 536 (537-1)
Time taken: 35.70s
Solution is valid.
--------------------------------
Trying with UB = 536...
Span: 535 (536-1)
Time taken: 35.77s
Solution is valid.
--------------------------------
Trying with UB = 535...
Span: 534 (535-1)
Time taken: 35.83s
Solution is valid.
--------------------------------
Trying with UB = 534...
Span: 533 (534-1)
Time taken: 35.93s
Solution is valid.
--------------------------------
Trying with UB = 533...
Span: 532 (533-1)
Time taken: 35.99s
Solution is valid.
--------------------------------
Trying with UB = 532...
Span: 531 (532-1)
Time taken: 36.05s
Solution is valid.
--------------------------------
Trying with UB = 531...
Span: 530 (531-1)
Time taken: 36.12s
Solution is valid.
--------------------------------
Trying with UB = 530...
Span: 529 (530-1)
Time taken: 36.19s
Solution is valid.
--------------------------------
Trying with UB = 529...
Span: 527 (528-1)
Time taken: 36.26s
Solution is valid.
--------------------------------
Trying with UB = 527...
Span: 525 (526-1)
Time taken: 36.32s
Solution is valid.
--------------------------------
Trying with UB = 525...
Span: 524 (525-1)
Time taken: 36.38s
Solution is valid.
--------------------------------
Trying with UB = 524...
Span: 523 (524-1)
Time taken: 36.44s
Solution is valid.
--------------------------------
Trying with UB = 523...
Span: 522 (523-1)
Time taken: 39.54s
Solution is valid.
--------------------------------
Trying with UB = 522...
[runlim] sample:		40.0 time, 40.1 real, 207.2 MB
Span: 521 (522-1)
Time taken: 40.04s
Solution is valid.
--------------------------------
Trying with UB = 521...
Span: 520 (521-1)
Time taken: 40.11s
Solution is valid.
--------------------------------
Trying with UB = 520...
Span: 519 (520-1)
Time taken: 40.17s
Solution is valid.
--------------------------------
Trying with UB = 519...
Span: 518 (519-1)
Time taken: 40.23s
Solution is valid.
--------------------------------
Trying with UB = 518...
Span: 517 (518-1)
Time taken: 40.29s
Solution is valid.
--------------------------------
Trying with UB = 517...
Span: 516 (517-1)
Time taken: 40.92s
Solution is valid.
--------------------------------
Trying with UB = 516...
Span: 515 (516-1)
Time taken: 41.48s
Solution is valid.
--------------------------------
Trying with UB = 515...
Span: 514 (515-1)
Time taken: 43.76s
Solution is valid.
--------------------------------
Trying with UB = 514...
Span: 513 (514-1)
Time taken: 43.84s
Solution is valid.
--------------------------------
Trying with UB = 513...
Span: 512 (513-1)
Time taken: 43.90s
Solution is valid.
--------------------------------
Trying with UB = 512...
Span: 511 (512-1)
Time taken: 43.96s
Solution is valid.
--------------------------------
Trying with UB = 511...
Span: 510 (511-1)
Time taken: 44.02s
Solution is valid.
--------------------------------
Trying with UB = 510...
Span: 509 (510-1)
Time taken: 44.08s
Solution is valid.
--------------------------------
Trying with UB = 509...
Span: 508 (509-1)
Time taken: 45.15s
Solution is valid.
--------------------------------
Trying with UB = 508...
Span: 507 (508-1)
Time taken: 46.25s
Solution is valid.
--------------------------------
Trying with UB = 507...
Span: 506 (507-1)
Time taken: 46.99s
Solution is valid.
--------------------------------
Trying with UB = 506...
Span: 505 (506-1)
Time taken: 47.08s
Solution is valid.
--------------------------------
Trying with UB = 505...
Span: 504 (505-1)
Time taken: 47.14s
Solution is valid.
--------------------------------
Trying with UB = 504...
Span: 503 (504-1)
Time taken: 47.20s
Solution is valid.
--------------------------------
Trying with UB = 503...
Span: 502 (503-1)
Time taken: 47.77s
Solution is valid.
--------------------------------
Trying with UB = 502...
Span: 501 (502-1)
Time taken: 48.38s
Solution is valid.
--------------------------------
Trying with UB = 501...
Span: 500 (501-1)
Time taken: 48.46s
Solution is valid.
--------------------------------
Trying with UB = 500...
Span: 499 (500-1)
Time taken: 49.14s
Solution is valid.
--------------------------------
Trying with UB = 499...
Span: 498 (499-1)
Time taken: 49.21s
Solution is valid.
--------------------------------
Trying with UB = 498...
Span: 497 (498-1)
Time taken: 49.31s
Solution is valid.
--------------------------------
Trying with UB = 497...
[runlim] sample:		50.1 time, 50.1 real, 208.6 MB
Span: 496 (497-1)
Time taken: 51.82s
Solution is valid.
--------------------------------
Trying with UB = 496...
Span: 495 (496-1)
Time taken: 51.91s
Solution is valid.
--------------------------------
Trying with UB = 495...
Span: 494 (495-1)
Time taken: 51.97s
Solution is valid.
--------------------------------
Trying with UB = 494...
Span: 492 (493-1)
Time taken: 52.04s
Solution is valid.
--------------------------------
Trying with UB = 492...
Span: 491 (492-1)
Time taken: 52.72s
Solution is valid.
--------------------------------
Trying with UB = 491...
Span: 490 (491-1)
Time taken: 52.80s
Solution is valid.
--------------------------------
Trying with UB = 490...
Span: 489 (490-1)
Time taken: 52.86s
Solution is valid.
--------------------------------
Trying with UB = 489...
Span: 488 (489-1)
Time taken: 52.93s
Solution is valid.
--------------------------------
Trying with UB = 488...
Span: 487 (488-1)
Time taken: 53.00s
Solution is valid.
--------------------------------
Trying with UB = 487...
Span: 486 (487-1)
Time taken: 53.70s
Solution is valid.
--------------------------------
Trying with UB = 486...
Span: 485 (486-1)
Time taken: 53.82s
Solution is valid.
--------------------------------
Trying with UB = 485...
Span: 484 (485-1)
Time taken: 53.89s
Solution is valid.
--------------------------------
Trying with UB = 484...
Span: 483 (484-1)
Time taken: 53.95s
Solution is valid.
--------------------------------
Trying with UB = 483...
Span: 482 (483-1)
Time taken: 54.01s
Solution is valid.
--------------------------------
Trying with UB = 482...
Span: 481 (482-1)
Time taken: 54.07s
Solution is valid.
--------------------------------
Trying with UB = 481...
Span: 479 (480-1)
Time taken: 54.14s
Solution is valid.
--------------------------------
Trying with UB = 479...
Span: 478 (479-1)
Time taken: 54.29s
Solution is valid.
--------------------------------
Trying with UB = 478...
Span: 477 (478-1)
Time taken: 54.36s
Solution is valid.
--------------------------------
Trying with UB = 477...
Span: 476 (477-1)
Time taken: 54.42s
Solution is valid.
--------------------------------
Trying with UB = 476...
Span: 475 (476-1)
Time taken: 54.48s
Solution is valid.
--------------------------------
Trying with UB = 475...
Span: 474 (475-1)
Time taken: 58.43s
Solution is valid.
--------------------------------
Trying with UB = 474...
[runlim] sample:		60.0 time, 60.1 real, 205.7 MB
Span: 473 (474-1)
Time taken: 61.09s
Solution is valid.
--------------------------------
Trying with UB = 473...
Span: 472 (473-1)
Time taken: 61.93s
Solution is valid.
--------------------------------
Trying with UB = 472...
Span: 471 (472-1)
Time taken: 62.00s
Solution is valid.
--------------------------------
Trying with UB = 471...
Span: 470 (471-1)
Time taken: 62.06s
Solution is valid.
--------------------------------
Trying with UB = 470...
Span: 469 (470-1)
Time taken: 62.16s
Solution is valid.
--------------------------------
Trying with UB = 469...
Span: 468 (469-1)
Time taken: 62.22s
Solution is valid.
--------------------------------
Trying with UB = 468...
Span: 467 (468-1)
Time taken: 62.28s
Solution is valid.
--------------------------------
Trying with UB = 467...
Span: 466 (467-1)
Time taken: 62.34s
Solution is valid.
--------------------------------
Trying with UB = 466...
Span: 465 (466-1)
Time taken: 62.40s
Solution is valid.
--------------------------------
Trying with UB = 465...
Span: 464 (465-1)
Time taken: 62.46s
Solution is valid.
--------------------------------
Trying with UB = 464...
Span: 463 (464-1)
Time taken: 62.52s
Solution is valid.
--------------------------------
Trying with UB = 463...
Span: 462 (463-1)
Time taken: 62.58s
Solution is valid.
--------------------------------
Trying with UB = 462...
Span: 461 (462-1)
Time taken: 62.64s
Solution is valid.
--------------------------------
Trying with UB = 461...
Span: 460 (461-1)
Time taken: 63.86s
Solution is valid.
--------------------------------
Trying with UB = 460...
Span: 459 (460-1)
Time taken: 63.94s
Solution is valid.
--------------------------------
Trying with UB = 459...
Span: 457 (458-1)
Time taken: 63.99s
Solution is valid.
--------------------------------
Trying with UB = 457...
Span: 456 (457-1)
Time taken: 64.58s
Solution is valid.
--------------------------------
Trying with UB = 456...
Span: 455 (456-1)
Time taken: 64.65s
Solution is valid.
--------------------------------
Trying with UB = 455...
Span: 454 (455-1)
Time taken: 65.34s
Solution is valid.
--------------------------------
Trying with UB = 454...
Span: 453 (454-1)
Time taken: 66.08s
Solution is valid.
--------------------------------
Trying with UB = 453...
Span: 452 (453-1)
Time taken: 66.16s
Solution is valid.
--------------------------------
Trying with UB = 452...
Span: 451 (452-1)
Time taken: 66.22s
Solution is valid.
--------------------------------
Trying with UB = 451...
Span: 450 (451-1)
Time taken: 66.28s
Solution is valid.
--------------------------------
Trying with UB = 450...
Span: 449 (450-1)
Time taken: 67.02s
Solution is valid.
--------------------------------
Trying with UB = 449...
Span: 448 (449-1)
Time taken: 67.09s
Solution is valid.
--------------------------------
Trying with UB = 448...
Span: 447 (448-1)
Time taken: 67.15s
Solution is valid.
--------------------------------
Trying with UB = 447...
Span: 446 (447-1)
Time taken: 68.19s
Solution is valid.
--------------------------------
Trying with UB = 446...
[runlim] sample:		70.0 time, 70.1 real, 201.5 MB
Span: 445 (446-1)
Time taken: 70.32s
Solution is valid.
--------------------------------
Trying with UB = 445...
Span: 444 (445-1)
Time taken: 71.10s
Solution is valid.
--------------------------------
Trying with UB = 444...
Span: 443 (444-1)
Time taken: 71.65s
Solution is valid.
--------------------------------
Trying with UB = 443...
Span: 441 (442-1)
Time taken: 71.72s
Solution is valid.
--------------------------------
Trying with UB = 441...
Span: 440 (441-1)
Time taken: 72.81s
Solution is valid.
--------------------------------
Trying with UB = 440...
Span: 439 (440-1)
Time taken: 75.86s
Solution is valid.
--------------------------------
Trying with UB = 439...
[runlim] sample:		80.1 time, 80.1 real, 205.0 MB
Span: 438 (439-1)
Time taken: 86.96s
Solution is valid.
--------------------------------
Trying with UB = 438...
Span: 437 (438-1)
Time taken: 87.04s
Solution is valid.
--------------------------------
Trying with UB = 437...
[runlim] sample:		90.0 time, 90.1 real, 196.2 MB
Span: 436 (437-1)
Time taken: 97.59s
Solution is valid.
--------------------------------
Trying with UB = 436...
[runlim] sample:		100.0 time, 100.1 real, 196.3 MB
Span: 435 (436-1)
Time taken: 100.20s
Solution is valid.
--------------------------------
Trying with UB = 435...
Span: 434 (435-1)
Time taken: 101.21s
Solution is valid.
--------------------------------
Trying with UB = 434...
Span: 433 (434-1)
Time taken: 102.86s
Solution is valid.
--------------------------------
Trying with UB = 433...
Span: 432 (433-1)
Time taken: 103.99s
Solution is valid.
--------------------------------
Trying with UB = 432...
Span: 431 (432-1)
Time taken: 104.08s
Solution is valid.
--------------------------------
Trying with UB = 431...
Span: 430 (431-1)
Time taken: 104.14s
Solution is valid.
--------------------------------
Trying with UB = 430...
Span: 429 (430-1)
Time taken: 105.05s
Solution is valid.
--------------------------------
Trying with UB = 429...
Span: 428 (429-1)
Time taken: 105.86s
Solution is valid.
--------------------------------
Trying with UB = 428...
Span: 427 (428-1)
Time taken: 108.35s
Solution is valid.
--------------------------------
Trying with UB = 427...
[runlim] sample:		110.0 time, 110.1 real, 199.8 MB
[runlim] sample:		120.1 time, 120.1 real, 216.0 MB
[runlim] sample:		130.0 time, 130.1 real, 216.0 MB
[runlim] sample:		140.0 time, 140.1 real, 216.0 MB
[runlim] sample:		150.1 time, 150.1 real, 216.0 MB
[runlim] sample:		160.0 time, 160.1 real, 216.0 MB
Span: 426 (427-1)
Time taken: 160.58s
Solution is valid.
--------------------------------
Trying with UB = 426...
[runlim] sample:		170.0 time, 170.1 real, 214.3 MB
[runlim] sample:		180.1 time, 180.1 real, 225.5 MB
[runlim] sample:		190.0 time, 190.1 real, 213.0 MB
[runlim] sample:		200.0 time, 200.1 real, 213.0 MB
[runlim] sample:		210.1 time, 210.1 real, 213.0 MB
[runlim] sample:		220.0 time, 220.1 real, 213.0 MB
[runlim] sample:		230.0 time, 230.1 real, 190.5 MB
[runlim] sample:		240.1 time, 240.1 real, 192.7 MB
[runlim] sample:		250.1 time, 250.1 real, 195.3 MB
[runlim] sample:		260.0 time, 260.1 real, 196.0 MB
[runlim] sample:		270.0 time, 270.1 real, 188.7 MB
[runlim] sample:		280.1 time, 280.1 real, 160.5 MB
[runlim] sample:		290.0 time, 290.1 real, 184.4 MB
[runlim] sample:		300.0 time, 300.1 real, 209.2 MB
[runlim] sample:		310.1 time, 310.1 real, 209.2 MB
[runlim] sample:		320.0 time, 320.1 real, 212.8 MB
[runlim] sample:		330.0 time, 330.1 real, 212.8 MB
[runlim] sample:		340.1 time, 340.1 real, 215.7 MB
[runlim] sample:		350.0 time, 350.1 real, 215.7 MB
[runlim] sample:		360.0 time, 360.1 real, 218.0 MB
[runlim] sample:		370.1 time, 370.1 real, 218.0 MB
[runlim] sample:		380.1 time, 380.1 real, 220.3 MB
[runlim] sample:		390.0 time, 390.1 real, 220.3 MB
[runlim] sample:		400.0 time, 400.1 real, 225.5 MB
[runlim] sample:		410.1 time, 410.1 real, 225.5 MB
[runlim] sample:		420.0 time, 420.1 real, 180.9 MB
[runlim] sample:		430.0 time, 430.1 real, 184.1 MB
[runlim] sample:		440.1 time, 440.1 real, 195.6 MB
[runlim] sample:		450.0 time, 450.1 real, 185.1 MB
[runlim] sample:		460.0 time, 460.1 real, 182.5 MB
[runlim] sample:		470.1 time, 470.1 real, 276.2 MB
[runlim] sample:		480.0 time, 480.1 real, 239.4 MB
[runlim] sample:		490.0 time, 490.1 real, 245.3 MB
[runlim] sample:		500.1 time, 500.1 real, 239.3 MB
[runlim] sample:		510.1 time, 510.1 real, 274.1 MB
[runlim] sample:		520.0 time, 520.1 real, 286.5 MB
[runlim] sample:		530.0 time, 530.1 real, 240.2 MB
[runlim] sample:		540.1 time, 540.1 real, 230.8 MB
[runlim] sample:		550.0 time, 550.1 real, 259.6 MB
[runlim] sample:		560.0 time, 560.1 real, 259.5 MB
[runlim] sample:		570.1 time, 570.1 real, 277.3 MB
[runlim] sample:		580.0 time, 580.1 real, 273.9 MB
[runlim] sample:		590.0 time, 590.1 real, 250.9 MB
[runlim] sample:		600.1 time, 600.1 real, 257.1 MB
[runlim] end:			Thu Mar 19 14:13:19 2026
[runlim] status:		out of time
[runlim] result:		2
[runlim] children:		0
[runlim] real:			600.12 seconds
[runlim] time:			600.07 seconds
[runlim] space:			353.6 MB
[runlim] samples:		6000
