[runlim] version:		1.10
[runlim] time limit:		311040000 seconds
[runlim] real time limit:	600 seconds
[runlim] space limit:		7759 MB
[runlim] argv[0]:		python3
[runlim] argv[1]:		-u
[runlim] argv[2]:		one_vertex.py
[runlim] argv[3]:		P9
[runlim] start:			Thu Mar 19 14:13:19 2026
[runlim] main pid:		2745
Greedy span: 645 (646-1)
Greedy solution is valid.
--------------------------------
Trying with UB = 645...
Span: 644 (645-1)
Time taken: 5.01s
Solution is valid.
--------------------------------
Trying with UB = 644...
[runlim] sample:		9.9 time, 10.1 real, 266.5 MB
Span: 642 (644-2)
Time taken: 19.79s
Solution is valid.
--------------------------------
Trying with UB = 642...
[runlim] sample:		19.8 time, 20.1 real, 248.4 MB
Span: 641 (642-1)
Time taken: 24.48s
Solution is valid.
--------------------------------
Trying with UB = 641...
Span: 640 (641-1)
Time taken: 26.63s
Solution is valid.
--------------------------------
Trying with UB = 640...
[runlim] sample:		29.9 time, 30.1 real, 258.9 MB
Span: 639 (640-1)
Time taken: 30.31s
Solution is valid.
--------------------------------
Trying with UB = 639...
[runlim] sample:		39.9 time, 40.1 real, 260.3 MB
Span: 638 (639-1)
Time taken: 41.36s
Solution is valid.
--------------------------------
Trying with UB = 638...
Span: 637 (638-1)
Time taken: 41.44s
Solution is valid.
--------------------------------
Trying with UB = 637...
Span: 636 (637-1)
Time taken: 42.17s
Solution is valid.
--------------------------------
Trying with UB = 636...
Span: 635 (636-1)
Time taken: 45.17s
Solution is valid.
--------------------------------
Trying with UB = 635...
Span: 634 (635-1)
Time taken: 45.89s
Solution is valid.
--------------------------------
Trying with UB = 634...
Span: 633 (634-1)
Time taken: 45.97s
Solution is valid.
--------------------------------
Trying with UB = 633...
Span: 632 (633-1)
Time taken: 46.04s
Solution is valid.
--------------------------------
Trying with UB = 632...
Span: 631 (632-1)
Time taken: 47.40s
Solution is valid.
--------------------------------
Trying with UB = 631...
[runlim] sample:		49.8 time, 50.1 real, 247.9 MB
Span: 630 (631-1)
Time taken: 50.38s
Solution is valid.
--------------------------------
Trying with UB = 630...
Span: 629 (630-1)
Time taken: 50.46s
Solution is valid.
--------------------------------
Trying with UB = 629...
Span: 628 (629-1)
Time taken: 50.53s
Solution is valid.
--------------------------------
Trying with UB = 628...
Span: 626 (628-2)
Time taken: 54.40s
Solution is valid.
--------------------------------
Trying with UB = 626...
Span: 624 (626-2)
Time taken: 54.49s
Solution is valid.
--------------------------------
Trying with UB = 624...
Span: 623 (624-1)
Time taken: 55.58s
Solution is valid.
--------------------------------
Trying with UB = 623...
Span: 622 (623-1)
Time taken: 55.65s
Solution is valid.
--------------------------------
Trying with UB = 622...
Span: 620 (621-1)
Time taken: 55.72s
Solution is valid.
--------------------------------
Trying with UB = 620...
Span: 618 (619-1)
Time taken: 55.79s
Solution is valid.
--------------------------------
Trying with UB = 618...
Span: 617 (618-1)
Time taken: 55.86s
Solution is valid.
--------------------------------
Trying with UB = 617...
Span: 615 (616-1)
Time taken: 55.95s
Solution is valid.
--------------------------------
Trying with UB = 615...
Span: 614 (615-1)
Time taken: 56.02s
Solution is valid.
--------------------------------
Trying with UB = 614...
Span: 613 (614-1)
Time taken: 56.09s
Solution is valid.
--------------------------------
Trying with UB = 613...
Span: 612 (613-1)
Time taken: 56.85s
Solution is valid.
--------------------------------
Trying with UB = 612...
Span: 611 (612-1)
Time taken: 57.66s
Solution is valid.
--------------------------------
Trying with UB = 611...
Span: 610 (611-1)
Time taken: 58.51s
Solution is valid.
--------------------------------
Trying with UB = 610...
Span: 609 (610-1)
Time taken: 58.59s
Solution is valid.
--------------------------------
Trying with UB = 609...
Span: 608 (609-1)
Time taken: 58.66s
Solution is valid.
--------------------------------
Trying with UB = 608...
Span: 607 (608-1)
Time taken: 58.73s
Solution is valid.
--------------------------------
Trying with UB = 607...
Span: 606 (607-1)
Time taken: 58.80s
Solution is valid.
--------------------------------
Trying with UB = 606...
Span: 605 (606-1)
Time taken: 58.87s
Solution is valid.
--------------------------------
Trying with UB = 605...
[runlim] sample:		59.9 time, 60.1 real, 254.0 MB
Span: 604 (605-1)
Time taken: 62.15s
Solution is valid.
--------------------------------
Trying with UB = 604...
Span: 603 (604-1)
Time taken: 62.23s
Solution is valid.
--------------------------------
Trying with UB = 603...
Span: 602 (603-1)
Time taken: 62.31s
Solution is valid.
--------------------------------
Trying with UB = 602...
Span: 601 (602-1)
Time taken: 62.38s
Solution is valid.
--------------------------------
Trying with UB = 601...
Span: 599 (600-1)
Time taken: 62.46s
Solution is valid.
--------------------------------
Trying with UB = 599...
Span: 597 (598-1)
Time taken: 62.53s
Solution is valid.
--------------------------------
Trying with UB = 597...
Span: 596 (597-1)
Time taken: 64.21s
Solution is valid.
--------------------------------
Trying with UB = 596...
Span: 595 (596-1)
Time taken: 64.28s
Solution is valid.
--------------------------------
Trying with UB = 595...
Span: 594 (595-1)
Time taken: 64.35s
Solution is valid.
--------------------------------
Trying with UB = 594...
Span: 593 (594-1)
Time taken: 65.03s
Solution is valid.
--------------------------------
Trying with UB = 593...
Span: 592 (593-1)
Time taken: 65.11s
Solution is valid.
--------------------------------
Trying with UB = 592...
Span: 591 (592-1)
Time taken: 65.95s
Solution is valid.
--------------------------------
Trying with UB = 591...
Span: 590 (591-1)
Time taken: 66.87s
Solution is valid.
--------------------------------
Trying with UB = 590...
Span: 589 (590-1)
Time taken: 66.95s
Solution is valid.
--------------------------------
Trying with UB = 589...
Span: 588 (589-1)
Time taken: 67.02s
Solution is valid.
--------------------------------
Trying with UB = 588...
Span: 587 (588-1)
Time taken: 69.94s
Solution is valid.
--------------------------------
Trying with UB = 587...
[runlim] sample:		70.0 time, 70.1 real, 221.4 MB
Span: 586 (587-1)
Time taken: 71.41s
Solution is valid.
--------------------------------
Trying with UB = 586...
Span: 585 (586-1)
Time taken: 71.50s
Solution is valid.
--------------------------------
Trying with UB = 585...
Span: 584 (585-1)
Time taken: 74.80s
Solution is valid.
--------------------------------
Trying with UB = 584...
Span: 583 (584-1)
Time taken: 77.77s
Solution is valid.
--------------------------------
Trying with UB = 583...
Span: 582 (583-1)
Time taken: 77.85s
Solution is valid.
--------------------------------
Trying with UB = 582...
Span: 581 (582-1)
Time taken: 77.92s
Solution is valid.
--------------------------------
Trying with UB = 581...
Span: 580 (581-1)
Time taken: 77.99s
Solution is valid.
--------------------------------
Trying with UB = 580...
Span: 578 (579-1)
Time taken: 78.07s
Solution is valid.
--------------------------------
Trying with UB = 578...
Span: 577 (578-1)
Time taken: 78.14s
Solution is valid.
--------------------------------
Trying with UB = 577...
Span: 576 (577-1)
Time taken: 78.32s
Solution is valid.
--------------------------------
Trying with UB = 576...
Span: 575 (576-1)
Time taken: 78.38s
Solution is valid.
--------------------------------
Trying with UB = 575...
Span: 574 (575-1)
Time taken: 78.45s
Solution is valid.
--------------------------------
Trying with UB = 574...
[runlim] sample:		79.8 time, 80.1 real, 261.6 MB
Span: 573 (574-1)
Time taken: 81.48s
Solution is valid.
--------------------------------
Trying with UB = 573...
Span: 571 (572-1)
Time taken: 81.57s
Solution is valid.
--------------------------------
Trying with UB = 571...
Span: 570 (571-1)
Time taken: 81.64s
Solution is valid.
--------------------------------
Trying with UB = 570...
Span: 569 (570-1)
Time taken: 85.44s
Solution is valid.
--------------------------------
Trying with UB = 569...
Span: 568 (569-1)
Time taken: 85.52s
Solution is valid.
--------------------------------
Trying with UB = 568...
Span: 567 (568-1)
Time taken: 88.88s
Solution is valid.
--------------------------------
Trying with UB = 567...
[runlim] sample:		89.9 time, 90.1 real, 264.5 MB
Span: 566 (567-1)
Time taken: 91.64s
Solution is valid.
--------------------------------
Trying with UB = 566...
Span: 565 (566-1)
Time taken: 91.73s
Solution is valid.
--------------------------------
Trying with UB = 565...
Span: 564 (565-1)
Time taken: 91.82s
Solution is valid.
--------------------------------
Trying with UB = 564...
[runlim] sample:		100.0 time, 100.1 real, 256.7 MB
Span: 563 (564-1)
Time taken: 103.20s
Solution is valid.
--------------------------------
Trying with UB = 563...
Span: 562 (563-1)
Time taken: 103.29s
Solution is valid.
--------------------------------
Trying with UB = 562...
[runlim] sample:		109.8 time, 110.1 real, 266.1 MB
Span: 561 (562-1)
Time taken: 114.51s
Solution is valid.
--------------------------------
Trying with UB = 561...
Span: 560 (561-1)
Time taken: 115.46s
Solution is valid.
--------------------------------
Trying with UB = 560...
Span: 559 (560-1)
Time taken: 115.54s
Solution is valid.
--------------------------------
Trying with UB = 559...
Span: 558 (559-1)
Time taken: 115.61s
Solution is valid.
--------------------------------
Trying with UB = 558...
Span: 557 (558-1)
Time taken: 118.93s
Solution is valid.
--------------------------------
Trying with UB = 557...
Span: 556 (557-1)
Time taken: 119.89s
Solution is valid.
--------------------------------
Trying with UB = 556...
[runlim] sample:		119.8 time, 120.1 real, 266.6 MB
Span: 555 (556-1)
Time taken: 123.05s
Solution is valid.
--------------------------------
Trying with UB = 555...
[runlim] sample:		129.9 time, 130.1 real, 278.0 MB
Span: 554 (555-1)
Time taken: 134.37s
Solution is valid.
--------------------------------
Trying with UB = 554...
[runlim] sample:		139.9 time, 140.1 real, 252.9 MB
Span: 553 (554-1)
Time taken: 146.13s
Solution is valid.
--------------------------------
Trying with UB = 553...
[runlim] sample:		149.8 time, 150.1 real, 265.7 MB
Span: 552 (553-1)
Time taken: 158.85s
Solution is valid.
--------------------------------
Trying with UB = 552...
[runlim] sample:		159.9 time, 160.1 real, 295.3 MB
[runlim] sample:		169.9 time, 170.1 real, 257.6 MB
Span: 551 (552-1)
Time taken: 178.26s
Solution is valid.
--------------------------------
Trying with UB = 551...
[runlim] sample:		179.8 time, 180.1 real, 261.8 MB
Span: 550 (551-1)
Time taken: 181.56s
Solution is valid.
--------------------------------
Trying with UB = 550...
[runlim] sample:		189.9 time, 190.1 real, 275.7 MB
Span: 549 (550-1)
Time taken: 195.19s
Solution is valid.
--------------------------------
Trying with UB = 549...
[runlim] sample:		200.0 time, 200.1 real, 225.6 MB
Span: 548 (549-1)
Time taken: 208.01s
Solution is valid.
--------------------------------
Trying with UB = 548...
Span: 547 (548-1)
Time taken: 208.94s
Solution is valid.
--------------------------------
Trying with UB = 547...
[runlim] sample:		209.8 time, 210.1 real, 271.1 MB
[runlim] sample:		219.9 time, 220.1 real, 271.1 MB
[runlim] sample:		230.0 time, 230.1 real, 224.8 MB
Span: 546 (547-1)
Time taken: 239.36s
Solution is valid.
--------------------------------
Trying with UB = 546...
Span: 545 (546-1)
Time taken: 239.46s
Solution is valid.
--------------------------------
Trying with UB = 545...
[runlim] sample:		239.8 time, 240.1 real, 231.3 MB
[runlim] sample:		249.9 time, 250.1 real, 243.3 MB
[runlim] sample:		259.9 time, 260.1 real, 297.1 MB
[runlim] sample:		269.9 time, 270.1 real, 281.0 MB
[runlim] sample:		279.8 time, 280.1 real, 243.3 MB
[runlim] sample:		289.9 time, 290.1 real, 274.2 MB
[runlim] sample:		299.9 time, 300.1 real, 275.8 MB
[runlim] sample:		309.8 time, 310.1 real, 275.9 MB
Span: 544 (545-1)
Time taken: 319.45s
Solution is valid.
--------------------------------
Trying with UB = 544...
[runlim] sample:		319.9 time, 320.1 real, 213.8 MB
[runlim] sample:		330.0 time, 330.1 real, 212.6 MB
Span: 543 (544-1)
Time taken: 332.63s
Solution is valid.
--------------------------------
Trying with UB = 543...
[runlim] sample:		339.8 time, 340.1 real, 262.4 MB
[runlim] sample:		349.9 time, 350.1 real, 233.1 MB
[runlim] sample:		360.0 time, 360.1 real, 233.1 MB
[runlim] sample:		369.8 time, 370.1 real, 265.6 MB
[runlim] sample:		379.9 time, 380.1 real, 233.1 MB
[runlim] sample:		389.9 time, 390.1 real, 233.1 MB
[runlim] sample:		399.9 time, 400.1 real, 233.1 MB
Span: 542 (543-1)
Time taken: 401.19s
Solution is valid.
--------------------------------
Trying with UB = 542...
[runlim] sample:		409.8 time, 410.1 real, 253.8 MB
Span: 541 (542-1)
Time taken: 415.54s
Solution is valid.
--------------------------------
Trying with UB = 541...
[runlim] sample:		419.9 time, 420.1 real, 223.2 MB
[runlim] sample:		429.9 time, 430.1 real, 274.5 MB
[runlim] sample:		439.8 time, 440.1 real, 277.0 MB
[runlim] sample:		449.9 time, 450.1 real, 239.3 MB
[runlim] sample:		459.9 time, 460.1 real, 274.7 MB
[runlim] sample:		469.8 time, 470.1 real, 239.3 MB
Span: 540 (541-1)
Time taken: 475.70s
Solution is valid.
--------------------------------
Trying with UB = 540...
[runlim] sample:		479.9 time, 480.1 real, 217.2 MB
[runlim] sample:		490.0 time, 490.1 real, 237.2 MB
[runlim] sample:		499.8 time, 500.1 real, 239.6 MB
[runlim] sample:		509.9 time, 510.1 real, 237.8 MB
[runlim] sample:		519.9 time, 520.1 real, 244.5 MB
[runlim] sample:		529.9 time, 530.1 real, 245.3 MB
[runlim] sample:		539.8 time, 540.1 real, 248.8 MB
[runlim] sample:		549.9 time, 550.1 real, 248.0 MB
[runlim] sample:		559.9 time, 560.1 real, 245.5 MB
[runlim] sample:		569.8 time, 570.1 real, 255.3 MB
[runlim] sample:		579.9 time, 580.1 real, 243.0 MB
[runlim] sample:		590.0 time, 590.1 real, 244.7 MB
[runlim] end:			Thu Mar 19 14:23:19 2026
[runlim] status:		out of time
[runlim] result:		2
[runlim] children:		0
[runlim] real:			600.04 seconds
[runlim] time:			599.73 seconds
[runlim] space:			315.2 MB
[runlim] samples:		5999
