[runlim] version:		1.10
[runlim] time limit:		311040000 seconds
[runlim] real time limit:	1200 seconds
[runlim] space limit:		7759 MB
[runlim] argv[0]:		python3
[runlim] argv[1]:		-u
[runlim] argv[2]:		main.py
[runlim] argv[3]:		P2
[runlim] start:			Wed Mar 18 13:37:19 2026
[runlim] main pid:		6867
Greedy UB: 348
Greedy solution is valid.
Trying with UB = 347...
Span: 347 (347-1)
Solution is valid.
Time taken: 1.25 seconds
Trying with UB = 346...
Span: 346 (346-1)
Solution is valid.
Time taken: 5.04 seconds
Trying with UB = 345...
Span: 345 (345-1)
Solution is valid.
Time taken: 8.38 seconds
Trying with UB = 344...
Span: 344 (344-1)
Solution is valid.
Time taken: 9.63 seconds
Trying with UB = 343...
[runlim] sample:		9.9 time, 10.1 real, 265.8 MB
Span: 343 (343-1)
Solution is valid.
Time taken: 12.70 seconds
Trying with UB = 342...
Span: 342 (342-1)
Solution is valid.
Time taken: 13.81 seconds
Trying with UB = 341...
Span: 341 (341-1)
Solution is valid.
Time taken: 17.26 seconds
Trying with UB = 340...
[runlim] sample:		20.0 time, 20.1 real, 269.5 MB
Span: 340 (340-1)
Solution is valid.
Time taken: 21.06 seconds
Trying with UB = 339...
[runlim] sample:		30.0 time, 30.1 real, 269.9 MB
Span: 339 (339-1)
Solution is valid.
Time taken: 35.73 seconds
Trying with UB = 338...
Span: 338 (338-1)
Solution is valid.
Time taken: 38.62 seconds
Trying with UB = 337...
[runlim] sample:		40.0 time, 40.1 real, 265.1 MB
Span: 337 (337-1)
Solution is valid.
Time taken: 48.55 seconds
Trying with UB = 336...
Span: 336 (336-1)
Solution is valid.
Time taken: 48.69 seconds
Trying with UB = 335...
Span: 335 (335-1)
Solution is valid.
Time taken: 49.06 seconds
Trying with UB = 334...
[runlim] sample:		50.0 time, 50.1 real, 268.5 MB
Span: 334 (334-1)
Solution is valid.
Time taken: 53.23 seconds
Trying with UB = 333...
Span: 333 (333-1)
Solution is valid.
Time taken: 54.45 seconds
Trying with UB = 332...
Span: 332 (332-1)
Solution is valid.
Time taken: 56.28 seconds
Trying with UB = 331...
[runlim] sample:		60.0 time, 60.1 real, 268.5 MB
Span: 331 (331-1)
Solution is valid.
Time taken: 60.67 seconds
Trying with UB = 330...
Span: 330 (330-1)
Solution is valid.
Time taken: 60.80 seconds
Trying with UB = 329...
Span: 329 (329-1)
Solution is valid.
Time taken: 61.88 seconds
Trying with UB = 328...
Span: 328 (328-1)
Solution is valid.
Time taken: 66.27 seconds
Trying with UB = 327...
[runlim] sample:		70.0 time, 70.1 real, 294.9 MB
[runlim] sample:		79.9 time, 80.1 real, 295.0 MB
Span: 327 (327-1)
Solution is valid.
Time taken: 81.52 seconds
Trying with UB = 326...
Span: 326 (326-1)
Solution is valid.
Time taken: 81.66 seconds
Trying with UB = 325...
Span: 325 (325-1)
Solution is valid.
Time taken: 81.79 seconds
Trying with UB = 324...
Span: 324 (324-1)
Solution is valid.
Time taken: 81.95 seconds
Trying with UB = 323...
Span: 323 (323-1)
Solution is valid.
Time taken: 82.08 seconds
Trying with UB = 322...
Span: 322 (322-1)
Solution is valid.
Time taken: 82.20 seconds
Trying with UB = 321...
Span: 321 (321-1)
Solution is valid.
Time taken: 86.40 seconds
Trying with UB = 320...
Span: 320 (320-1)
Solution is valid.
Time taken: 86.59 seconds
Trying with UB = 319...
Span: 319 (319-1)
Solution is valid.
Time taken: 86.74 seconds
Trying with UB = 318...
Span: 318 (318-1)
Solution is valid.
Time taken: 86.86 seconds
Trying with UB = 317...
[runlim] sample:		90.0 time, 90.1 real, 268.5 MB
Span: 317 (317-1)
Solution is valid.
Time taken: 92.64 seconds
Trying with UB = 316...
Span: 316 (316-1)
Solution is valid.
Time taken: 93.90 seconds
Trying with UB = 315...
Span: 315 (315-1)
Solution is valid.
Time taken: 95.32 seconds
Trying with UB = 314...
Span: 314 (314-1)
Solution is valid.
Time taken: 96.25 seconds
Trying with UB = 313...
Span: 313 (313-1)
Solution is valid.
Time taken: 96.39 seconds
Trying with UB = 312...
Span: 312 (312-1)
Solution is valid.
Time taken: 96.52 seconds
Trying with UB = 311...
Span: 311 (311-1)
Solution is valid.
Time taken: 96.66 seconds
Trying with UB = 310...
Span: 310 (310-1)
Solution is valid.
Time taken: 96.79 seconds
Trying with UB = 309...
Span: 309 (309-1)
Solution is valid.
Time taken: 96.91 seconds
Trying with UB = 308...
Span: 308 (308-1)
Solution is valid.
Time taken: 97.03 seconds
Trying with UB = 307...
Span: 307 (307-1)
Solution is valid.
Time taken: 97.94 seconds
Trying with UB = 306...
Span: 306 (306-1)
Solution is valid.
Time taken: 98.14 seconds
Trying with UB = 305...
Span: 305 (305-1)
Solution is valid.
Time taken: 99.91 seconds
Trying with UB = 304...
[runlim] sample:		100.0 time, 100.1 real, 292.5 MB
Span: 304 (304-1)
Solution is valid.
Time taken: 100.05 seconds
Trying with UB = 303...
Span: 303 (303-1)
Solution is valid.
Time taken: 101.98 seconds
Trying with UB = 302...
Span: 302 (302-1)
Solution is valid.
Time taken: 109.28 seconds
Trying with UB = 301...
Span: 301 (301-1)
Solution is valid.
Time taken: 109.42 seconds
Trying with UB = 300...
Span: 300 (300-1)
Solution is valid.
Time taken: 109.56 seconds
Trying with UB = 299...
Span: 299 (299-1)
Solution is valid.
Time taken: 109.68 seconds
Trying with UB = 298...
Span: 298 (298-1)
Solution is valid.
Time taken: 109.80 seconds
Trying with UB = 297...
Span: 297 (297-1)
Solution is valid.
Time taken: 109.93 seconds
Trying with UB = 296...
[runlim] sample:		110.0 time, 110.1 real, 266.8 MB
Span: 296 (296-1)
Solution is valid.
Time taken: 111.84 seconds
Trying with UB = 295...
Span: 295 (295-1)
Solution is valid.
Time taken: 111.98 seconds
Trying with UB = 294...
Span: 294 (294-1)
Solution is valid.
Time taken: 114.28 seconds
Trying with UB = 293...
Span: 293 (293-1)
Solution is valid.
Time taken: 114.42 seconds
Trying with UB = 292...
Span: 292 (292-1)
Solution is valid.
Time taken: 114.70 seconds
Trying with UB = 291...
Span: 291 (291-1)
Solution is valid.
Time taken: 114.81 seconds
Trying with UB = 290...
Span: 290 (290-1)
Solution is valid.
Time taken: 114.94 seconds
Trying with UB = 289...
[runlim] sample:		119.9 time, 120.1 real, 269.0 MB
Span: 289 (289-1)
Solution is valid.
Time taken: 121.58 seconds
Trying with UB = 288...
Span: 288 (288-1)
Solution is valid.
Time taken: 123.36 seconds
Trying with UB = 287...
Span: 287 (287-1)
Solution is valid.
Time taken: 123.52 seconds
Trying with UB = 286...
Span: 286 (286-1)
Solution is valid.
Time taken: 126.57 seconds
Trying with UB = 285...
[runlim] sample:		129.9 time, 130.1 real, 269.0 MB
Span: 285 (285-1)
Solution is valid.
Time taken: 131.64 seconds
Trying with UB = 284...
Span: 284 (284-1)
Solution is valid.
Time taken: 131.81 seconds
Trying with UB = 283...
Span: 283 (283-1)
Solution is valid.
Time taken: 133.67 seconds
Trying with UB = 282...
[runlim] sample:		139.8 time, 140.1 real, 297.1 MB
Span: 282 (282-1)
Solution is valid.
Time taken: 141.65 seconds
Trying with UB = 281...
Span: 281 (281-1)
Solution is valid.
Time taken: 141.78 seconds
Trying with UB = 280...
Span: 280 (280-1)
Solution is valid.
Time taken: 141.90 seconds
Trying with UB = 279...
Span: 279 (279-1)
Solution is valid.
Time taken: 149.55 seconds
Trying with UB = 278...
[runlim] sample:		150.0 time, 150.1 real, 269.0 MB
Span: 278 (278-1)
Solution is valid.
Time taken: 150.07 seconds
Trying with UB = 277...
Span: 277 (277-1)
Solution is valid.
Time taken: 150.19 seconds
Trying with UB = 276...
Span: 276 (276-1)
Solution is valid.
Time taken: 151.88 seconds
Trying with UB = 275...
Span: 275 (275-1)
Solution is valid.
Time taken: 157.60 seconds
Trying with UB = 274...
[runlim] sample:		160.0 time, 160.1 real, 269.1 MB
Span: 274 (274-1)
Solution is valid.
Time taken: 163.94 seconds
Trying with UB = 273...
Span: 273 (273-1)
Solution is valid.
Time taken: 164.39 seconds
Trying with UB = 272...
[runlim] sample:		170.0 time, 170.1 real, 269.0 MB
Span: 272 (272-1)
Solution is valid.
Time taken: 170.34 seconds
Trying with UB = 271...
[runlim] sample:		180.0 time, 180.1 real, 297.5 MB
[runlim] sample:		190.0 time, 190.1 real, 297.5 MB
Span: 271 (271-1)
Solution is valid.
Time taken: 197.84 seconds
Trying with UB = 270...
[runlim] sample:		199.9 time, 200.1 real, 304.7 MB
[runlim] sample:		209.9 time, 210.1 real, 297.7 MB
[runlim] sample:		220.0 time, 220.1 real, 297.7 MB
Span: 270 (270-1)
Solution is valid.
Time taken: 220.03 seconds
Trying with UB = 269...
Span: 269 (269-1)
Solution is valid.
Time taken: 222.01 seconds
Trying with UB = 268...
Span: 268 (268-1)
Solution is valid.
Time taken: 224.45 seconds
Trying with UB = 267...
Span: 267 (267-1)
Solution is valid.
Time taken: 229.06 seconds
Trying with UB = 266...
[runlim] sample:		230.0 time, 230.1 real, 297.7 MB
[runlim] sample:		239.9 time, 240.1 real, 297.9 MB
[runlim] sample:		250.0 time, 250.1 real, 297.9 MB
[runlim] sample:		260.0 time, 260.1 real, 297.9 MB
Span: 266 (266-1)
Solution is valid.
Time taken: 261.16 seconds
Trying with UB = 265...
[runlim] sample:		269.9 time, 270.1 real, 298.0 MB
Span: 265 (265-1)
Solution is valid.
Time taken: 272.00 seconds
Trying with UB = 264...
Span: 264 (264-1)
Solution is valid.
Time taken: 276.62 seconds
Trying with UB = 263...
[runlim] sample:		279.9 time, 280.1 real, 269.0 MB
[runlim] sample:		290.0 time, 290.1 real, 298.2 MB
Span: 263 (263-1)
Solution is valid.
Time taken: 296.41 seconds
Trying with UB = 262...
[runlim] sample:		299.9 time, 300.1 real, 303.6 MB
[runlim] sample:		309.9 time, 310.1 real, 298.2 MB
Span: 262 (262-1)
Solution is valid.
Time taken: 312.04 seconds
Trying with UB = 261...
[runlim] sample:		320.0 time, 320.1 real, 298.2 MB
[runlim] sample:		329.9 time, 330.1 real, 298.2 MB
[runlim] sample:		339.9 time, 340.1 real, 298.3 MB
[runlim] sample:		350.0 time, 350.1 real, 298.3 MB
[runlim] sample:		359.9 time, 360.1 real, 298.3 MB
[runlim] sample:		369.9 time, 370.1 real, 298.3 MB
[runlim] sample:		380.0 time, 380.1 real, 298.3 MB
[runlim] sample:		389.9 time, 390.1 real, 298.3 MB
Span: 261 (261-1)
Solution is valid.
Time taken: 390.50 seconds
Trying with UB = 260...
[runlim] sample:		399.9 time, 400.1 real, 269.0 MB
[runlim] sample:		409.9 time, 410.1 real, 298.3 MB
Span: 260 (260-1)
Solution is valid.
Time taken: 418.79 seconds
Trying with UB = 259...
[runlim] sample:		420.0 time, 420.1 real, 269.0 MB
[runlim] sample:		429.9 time, 430.1 real, 298.3 MB
[runlim] sample:		439.9 time, 440.1 real, 298.3 MB
[runlim] sample:		450.0 time, 450.1 real, 298.4 MB
[runlim] sample:		459.9 time, 460.1 real, 298.4 MB
[runlim] sample:		469.9 time, 470.1 real, 298.4 MB
[runlim] sample:		479.9 time, 480.1 real, 298.4 MB
Span: 259 (259-1)
Solution is valid.
Time taken: 489.61 seconds
Trying with UB = 258...
[runlim] sample:		489.9 time, 490.1 real, 309.7 MB
[runlim] sample:		499.9 time, 500.1 real, 298.5 MB
[runlim] sample:		510.0 time, 510.1 real, 298.5 MB
[runlim] sample:		520.0 time, 520.1 real, 298.5 MB
Span: 258 (258-1)
Solution is valid.
Time taken: 520.87 seconds
Trying with UB = 257...
[runlim] sample:		529.9 time, 530.1 real, 269.0 MB
[runlim] sample:		539.9 time, 540.1 real, 298.5 MB
[runlim] sample:		550.0 time, 550.1 real, 298.5 MB
[runlim] sample:		559.9 time, 560.1 real, 369.6 MB
[runlim] sample:		569.9 time, 570.1 real, 298.6 MB
[runlim] sample:		579.9 time, 580.1 real, 298.6 MB
[runlim] sample:		589.9 time, 590.1 real, 298.6 MB
[runlim] sample:		599.9 time, 600.1 real, 298.6 MB
[runlim] sample:		609.9 time, 610.1 real, 360.9 MB
[runlim] sample:		619.9 time, 620.1 real, 354.3 MB
[runlim] sample:		629.9 time, 630.1 real, 357.4 MB
[runlim] sample:		639.9 time, 640.1 real, 357.4 MB
[runlim] sample:		649.9 time, 650.1 real, 364.1 MB
[runlim] sample:		659.9 time, 660.1 real, 298.6 MB
[runlim] sample:		669.9 time, 670.1 real, 298.6 MB
[runlim] sample:		679.8 time, 680.1 real, 349.8 MB
[runlim] sample:		689.9 time, 690.1 real, 368.1 MB
[runlim] sample:		699.9 time, 700.1 real, 368.1 MB
[runlim] sample:		709.9 time, 710.1 real, 298.7 MB
[runlim] sample:		719.9 time, 720.1 real, 298.7 MB
[runlim] sample:		729.9 time, 730.1 real, 330.8 MB
[runlim] sample:		740.0 time, 740.1 real, 298.7 MB
[runlim] sample:		750.0 time, 750.1 real, 332.1 MB
[runlim] sample:		759.9 time, 760.1 real, 298.7 MB
[runlim] sample:		769.9 time, 770.1 real, 298.7 MB
[runlim] sample:		779.9 time, 780.1 real, 332.6 MB
[runlim] sample:		789.9 time, 790.1 real, 298.7 MB
[runlim] sample:		799.9 time, 800.1 real, 333.6 MB
[runlim] sample:		809.9 time, 810.1 real, 298.7 MB
[runlim] sample:		819.9 time, 820.1 real, 333.7 MB
[runlim] sample:		829.9 time, 830.1 real, 298.7 MB
[runlim] sample:		839.9 time, 840.1 real, 334.7 MB
[runlim] sample:		849.9 time, 850.1 real, 334.7 MB
[runlim] sample:		859.9 time, 860.1 real, 298.7 MB
[runlim] sample:		869.9 time, 870.1 real, 335.5 MB
[runlim] sample:		879.9 time, 880.1 real, 298.7 MB
[runlim] sample:		889.9 time, 890.1 real, 365.4 MB
[runlim] sample:		899.9 time, 900.1 real, 365.4 MB
[runlim] sample:		909.9 time, 910.1 real, 376.3 MB
[runlim] sample:		919.9 time, 920.1 real, 391.3 MB
[runlim] sample:		929.9 time, 930.1 real, 358.4 MB
[runlim] sample:		939.9 time, 940.1 real, 298.8 MB
[runlim] sample:		949.9 time, 950.1 real, 363.1 MB
[runlim] sample:		959.9 time, 960.1 real, 363.1 MB
[runlim] sample:		969.9 time, 970.1 real, 368.7 MB
[runlim] sample:		979.9 time, 980.1 real, 368.7 MB
[runlim] sample:		989.8 time, 990.1 real, 372.0 MB
[runlim] sample:		999.9 time, 1000.1 real, 372.0 MB
[runlim] sample:		1009.9 time, 1010.1 real, 378.8 MB
[runlim] sample:		1019.8 time, 1020.1 real, 378.8 MB
[runlim] sample:		1029.9 time, 1030.1 real, 372.2 MB
[runlim] sample:		1039.9 time, 1040.1 real, 387.0 MB
[runlim] sample:		1049.8 time, 1050.1 real, 387.0 MB
[runlim] sample:		1059.9 time, 1060.1 real, 385.3 MB
[runlim] sample:		1069.9 time, 1070.1 real, 366.2 MB
[runlim] sample:		1079.9 time, 1080.1 real, 405.7 MB
[runlim] sample:		1089.9 time, 1090.1 real, 357.0 MB
[runlim] sample:		1099.9 time, 1100.1 real, 357.0 MB
[runlim] sample:		1109.8 time, 1110.1 real, 372.4 MB
[runlim] sample:		1119.8 time, 1120.1 real, 372.4 MB
[runlim] sample:		1129.8 time, 1130.1 real, 412.5 MB
[runlim] sample:		1139.8 time, 1140.1 real, 412.5 MB
[runlim] sample:		1149.8 time, 1150.1 real, 412.5 MB
[runlim] sample:		1159.8 time, 1160.1 real, 393.8 MB
[runlim] sample:		1169.8 time, 1170.1 real, 393.8 MB
[runlim] sample:		1179.8 time, 1180.1 real, 401.1 MB
[runlim] sample:		1189.8 time, 1190.1 real, 401.1 MB
[runlim] sample:		1199.8 time, 1200.1 real, 400.2 MB
[runlim] end:			Wed Mar 18 13:57:19 2026
[runlim] status:		out of time
[runlim] result:		2
[runlim] children:		0
[runlim] real:			1200.11 seconds
[runlim] time:			1199.84 seconds
[runlim] space:			507.4 MB
[runlim] samples:		12000
