[runlim] version:		1.10
[runlim] time limit:		311040000 seconds
[runlim] real time limit:	1200 seconds
[runlim] space limit:		7759 MB
[runlim] argv[0]:		python3
[runlim] argv[1]:		-u
[runlim] argv[2]:		main.py
[runlim] argv[3]:		P5
[runlim] start:			Wed Mar 18 14:37:19 2026
[runlim] main pid:		25368
[runlim] sample:		10.0 time, 10.1 real, 17.4 MB
Greedy UB: 2178
Greedy solution is valid.
[runlim] sample:		20.0 time, 20.1 real, 1098.6 MB
[runlim] sample:		30.0 time, 30.1 real, 2848.7 MB
Trying with UB = 2177...
[runlim] sample:		40.0 time, 40.1 real, 3431.8 MB
[runlim] sample:		50.0 time, 50.1 real, 3455.7 MB
[runlim] sample:		60.0 time, 60.1 real, 3432.0 MB
[runlim] sample:		70.0 time, 70.1 real, 4507.6 MB
[runlim] sample:		80.0 time, 80.1 real, 4973.9 MB
[runlim] sample:		90.0 time, 90.1 real, 4514.7 MB
[runlim] sample:		99.9 time, 100.1 real, 4514.8 MB
[runlim] sample:		110.0 time, 110.1 real, 4454.4 MB
[runlim] sample:		119.9 time, 120.1 real, 4289.2 MB
[runlim] sample:		129.9 time, 130.1 real, 4535.0 MB
[runlim] sample:		139.9 time, 140.1 real, 4240.0 MB
[runlim] sample:		149.9 time, 150.1 real, 4240.2 MB
[runlim] sample:		159.9 time, 160.1 real, 4462.5 MB
[runlim] sample:		169.9 time, 170.1 real, 4356.1 MB
[runlim] sample:		179.9 time, 180.1 real, 4352.5 MB
[runlim] sample:		189.8 time, 190.1 real, 4352.5 MB
[runlim] sample:		199.8 time, 200.1 real, 4353.0 MB
[runlim] sample:		209.8 time, 210.1 real, 4349.5 MB
[runlim] sample:		219.8 time, 220.1 real, 4349.5 MB
[runlim] sample:		229.8 time, 230.1 real, 4350.8 MB
[runlim] sample:		239.8 time, 240.1 real, 4348.0 MB
[runlim] sample:		249.8 time, 250.1 real, 4563.4 MB
[runlim] sample:		259.8 time, 260.1 real, 4428.7 MB
[runlim] sample:		269.8 time, 270.1 real, 4715.1 MB
[runlim] sample:		279.8 time, 280.1 real, 4347.6 MB
[runlim] sample:		289.7 time, 290.1 real, 4348.3 MB
[runlim] sample:		299.8 time, 300.1 real, 4124.8 MB
[runlim] sample:		309.8 time, 310.1 real, 4124.8 MB
[runlim] sample:		319.7 time, 320.1 real, 4350.7 MB
[runlim] sample:		329.7 time, 330.1 real, 4351.2 MB
[runlim] sample:		339.7 time, 340.1 real, 4132.4 MB
[runlim] sample:		349.7 time, 350.1 real, 4864.7 MB
[runlim] sample:		359.7 time, 360.1 real, 4351.5 MB
[runlim] sample:		369.7 time, 370.1 real, 4130.1 MB
[runlim] sample:		379.7 time, 380.1 real, 4130.9 MB
[runlim] sample:		389.7 time, 390.1 real, 4128.8 MB
[runlim] sample:		399.7 time, 400.1 real, 4128.9 MB
[runlim] sample:		409.7 time, 410.1 real, 4129.1 MB
[runlim] sample:		419.7 time, 420.1 real, 4351.3 MB
[runlim] sample:		429.7 time, 430.1 real, 4131.9 MB
[runlim] sample:		439.7 time, 440.1 real, 4131.9 MB
[runlim] sample:		449.7 time, 450.1 real, 4130.8 MB
[runlim] sample:		459.6 time, 460.1 real, 4352.8 MB
[runlim] sample:		469.7 time, 470.1 real, 4130.0 MB
[runlim] sample:		479.7 time, 480.1 real, 4129.7 MB
[runlim] sample:		489.6 time, 490.1 real, 4130.2 MB
[runlim] sample:		499.6 time, 500.1 real, 4130.3 MB
[runlim] sample:		509.6 time, 510.1 real, 4351.5 MB
[runlim] sample:		519.6 time, 520.1 real, 4130.7 MB
[runlim] sample:		529.6 time, 530.1 real, 4641.7 MB
[runlim] sample:		539.6 time, 540.1 real, 4131.2 MB
[runlim] sample:		549.5 time, 550.1 real, 4131.7 MB
[runlim] sample:		559.5 time, 560.1 real, 4131.6 MB
[runlim] sample:		569.5 time, 570.1 real, 4131.6 MB
[runlim] sample:		579.5 time, 580.1 real, 4132.1 MB
[runlim] sample:		589.4 time, 590.1 real, 4132.6 MB
[runlim] sample:		599.5 time, 600.1 real, 4132.6 MB
[runlim] sample:		609.4 time, 610.1 real, 4354.4 MB
[runlim] sample:		619.4 time, 620.1 real, 4354.4 MB
[runlim] sample:		629.4 time, 630.1 real, 4864.8 MB
[runlim] sample:		639.4 time, 640.1 real, 4354.4 MB
Span: 2177 (2177-1)
Solution is valid.
Time taken: 642.93 seconds
Trying with UB = 2176...
[runlim] sample:		649.4 time, 650.1 real, 4351.5 MB
[runlim] sample:		659.4 time, 660.1 real, 4351.5 MB
[runlim] sample:		669.3 time, 670.1 real, 4351.5 MB
[runlim] sample:		679.3 time, 680.1 real, 4352.5 MB
[runlim] sample:		689.4 time, 690.1 real, 4246.7 MB
[runlim] sample:		699.4 time, 700.1 real, 4246.8 MB
[runlim] sample:		709.3 time, 710.1 real, 4394.4 MB
[runlim] sample:		719.3 time, 720.1 real, 4247.3 MB
[runlim] sample:		729.3 time, 730.1 real, 4247.2 MB
[runlim] sample:		739.2 time, 740.1 real, 4395.0 MB
[runlim] sample:		749.2 time, 750.1 real, 3882.6 MB
[runlim] sample:		759.2 time, 760.1 real, 4247.9 MB
Span: 2176 (2176-1)
Solution is valid.
Time taken: 766.46 seconds
Trying with UB = 2175...
[runlim] sample:		769.2 time, 770.1 real, 4353.8 MB
[runlim] sample:		779.2 time, 780.1 real, 4356.9 MB
[runlim] sample:		789.2 time, 790.1 real, 4797.3 MB
[runlim] sample:		799.2 time, 800.1 real, 4354.6 MB
[runlim] sample:		809.2 time, 810.1 real, 4355.3 MB
[runlim] sample:		819.2 time, 820.1 real, 4759.9 MB
[runlim] sample:		829.2 time, 830.1 real, 4355.1 MB
[runlim] sample:		839.1 time, 840.1 real, 4356.1 MB
[runlim] sample:		849.1 time, 850.1 real, 4356.3 MB
Span: 2175 (2175-1)
Solution is valid.
Time taken: 853.65 seconds
Trying with UB = 2174...
[runlim] sample:		859.2 time, 860.1 real, 4763.3 MB
[runlim] sample:		869.1 time, 870.1 real, 4251.3 MB
[runlim] sample:		879.1 time, 880.1 real, 4251.3 MB
[runlim] sample:		889.1 time, 890.1 real, 4398.7 MB
[runlim] sample:		899.1 time, 900.1 real, 4250.5 MB
[runlim] sample:		909.1 time, 910.1 real, 4250.5 MB
[runlim] sample:		919.1 time, 920.1 real, 4759.9 MB
[runlim] sample:		929.1 time, 930.1 real, 4200.3 MB
[runlim] sample:		939.0 time, 940.1 real, 4396.5 MB
[runlim] sample:		949.0 time, 950.1 real, 4396.9 MB
[runlim] sample:		959.0 time, 960.1 real, 4249.2 MB
Span: 2174 (2174-1)
Solution is valid.
Time taken: 965.12 seconds
Trying with UB = 2173...
[runlim] sample:		969.0 time, 970.1 real, 4355.1 MB
[runlim] sample:		979.0 time, 980.1 real, 4496.1 MB
[runlim] sample:		989.0 time, 990.1 real, 4143.3 MB
[runlim] sample:		999.0 time, 1000.1 real, 4251.2 MB
[runlim] sample:		1008.9 time, 1010.1 real, 4356.3 MB
[runlim] sample:		1019.0 time, 1020.1 real, 4758.9 MB
[runlim] sample:		1029.0 time, 1030.1 real, 4250.1 MB
[runlim] sample:		1038.9 time, 1040.1 real, 4397.8 MB
[runlim] sample:		1048.9 time, 1050.1 real, 4250.7 MB
Span: 2173 (2173-1)
Solution is valid.
Time taken: 1053.01 seconds
Trying with UB = 2172...
[runlim] sample:		1058.9 time, 1060.1 real, 4356.9 MB
[runlim] sample:		1068.9 time, 1070.1 real, 4209.5 MB
[runlim] sample:		1078.9 time, 1080.1 real, 4357.4 MB
[runlim] sample:		1088.9 time, 1090.1 real, 4281.0 MB
[runlim] sample:		1098.9 time, 1100.1 real, 4246.4 MB
[runlim] sample:		1108.9 time, 1110.1 real, 4248.4 MB
[runlim] sample:		1118.9 time, 1120.1 real, 4012.0 MB
[runlim] sample:		1128.8 time, 1130.1 real, 4352.5 MB
[runlim] sample:		1138.8 time, 1140.1 real, 4352.5 MB
Span: 2172 (2172-1)
Solution is valid.
Time taken: 1147.47 seconds
Trying with UB = 2171...
[runlim] sample:		1148.9 time, 1150.1 real, 4247.3 MB
[runlim] sample:		1158.9 time, 1160.1 real, 4584.0 MB
[runlim] sample:		1168.8 time, 1170.1 real, 4247.3 MB
[runlim] sample:		1178.8 time, 1180.1 real, 4247.4 MB
[runlim] sample:		1188.8 time, 1190.1 real, 4248.8 MB
[runlim] sample:		1198.8 time, 1200.1 real, 0.0 MB
[runlim] end:			Wed Mar 18 14:57:19 2026
[runlim] status:		out of time
[runlim] result:		2
[runlim] children:		0
[runlim] real:			1200.22 seconds
[runlim] time:			1198.91 seconds
[runlim] space:			5676.1 MB
[runlim] samples:		12001
