[runlim] version:		1.10
[runlim] time limit:		311040000 seconds
[runlim] real time limit:	600 seconds
[runlim] space limit:		7759 MB
[runlim] argv[0]:		python3
[runlim] argv[1]:		-u
[runlim] argv[2]:		one_vertex.py
[runlim] argv[3]:		P1
[runlim] start:			Mon Mar 23 12:37:33 2026
[runlim] main pid:		18568
Reading dataset from P1.txt...
Greedy span: 380 (381-1)
Greedy solution is valid.
--------------------------------
Trying with UB = 380...
No solution found.
Optimal span found: 380
Time taken: 2.00s
[runlim] end:			Mon Mar 23 12:37:35 2026
[runlim] status:		ok
[runlim] result:		0
[runlim] children:		0
[runlim] real:			2.76 seconds
[runlim] time:			1.96 seconds
[runlim] space:			146.8 MB
[runlim] samples:		20
