[runlim] version:		1.10
[runlim] time limit:		311040000 seconds
[runlim] real time limit:	600 seconds
[runlim] space limit:		7759 MB
[runlim] argv[0]:		python3
[runlim] argv[1]:		-u
[runlim] argv[2]:		one_vertex.py
[runlim] argv[3]:		P10
[runlim] start:			Mon Mar 23 13:08:35 2026
[runlim] main pid:		38472
Reading dataset from P10.txt...
Greedy span: 308 (309-1)
Greedy solution is valid.
--------------------------------
Trying with UB = 308...
No solution found.
Optimal span found: 308
Time taken: 1.17s
[runlim] end:			Mon Mar 23 13:08:36 2026
[runlim] status:		ok
[runlim] result:		0
[runlim] children:		0
[runlim] real:			1.30 seconds
[runlim] time:			1.21 seconds
[runlim] space:			218.3 MB
[runlim] samples:		12
