[runlim] version:		1.10
[runlim] time limit:		311040000 seconds
[runlim] real time limit:	600 seconds
[runlim] space limit:		7759 MB
[runlim] argv[0]:		python3
[runlim] argv[1]:		-u
[runlim] argv[2]:		one_vertex.py
[runlim] argv[3]:		P2
[runlim] start:			Sun Mar 22 00:06:08 2026
[runlim] main pid:		99898
Reading dataset from P2.txt...
Greedy span: 542 (543-1)
Greedy solution is valid.
--------------------------------
Trying with UB = 542...
Span: 541 (542-1)
Time taken: 7.17s
Solution is valid.
--------------------------------
Trying with UB = 541...
Span: 540 (541-1)
Time taken: 9.68s
Solution is valid.
--------------------------------
Trying with UB = 540...
[runlim] sample:		9.6 time, 8.4 real, 205.7 MB
Span: 539 (540-1)
Time taken: 17.32s
Solution is valid.
--------------------------------
Trying with UB = 539...
[runlim] sample:		19.3 time, 18.4 real, 195.9 MB
Span: 538 (539-1)
Time taken: 20.24s
Solution is valid.
--------------------------------
Trying with UB = 538...
Span: 537 (538-1)
Time taken: 22.50s
Solution is valid.
--------------------------------
Trying with UB = 537...
Span: 536 (537-1)
Time taken: 24.69s
Solution is valid.
--------------------------------
Trying with UB = 536...
Span: 535 (536-1)
Time taken: 25.45s
Solution is valid.
--------------------------------
Trying with UB = 535...
Span: 534 (535-1)
Time taken: 25.53s
Solution is valid.
--------------------------------
Trying with UB = 534...
Span: 533 (534-1)
Time taken: 25.59s
Solution is valid.
--------------------------------
Trying with UB = 533...
Span: 532 (533-1)
Time taken: 27.15s
Solution is valid.
--------------------------------
Trying with UB = 532...
Span: 530 (531-1)
Time taken: 27.21s
Solution is valid.
--------------------------------
Trying with UB = 530...
Span: 528 (529-1)
Time taken: 27.28s
Solution is valid.
--------------------------------
Trying with UB = 528...
Span: 527 (528-1)
Time taken: 27.77s
Solution is valid.
--------------------------------
Trying with UB = 527...
Span: 526 (527-1)
Time taken: 28.56s
Solution is valid.
--------------------------------
Trying with UB = 526...
Span: 525 (526-1)
Time taken: 28.63s
Solution is valid.
--------------------------------
Trying with UB = 525...
Span: 524 (525-1)
Time taken: 28.70s
Solution is valid.
--------------------------------
Trying with UB = 524...
Span: 523 (524-1)
Time taken: 28.76s
Solution is valid.
--------------------------------
Trying with UB = 523...
Span: 522 (523-1)
Time taken: 28.82s
Solution is valid.
--------------------------------
Trying with UB = 522...
Span: 521 (522-1)
Time taken: 28.88s
Solution is valid.
--------------------------------
Trying with UB = 521...
Span: 520 (521-1)
Time taken: 28.95s
Solution is valid.
--------------------------------
Trying with UB = 520...
Span: 519 (520-1)
Time taken: 29.01s
Solution is valid.
--------------------------------
Trying with UB = 519...
Span: 518 (519-1)
Time taken: 29.07s
Solution is valid.
--------------------------------
Trying with UB = 518...
Span: 516 (517-1)
Time taken: 29.14s
Solution is valid.
--------------------------------
Trying with UB = 516...
[runlim] sample:		28.9 time, 28.4 real, 204.7 MB
Span: 515 (516-1)
Time taken: 31.67s
Solution is valid.
--------------------------------
Trying with UB = 515...
Span: 514 (515-1)
Time taken: 31.76s
Solution is valid.
--------------------------------
Trying with UB = 514...
Span: 513 (514-1)
Time taken: 31.82s
Solution is valid.
--------------------------------
Trying with UB = 513...
Span: 511 (512-1)
Time taken: 31.88s
Solution is valid.
--------------------------------
Trying with UB = 511...
Span: 510 (511-1)
Time taken: 31.95s
Solution is valid.
--------------------------------
Trying with UB = 510...
Span: 509 (510-1)
Time taken: 32.01s
Solution is valid.
--------------------------------
Trying with UB = 509...
Span: 508 (509-1)
Time taken: 32.07s
Solution is valid.
--------------------------------
Trying with UB = 508...
Span: 507 (508-1)
Time taken: 32.57s
Solution is valid.
--------------------------------
Trying with UB = 507...
Span: 506 (507-1)
Time taken: 33.53s
Solution is valid.
--------------------------------
Trying with UB = 506...
Span: 504 (505-1)
Time taken: 33.59s
Solution is valid.
--------------------------------
Trying with UB = 504...
Span: 503 (504-1)
Time taken: 33.65s
Solution is valid.
--------------------------------
Trying with UB = 503...
Span: 501 (502-1)
Time taken: 33.71s
Solution is valid.
--------------------------------
Trying with UB = 501...
Span: 499 (500-1)
Time taken: 33.77s
Solution is valid.
--------------------------------
Trying with UB = 499...
Span: 498 (499-1)
Time taken: 34.28s
Solution is valid.
--------------------------------
Trying with UB = 498...
Span: 497 (498-1)
Time taken: 34.34s
Solution is valid.
--------------------------------
Trying with UB = 497...
Span: 496 (497-1)
Time taken: 34.41s
Solution is valid.
--------------------------------
Trying with UB = 496...
Span: 495 (496-1)
Time taken: 34.47s
Solution is valid.
--------------------------------
Trying with UB = 495...
Span: 493 (494-1)
Time taken: 34.52s
Solution is valid.
--------------------------------
Trying with UB = 493...
Span: 492 (493-1)
Time taken: 34.59s
Solution is valid.
--------------------------------
Trying with UB = 492...
Span: 491 (492-1)
Time taken: 34.66s
Solution is valid.
--------------------------------
Trying with UB = 491...
Span: 490 (491-1)
Time taken: 34.74s
Solution is valid.
--------------------------------
Trying with UB = 490...
Span: 489 (490-1)
Time taken: 34.81s
Solution is valid.
--------------------------------
Trying with UB = 489...
Span: 488 (489-1)
Time taken: 35.39s
Solution is valid.
--------------------------------
Trying with UB = 488...
Span: 487 (488-1)
Time taken: 35.45s
Solution is valid.
--------------------------------
Trying with UB = 487...
Span: 486 (487-1)
Time taken: 35.53s
Solution is valid.
--------------------------------
Trying with UB = 486...
Span: 485 (486-1)
Time taken: 35.59s
Solution is valid.
--------------------------------
Trying with UB = 485...
Span: 484 (485-1)
Time taken: 35.66s
Solution is valid.
--------------------------------
Trying with UB = 484...
Span: 483 (484-1)
Time taken: 37.29s
Solution is valid.
--------------------------------
Trying with UB = 483...
Span: 482 (483-1)
Time taken: 37.82s
Solution is valid.
--------------------------------
Trying with UB = 482...
Span: 481 (482-1)
Time taken: 37.90s
Solution is valid.
--------------------------------
Trying with UB = 481...
Span: 480 (481-1)
Time taken: 37.98s
Solution is valid.
--------------------------------
Trying with UB = 480...
Span: 479 (480-1)
Time taken: 38.05s
Solution is valid.
--------------------------------
Trying with UB = 479...
Span: 478 (479-1)
Time taken: 38.11s
Solution is valid.
--------------------------------
Trying with UB = 478...
Span: 477 (478-1)
Time taken: 38.18s
Solution is valid.
--------------------------------
Trying with UB = 477...
Span: 476 (477-1)
Time taken: 38.88s
Solution is valid.
--------------------------------
Trying with UB = 476...
Span: 474 (475-1)
Time taken: 39.20s
Solution is valid.
--------------------------------
Trying with UB = 474...
Span: 473 (474-1)
Time taken: 39.79s
Solution is valid.
--------------------------------
Trying with UB = 473...
Span: 472 (473-1)
Time taken: 39.86s
Solution is valid.
--------------------------------
Trying with UB = 472...
Span: 471 (472-1)
Time taken: 39.92s
Solution is valid.
--------------------------------
Trying with UB = 471...
[runlim] sample:		38.5 time, 37.2 real, 183.1 MB
Span: 470 (471-1)
Time taken: 39.99s
Solution is valid.
--------------------------------
Trying with UB = 470...
Span: 469 (470-1)
Time taken: 40.05s
Solution is valid.
--------------------------------
Trying with UB = 469...
Span: 468 (469-1)
Time taken: 40.11s
Solution is valid.
--------------------------------
Trying with UB = 468...
Span: 467 (468-1)
Time taken: 40.17s
Solution is valid.
--------------------------------
Trying with UB = 467...
Span: 466 (467-1)
Time taken: 40.23s
Solution is valid.
--------------------------------
Trying with UB = 466...
Span: 465 (466-1)
Time taken: 40.30s
Solution is valid.
--------------------------------
Trying with UB = 465...
Span: 464 (465-1)
Time taken: 40.37s
Solution is valid.
--------------------------------
Trying with UB = 464...
Span: 463 (464-1)
Time taken: 41.10s
Solution is valid.
--------------------------------
Trying with UB = 463...
Span: 462 (463-1)
Time taken: 41.18s
Solution is valid.
--------------------------------
Trying with UB = 462...
Span: 461 (462-1)
Time taken: 41.95s
Solution is valid.
--------------------------------
Trying with UB = 461...
Span: 460 (461-1)
Time taken: 42.69s
Solution is valid.
--------------------------------
Trying with UB = 460...
Span: 459 (460-1)
Time taken: 43.94s
Solution is valid.
--------------------------------
Trying with UB = 459...
Span: 458 (459-1)
Time taken: 44.01s
Solution is valid.
--------------------------------
Trying with UB = 458...
Span: 456 (457-1)
Time taken: 44.07s
Solution is valid.
--------------------------------
Trying with UB = 456...
Span: 455 (456-1)
Time taken: 44.13s
Solution is valid.
--------------------------------
Trying with UB = 455...
Span: 454 (455-1)
Time taken: 44.18s
Solution is valid.
--------------------------------
Trying with UB = 454...
Span: 453 (454-1)
Time taken: 44.25s
Solution is valid.
--------------------------------
Trying with UB = 453...
Span: 452 (453-1)
Time taken: 44.32s
Solution is valid.
--------------------------------
Trying with UB = 452...
Span: 451 (452-1)
Time taken: 44.39s
Solution is valid.
--------------------------------
Trying with UB = 451...
Span: 450 (451-1)
Time taken: 45.53s
Solution is valid.
--------------------------------
Trying with UB = 450...
Span: 449 (450-1)
Time taken: 45.62s
Solution is valid.
--------------------------------
Trying with UB = 449...
Span: 448 (449-1)
Time taken: 46.24s
Solution is valid.
--------------------------------
Trying with UB = 448...
Span: 447 (448-1)
Time taken: 49.14s
Solution is valid.
--------------------------------
Trying with UB = 447...
Span: 446 (447-1)
Time taken: 49.21s
Solution is valid.
--------------------------------
Trying with UB = 446...
Span: 445 (446-1)
Time taken: 49.27s
Solution is valid.
--------------------------------
Trying with UB = 445...
Span: 444 (445-1)
Time taken: 49.32s
Solution is valid.
--------------------------------
Trying with UB = 444...
Span: 442 (443-1)
Time taken: 49.39s
Solution is valid.
--------------------------------
Trying with UB = 442...
[runlim] sample:		48.1 time, 47.2 real, 185.4 MB
Span: 441 (442-1)
Time taken: 53.02s
Solution is valid.
--------------------------------
Trying with UB = 441...
Span: 440 (441-1)
Time taken: 55.80s
Solution is valid.
--------------------------------
Trying with UB = 440...
Span: 439 (440-1)
Time taken: 56.82s
Solution is valid.
--------------------------------
Trying with UB = 439...
Span: 438 (439-1)
Time taken: 58.18s
Solution is valid.
--------------------------------
Trying with UB = 438...
[runlim] sample:		57.7 time, 57.2 real, 167.3 MB
Span: 437 (438-1)
Time taken: 68.87s
Solution is valid.
--------------------------------
Trying with UB = 437...
Span: 436 (437-1)
Time taken: 69.45s
Solution is valid.
--------------------------------
Trying with UB = 436...
[runlim] sample:		67.3 time, 66.0 real, 185.5 MB
Span: 435 (436-1)
Time taken: 70.12s
Solution is valid.
--------------------------------
Trying with UB = 435...
Span: 434 (435-1)
Time taken: 70.92s
Solution is valid.
--------------------------------
Trying with UB = 434...
Span: 433 (434-1)
Time taken: 71.24s
Solution is valid.
--------------------------------
Trying with UB = 433...
Span: 432 (433-1)
Time taken: 71.89s
Solution is valid.
--------------------------------
Trying with UB = 432...
Span: 431 (432-1)
Time taken: 73.36s
Solution is valid.
--------------------------------
Trying with UB = 431...
Span: 430 (431-1)
Time taken: 76.43s
Solution is valid.
--------------------------------
Trying with UB = 430...
Span: 429 (430-1)
Time taken: 77.17s
Solution is valid.
--------------------------------
Trying with UB = 429...
Span: 428 (429-1)
Time taken: 77.93s
Solution is valid.
--------------------------------
Trying with UB = 428...
[runlim] sample:		77.0 time, 76.0 real, 197.4 MB
Span: 427 (428-1)
Time taken: 81.41s
Solution is valid.
--------------------------------
Trying with UB = 427...
[runlim] sample:		86.6 time, 86.0 real, 197.5 MB
Span: 426 (427-1)
Time taken: 96.45s
Solution is valid.
--------------------------------
Trying with UB = 426...
[runlim] sample:		96.2 time, 96.0 real, 216.3 MB
[runlim] sample:		105.8 time, 104.7 real, 222.7 MB
[runlim] sample:		115.5 time, 114.7 real, 222.7 MB
[runlim] sample:		125.1 time, 124.7 real, 222.7 MB
[runlim] sample:		134.7 time, 133.5 real, 222.7 MB
[runlim] sample:		144.3 time, 143.5 real, 222.7 MB
[runlim] sample:		153.9 time, 153.5 real, 222.8 MB
[runlim] sample:		163.6 time, 162.3 real, 223.3 MB
[runlim] sample:		173.2 time, 172.3 real, 280.7 MB
[runlim] sample:		182.8 time, 182.3 real, 228.0 MB
[runlim] sample:		192.4 time, 191.0 real, 228.0 MB
[runlim] sample:		202.0 time, 201.0 real, 228.0 MB
[runlim] sample:		211.6 time, 211.0 real, 228.0 MB
[runlim] sample:		221.2 time, 221.0 real, 228.0 MB
[runlim] sample:		230.9 time, 229.8 real, 228.0 MB
[runlim] sample:		240.5 time, 239.8 real, 228.0 MB
[runlim] sample:		250.1 time, 249.8 real, 228.0 MB
[runlim] sample:		259.7 time, 258.5 real, 228.0 MB
[runlim] sample:		269.4 time, 268.5 real, 228.0 MB
[runlim] sample:		279.0 time, 278.5 real, 228.0 MB
[runlim] sample:		288.6 time, 287.3 real, 228.0 MB
[runlim] sample:		298.2 time, 297.3 real, 228.0 MB
[runlim] sample:		307.8 time, 307.3 real, 228.0 MB
[runlim] sample:		317.5 time, 316.1 real, 228.3 MB
[runlim] sample:		327.1 time, 326.1 real, 228.3 MB
[runlim] sample:		336.7 time, 336.1 real, 228.4 MB
[runlim] sample:		346.3 time, 346.1 real, 260.5 MB
[runlim] sample:		355.9 time, 354.9 real, 272.2 MB
[runlim] sample:		365.6 time, 364.9 real, 276.1 MB
[runlim] sample:		375.2 time, 374.9 real, 228.4 MB
[runlim] sample:		384.8 time, 383.6 real, 285.4 MB
[runlim] sample:		394.4 time, 393.6 real, 274.5 MB
[runlim] sample:		404.0 time, 403.6 real, 260.4 MB
[runlim] sample:		413.6 time, 412.3 real, 264.1 MB
[runlim] sample:		423.3 time, 422.3 real, 228.4 MB
[runlim] sample:		432.8 time, 432.3 real, 347.4 MB
[runlim] sample:		442.4 time, 441.1 real, 285.7 MB
[runlim] sample:		452.1 time, 451.1 real, 316.5 MB
[runlim] sample:		461.7 time, 461.1 real, 329.6 MB
[runlim] sample:		471.3 time, 471.1 real, 233.9 MB
[runlim] sample:		480.9 time, 479.9 real, 233.8 MB
[runlim] sample:		490.5 time, 489.9 real, 233.8 MB
[runlim] sample:		500.2 time, 499.9 real, 311.8 MB
[runlim] sample:		509.8 time, 508.6 real, 244.7 MB
[runlim] sample:		519.4 time, 518.6 real, 244.6 MB
[runlim] sample:		529.0 time, 528.6 real, 244.6 MB
[runlim] sample:		538.6 time, 537.4 real, 244.6 MB
[runlim] sample:		548.3 time, 547.4 real, 244.6 MB
[runlim] sample:		557.9 time, 557.4 real, 244.6 MB
[runlim] sample:		567.5 time, 566.2 real, 244.6 MB
[runlim] sample:		577.1 time, 576.2 real, 244.6 MB
[runlim] sample:		586.7 time, 586.2 real, 244.6 MB
[runlim] sample:		596.3 time, 596.2 real, 244.6 MB
[runlim] end:			Sun Mar 22 00:16:08 2026
[runlim] status:		out of time
[runlim] result:		2
[runlim] children:		0
[runlim] real:			600.12 seconds
[runlim] time:			601.34 seconds
[runlim] space:			398.0 MB
[runlim] samples:		6252
