[runlim] version:		1.10
[runlim] time limit:		311040000 seconds
[runlim] real time limit:	600 seconds
[runlim] space limit:		7759 MB
[runlim] argv[0]:		python3
[runlim] argv[1]:		-u
[runlim] argv[2]:		one_vertex.py
[runlim] argv[3]:		P3
[runlim] start:			Mon Mar 23 12:47:35 2026
[runlim] main pid:		25072
Reading dataset from P3.txt...
Greedy span: 532 (533-1)
Greedy solution is valid.
--------------------------------
Trying with UB = 532...
No solution found.
Optimal span found: 532
Time taken: 6.59s
[runlim] end:			Mon Mar 23 12:47:41 2026
[runlim] status:		ok
[runlim] result:		0
[runlim] children:		0
[runlim] real:			6.75 seconds
[runlim] time:			6.57 seconds
[runlim] space:			210.4 MB
[runlim] samples:		66
