[runlim] version:		1.10
[runlim] time limit:		311040000 seconds
[runlim] real time limit:	600 seconds
[runlim] space limit:		7759 MB
[runlim] argv[0]:		python3
[runlim] argv[1]:		-u
[runlim] argv[2]:		one_vertex.py
[runlim] argv[3]:		P4
[runlim] start:			Mon Mar 23 12:47:41 2026
[runlim] main pid:		25171
Reading dataset from P4.txt...
Greedy span: 535 (536-1)
Greedy solution is valid.
--------------------------------
Trying with UB = 535...
[runlim] sample:		9.9 time, 10.7 real, 212.7 MB
Span: 534 (535-1)
Time taken: 18.37s
Solution is valid.
--------------------------------
Trying with UB = 534...
[runlim] sample:		20.0 time, 20.7 real, 212.7 MB
Span: 533 (534-1)
Time taken: 25.60s
Solution is valid.
--------------------------------
Trying with UB = 533...
Span: 532 (533-1)
Time taken: 28.25s
Solution is valid.
--------------------------------
Trying with UB = 532...
No solution found.
Optimal span found: 532
Time taken: 28.30s
[runlim] end:			Mon Mar 23 12:48:10 2026
[runlim] status:		ok
[runlim] result:		0
[runlim] children:		0
[runlim] real:			29.11 seconds
[runlim] time:			28.29 seconds
[runlim] space:			212.8 MB
[runlim] samples:		283
