[runlim] version:		1.10
[runlim] time limit:		311040000 seconds
[runlim] real time limit:	600 seconds
[runlim] space limit:		7759 MB
[runlim] argv[0]:		python3
[runlim] argv[1]:		-u
[runlim] argv[2]:		one_vertex.py
[runlim] argv[3]:		P6
[runlim] start:			Sun Mar 22 00:16:43 2026
[runlim] main pid:		107837
Reading dataset from P6.txt...
Greedy span: 346 (347-1)
Greedy solution is valid.
--------------------------------
Trying with UB = 346...
Span: 345 (346-1)
Time taken: 9.27s
Solution is valid.
--------------------------------
Trying with UB = 345...
[runlim] sample:		9.6 time, 10.2 real, 127.0 MB
Span: 344 (345-1)
Time taken: 11.03s
Solution is valid.
--------------------------------
Trying with UB = 344...
Span: 343 (344-1)
Time taken: 11.08s
Solution is valid.
--------------------------------
Trying with UB = 343...
Span: 342 (343-1)
Time taken: 11.12s
Solution is valid.
--------------------------------
Trying with UB = 342...
Span: 341 (342-1)
Time taken: 13.11s
Solution is valid.
--------------------------------
Trying with UB = 341...
Span: 340 (341-1)
Time taken: 13.96s
Solution is valid.
--------------------------------
Trying with UB = 340...
Span: 339 (340-1)
Time taken: 14.73s
Solution is valid.
--------------------------------
Trying with UB = 339...
Span: 338 (339-1)
Time taken: 14.83s
Solution is valid.
--------------------------------
Trying with UB = 338...
Span: 337 (338-1)
Time taken: 14.88s
Solution is valid.
--------------------------------
Trying with UB = 337...
Span: 336 (337-1)
Time taken: 14.93s
Solution is valid.
--------------------------------
Trying with UB = 336...
Span: 335 (336-1)
Time taken: 14.97s
Solution is valid.
--------------------------------
Trying with UB = 335...
Span: 334 (335-1)
Time taken: 15.01s
Solution is valid.
--------------------------------
Trying with UB = 334...
Span: 333 (334-1)
Time taken: 15.06s
Solution is valid.
--------------------------------
Trying with UB = 333...
Span: 332 (333-1)
Time taken: 15.76s
Solution is valid.
--------------------------------
Trying with UB = 332...
Span: 331 (332-1)
Time taken: 16.21s
Solution is valid.
--------------------------------
Trying with UB = 331...
Span: 330 (331-1)
Time taken: 16.40s
Solution is valid.
--------------------------------
Trying with UB = 330...
Span: 329 (330-1)
Time taken: 16.98s
Solution is valid.
--------------------------------
Trying with UB = 329...
Span: 328 (329-1)
Time taken: 17.05s
Solution is valid.
--------------------------------
Trying with UB = 328...
Span: 327 (328-1)
Time taken: 17.10s
Solution is valid.
--------------------------------
Trying with UB = 327...
Span: 326 (327-1)
Time taken: 17.72s
Solution is valid.
--------------------------------
Trying with UB = 326...
Span: 325 (326-1)
Time taken: 18.09s
Solution is valid.
--------------------------------
Trying with UB = 325...
Span: 324 (325-1)
Time taken: 18.13s
Solution is valid.
--------------------------------
Trying with UB = 324...
Span: 323 (324-1)
Time taken: 18.18s
Solution is valid.
--------------------------------
Trying with UB = 323...
Span: 322 (323-1)
Time taken: 18.22s
Solution is valid.
--------------------------------
Trying with UB = 322...
Span: 321 (322-1)
Time taken: 18.26s
Solution is valid.
--------------------------------
Trying with UB = 321...
Span: 320 (321-1)
Time taken: 19.40s
Solution is valid.
--------------------------------
Trying with UB = 320...
Span: 319 (320-1)
Time taken: 19.64s
Solution is valid.
--------------------------------
Trying with UB = 319...
[runlim] sample:		19.2 time, 20.2 real, 114.5 MB
Span: 318 (319-1)
Time taken: 20.06s
Solution is valid.
--------------------------------
Trying with UB = 318...
Span: 317 (318-1)
Time taken: 20.12s
Solution is valid.
--------------------------------
Trying with UB = 317...
Span: 316 (317-1)
Time taken: 20.16s
Solution is valid.
--------------------------------
Trying with UB = 316...
Span: 315 (316-1)
Time taken: 20.83s
Solution is valid.
--------------------------------
Trying with UB = 315...
Span: 314 (315-1)
Time taken: 20.88s
Solution is valid.
--------------------------------
Trying with UB = 314...
Span: 313 (314-1)
Time taken: 21.49s
Solution is valid.
--------------------------------
Trying with UB = 313...
Span: 312 (313-1)
Time taken: 21.54s
Solution is valid.
--------------------------------
Trying with UB = 312...
Span: 311 (312-1)
Time taken: 21.58s
Solution is valid.
--------------------------------
Trying with UB = 311...
Span: 310 (311-1)
Time taken: 21.62s
Solution is valid.
--------------------------------
Trying with UB = 310...
Span: 309 (310-1)
Time taken: 22.20s
Solution is valid.
--------------------------------
Trying with UB = 309...
Span: 308 (309-1)
Time taken: 22.25s
Solution is valid.
--------------------------------
Trying with UB = 308...
Span: 307 (308-1)
Time taken: 22.29s
Solution is valid.
--------------------------------
Trying with UB = 307...
Span: 306 (307-1)
Time taken: 22.36s
Solution is valid.
--------------------------------
Trying with UB = 306...
Span: 305 (306-1)
Time taken: 22.44s
Solution is valid.
--------------------------------
Trying with UB = 305...
Span: 304 (305-1)
Time taken: 23.03s
Solution is valid.
--------------------------------
Trying with UB = 304...
Span: 303 (304-1)
Time taken: 23.08s
Solution is valid.
--------------------------------
Trying with UB = 303...
Span: 302 (303-1)
Time taken: 23.12s
Solution is valid.
--------------------------------
Trying with UB = 302...
Span: 301 (302-1)
Time taken: 23.17s
Solution is valid.
--------------------------------
Trying with UB = 301...
Span: 300 (301-1)
Time taken: 23.82s
Solution is valid.
--------------------------------
Trying with UB = 300...
Span: 299 (300-1)
Time taken: 23.88s
Solution is valid.
--------------------------------
Trying with UB = 299...
Span: 298 (299-1)
Time taken: 23.92s
Solution is valid.
--------------------------------
Trying with UB = 298...
Span: 297 (298-1)
Time taken: 25.21s
Solution is valid.
--------------------------------
Trying with UB = 297...
Span: 296 (297-1)
Time taken: 25.79s
Solution is valid.
--------------------------------
Trying with UB = 296...
Span: 295 (296-1)
Time taken: 26.31s
Solution is valid.
--------------------------------
Trying with UB = 295...
Span: 294 (295-1)
Time taken: 26.36s
Solution is valid.
--------------------------------
Trying with UB = 294...
Span: 293 (294-1)
Time taken: 26.41s
Solution is valid.
--------------------------------
Trying with UB = 293...
Span: 292 (293-1)
Time taken: 27.01s
Solution is valid.
--------------------------------
Trying with UB = 292...
Span: 291 (292-1)
Time taken: 27.52s
Solution is valid.
--------------------------------
Trying with UB = 291...
Span: 290 (291-1)
Time taken: 28.27s
Solution is valid.
--------------------------------
Trying with UB = 290...
Span: 289 (290-1)
Time taken: 28.90s
Solution is valid.
--------------------------------
Trying with UB = 289...
Span: 288 (289-1)
Time taken: 28.96s
Solution is valid.
--------------------------------
Trying with UB = 288...
[runlim] sample:		28.8 time, 29.0 real, 133.5 MB
Span: 287 (288-1)
Time taken: 32.48s
Solution is valid.
--------------------------------
Trying with UB = 287...
Span: 286 (287-1)
Time taken: 33.37s
Solution is valid.
--------------------------------
Trying with UB = 286...
Span: 285 (286-1)
Time taken: 34.11s
Solution is valid.
--------------------------------
Trying with UB = 285...
Span: 284 (285-1)
Time taken: 34.36s
Solution is valid.
--------------------------------
Trying with UB = 284...
Span: 283 (284-1)
Time taken: 34.97s
Solution is valid.
--------------------------------
Trying with UB = 283...
Span: 282 (283-1)
Time taken: 35.02s
Solution is valid.
--------------------------------
Trying with UB = 282...
Span: 281 (282-1)
Time taken: 35.07s
Solution is valid.
--------------------------------
Trying with UB = 281...
Span: 280 (281-1)
Time taken: 36.17s
Solution is valid.
--------------------------------
Trying with UB = 280...
Span: 279 (280-1)
Time taken: 37.41s
Solution is valid.
--------------------------------
Trying with UB = 279...
Span: 278 (279-1)
Time taken: 39.82s
Solution is valid.
--------------------------------
Trying with UB = 278...
[runlim] sample:		38.5 time, 39.0 real, 128.6 MB
Span: 277 (278-1)
Time taken: 40.55s
Solution is valid.
--------------------------------
Trying with UB = 277...
Span: 276 (277-1)
Time taken: 43.85s
Solution is valid.
--------------------------------
Trying with UB = 276...
Span: 275 (276-1)
Time taken: 45.97s
Solution is valid.
--------------------------------
Trying with UB = 275...
[runlim] sample:		48.1 time, 49.0 real, 129.3 MB
Span: 274 (275-1)
Time taken: 56.19s
Solution is valid.
--------------------------------
Trying with UB = 274...
[runlim] sample:		57.7 time, 57.7 real, 107.5 MB
[runlim] sample:		67.3 time, 67.7 real, 130.4 MB
Span: 273 (274-1)
Time taken: 71.57s
Solution is valid.
--------------------------------
Trying with UB = 273...
[runlim] sample:		76.9 time, 77.7 real, 130.5 MB
[runlim] sample:		86.5 time, 86.5 real, 136.6 MB
[runlim] sample:		96.2 time, 96.5 real, 136.6 MB
[runlim] sample:		105.8 time, 106.5 real, 136.6 MB
[runlim] sample:		115.4 time, 116.5 real, 141.4 MB
Span: 272 (273-1)
Time taken: 121.17s
Solution is valid.
--------------------------------
Trying with UB = 272...
[runlim] sample:		125.0 time, 125.2 real, 131.2 MB
[runlim] sample:		134.6 time, 135.3 real, 149.2 MB
[runlim] sample:		144.2 time, 145.2 real, 149.2 MB
[runlim] sample:		153.8 time, 154.0 real, 149.2 MB
[runlim] sample:		163.5 time, 164.0 real, 170.2 MB
[runlim] sample:		173.1 time, 174.0 real, 149.3 MB
[runlim] sample:		182.7 time, 182.7 real, 150.2 MB
[runlim] sample:		192.3 time, 192.7 real, 150.5 MB
[runlim] sample:		201.9 time, 202.7 real, 150.5 MB
[runlim] sample:		211.6 time, 211.5 real, 150.5 MB
[runlim] sample:		221.2 time, 221.5 real, 150.5 MB
[runlim] sample:		230.8 time, 231.5 real, 150.5 MB
[runlim] sample:		240.4 time, 241.5 real, 150.5 MB
[runlim] sample:		250.0 time, 250.2 real, 150.5 MB
[runlim] sample:		259.6 time, 260.2 real, 150.5 MB
[runlim] sample:		269.2 time, 270.2 real, 150.5 MB
[runlim] sample:		278.9 time, 279.0 real, 150.7 MB
[runlim] sample:		288.5 time, 289.0 real, 150.7 MB
[runlim] sample:		298.1 time, 299.0 real, 150.9 MB
[runlim] sample:		307.7 time, 307.8 real, 151.4 MB
[runlim] sample:		317.3 time, 317.8 real, 151.7 MB
[runlim] sample:		326.9 time, 327.8 real, 154.7 MB
[runlim] sample:		336.5 time, 336.5 real, 156.9 MB
[runlim] sample:		346.2 time, 346.5 real, 192.1 MB
[runlim] sample:		355.8 time, 356.5 real, 182.6 MB
[runlim] sample:		365.4 time, 366.5 real, 203.4 MB
[runlim] sample:		375.0 time, 375.2 real, 203.4 MB
[runlim] sample:		384.6 time, 385.2 real, 203.4 MB
[runlim] sample:		394.2 time, 395.2 real, 203.4 MB
[runlim] sample:		403.9 time, 404.0 real, 203.4 MB
[runlim] sample:		413.5 time, 414.0 real, 203.4 MB
[runlim] sample:		423.1 time, 424.0 real, 203.4 MB
[runlim] sample:		432.7 time, 432.8 real, 159.6 MB
[runlim] sample:		442.3 time, 442.8 real, 156.3 MB
[runlim] sample:		451.9 time, 452.8 real, 211.8 MB
[runlim] sample:		461.6 time, 461.5 real, 211.8 MB
[runlim] sample:		471.2 time, 471.5 real, 152.6 MB
[runlim] sample:		480.8 time, 481.5 real, 175.6 MB
[runlim] sample:		490.4 time, 491.5 real, 199.4 MB
[runlim] sample:		500.0 time, 500.3 real, 199.4 MB
[runlim] sample:		509.6 time, 510.3 real, 199.4 MB
[runlim] sample:		519.2 time, 520.3 real, 199.4 MB
[runlim] sample:		528.9 time, 529.0 real, 199.4 MB
[runlim] sample:		538.5 time, 539.0 real, 203.7 MB
[runlim] sample:		548.1 time, 549.0 real, 203.7 MB
[runlim] sample:		557.7 time, 557.7 real, 203.7 MB
[runlim] sample:		567.4 time, 567.7 real, 205.6 MB
[runlim] sample:		576.9 time, 577.7 real, 205.6 MB
[runlim] sample:		586.6 time, 586.5 real, 205.6 MB
[runlim] sample:		596.2 time, 596.5 real, 207.0 MB
[runlim] end:			Sun Mar 22 00:26:43 2026
[runlim] status:		out of time
[runlim] result:		2
[runlim] children:		0
[runlim] real:			600.03 seconds
[runlim] time:			599.57 seconds
[runlim] space:			242.3 MB
[runlim] samples:		6235
