[runlim] version:		1.10
[runlim] time limit:		311040000 seconds
[runlim] real time limit:	600 seconds
[runlim] space limit:		7759 MB
[runlim] argv[0]:		python3
[runlim] argv[1]:		-u
[runlim] argv[2]:		one_vertex.py
[runlim] argv[3]:		P11
[runlim] start:			Thu Apr  2 12:15:25 2026
[runlim] main pid:		7463
Reading dataset from P11.txt...
Greedy span: 542 (543-1)
Greedy solution is valid.
--------------------------------
Trying with UB = 542...
[runlim] sample:		10.0 time, 10.5 real, 207.1 MB
Span: 541 (542-1)
Time taken: 12.97s
Solution is valid.
--------------------------------
Trying with UB = 541...
Span: 540 (541-1)
Time taken: 15.73s
Solution is valid.
--------------------------------
Trying with UB = 540...
Span: 539 (540-1)
Time taken: 16.26s
Solution is valid.
--------------------------------
Trying with UB = 539...
Span: 538 (539-1)
Time taken: 17.26s
Solution is valid.
--------------------------------
Trying with UB = 538...
Span: 537 (538-1)
Time taken: 19.64s
Solution is valid.
--------------------------------
Trying with UB = 537...
Span: 536 (537-1)
Time taken: 19.72s
Solution is valid.
--------------------------------
Trying with UB = 536...
Span: 535 (536-1)
Time taken: 19.78s
Solution is valid.
--------------------------------
Trying with UB = 535...
Span: 534 (535-1)
Time taken: 19.83s
Solution is valid.
--------------------------------
Trying with UB = 534...
[runlim] sample:		20.1 time, 20.5 real, 181.1 MB
Span: 533 (534-1)
Time taken: 22.17s
Solution is valid.
--------------------------------
Trying with UB = 533...
Span: 532 (533-1)
Time taken: 22.24s
Solution is valid.
--------------------------------
Trying with UB = 532...
Span: 531 (532-1)
Time taken: 22.31s
Solution is valid.
--------------------------------
Trying with UB = 531...
Span: 530 (531-1)
Time taken: 22.85s
Solution is valid.
--------------------------------
Trying with UB = 530...
Span: 529 (530-1)
Time taken: 22.92s
Solution is valid.
--------------------------------
Trying with UB = 529...
Span: 528 (529-1)
Time taken: 25.53s
Solution is valid.
--------------------------------
Trying with UB = 528...
Span: 527 (528-1)
Time taken: 28.55s
Solution is valid.
--------------------------------
Trying with UB = 527...
[runlim] sample:		30.1 time, 30.5 real, 200.5 MB
Span: 526 (527-1)
Time taken: 30.09s
Solution is valid.
--------------------------------
Trying with UB = 526...
Span: 525 (526-1)
Time taken: 30.15s
Solution is valid.
--------------------------------
Trying with UB = 525...
Span: 524 (525-1)
Time taken: 30.21s
Solution is valid.
--------------------------------
Trying with UB = 524...
Span: 523 (524-1)
Time taken: 30.27s
Solution is valid.
--------------------------------
Trying with UB = 523...
Span: 522 (523-1)
Time taken: 30.32s
Solution is valid.
--------------------------------
Trying with UB = 522...
Span: 521 (522-1)
Time taken: 30.87s
Solution is valid.
--------------------------------
Trying with UB = 521...
Span: 520 (521-1)
Time taken: 31.47s
Solution is valid.
--------------------------------
Trying with UB = 520...
Span: 519 (520-1)
Time taken: 31.88s
Solution is valid.
--------------------------------
Trying with UB = 519...
Span: 518 (519-1)
Time taken: 32.43s
Solution is valid.
--------------------------------
Trying with UB = 518...
Span: 517 (518-1)
Time taken: 34.04s
Solution is valid.
--------------------------------
Trying with UB = 517...
Span: 516 (517-1)
Time taken: 34.52s
Solution is valid.
--------------------------------
Trying with UB = 516...
Span: 515 (516-1)
Time taken: 34.58s
Solution is valid.
--------------------------------
Trying with UB = 515...
Span: 514 (515-1)
Time taken: 34.64s
Solution is valid.
--------------------------------
Trying with UB = 514...
Span: 513 (514-1)
Time taken: 34.70s
Solution is valid.
--------------------------------
Trying with UB = 513...
Span: 512 (513-1)
Time taken: 34.76s
Solution is valid.
--------------------------------
Trying with UB = 512...
Span: 511 (512-1)
Time taken: 34.81s
Solution is valid.
--------------------------------
Trying with UB = 511...
Span: 510 (511-1)
Time taken: 34.86s
Solution is valid.
--------------------------------
Trying with UB = 510...
Span: 509 (510-1)
Time taken: 35.37s
Solution is valid.
--------------------------------
Trying with UB = 509...
Span: 508 (509-1)
Time taken: 35.88s
Solution is valid.
--------------------------------
Trying with UB = 508...
Span: 507 (508-1)
Time taken: 35.95s
Solution is valid.
--------------------------------
Trying with UB = 507...
Span: 506 (507-1)
Time taken: 36.01s
Solution is valid.
--------------------------------
Trying with UB = 506...
Span: 505 (506-1)
Time taken: 36.06s
Solution is valid.
--------------------------------
Trying with UB = 505...
Span: 504 (505-1)
Time taken: 36.12s
Solution is valid.
--------------------------------
Trying with UB = 504...
Span: 503 (504-1)
Time taken: 36.17s
Solution is valid.
--------------------------------
Trying with UB = 503...
Span: 502 (503-1)
Time taken: 36.23s
Solution is valid.
--------------------------------
Trying with UB = 502...
Span: 501 (502-1)
Time taken: 36.29s
Solution is valid.
--------------------------------
Trying with UB = 501...
Span: 500 (501-1)
Time taken: 36.39s
Solution is valid.
--------------------------------
Trying with UB = 500...
Span: 499 (500-1)
Time taken: 36.46s
Solution is valid.
--------------------------------
Trying with UB = 499...
Span: 498 (499-1)
Time taken: 36.52s
Solution is valid.
--------------------------------
Trying with UB = 498...
Span: 497 (498-1)
Time taken: 37.14s
Solution is valid.
--------------------------------
Trying with UB = 497...
Span: 495 (496-1)
Time taken: 37.21s
Solution is valid.
--------------------------------
Trying with UB = 495...
Span: 494 (495-1)
Time taken: 37.26s
Solution is valid.
--------------------------------
Trying with UB = 494...
Span: 493 (494-1)
Time taken: 37.73s
Solution is valid.
--------------------------------
Trying with UB = 493...
Span: 492 (493-1)
Time taken: 38.80s
Solution is valid.
--------------------------------
Trying with UB = 492...
Span: 491 (492-1)
Time taken: 39.33s
Solution is valid.
--------------------------------
Trying with UB = 491...
[runlim] sample:		40.2 time, 40.5 real, 174.3 MB
Span: 490 (491-1)
Time taken: 40.38s
Solution is valid.
--------------------------------
Trying with UB = 490...
Span: 489 (490-1)
Time taken: 40.46s
Solution is valid.
--------------------------------
Trying with UB = 489...
Span: 488 (489-1)
Time taken: 40.51s
Solution is valid.
--------------------------------
Trying with UB = 488...
Span: 487 (488-1)
Time taken: 40.58s
Solution is valid.
--------------------------------
Trying with UB = 487...
Span: 486 (487-1)
Time taken: 40.64s
Solution is valid.
--------------------------------
Trying with UB = 486...
Span: 485 (486-1)
Time taken: 41.28s
Solution is valid.
--------------------------------
Trying with UB = 485...
Span: 484 (485-1)
Time taken: 41.38s
Solution is valid.
--------------------------------
Trying with UB = 484...
Span: 483 (484-1)
Time taken: 41.44s
Solution is valid.
--------------------------------
Trying with UB = 483...
Span: 482 (483-1)
Time taken: 41.49s
Solution is valid.
--------------------------------
Trying with UB = 482...
Span: 481 (482-1)
Time taken: 41.55s
Solution is valid.
--------------------------------
Trying with UB = 481...
Span: 480 (481-1)
Time taken: 42.24s
Solution is valid.
--------------------------------
Trying with UB = 480...
Span: 479 (480-1)
Time taken: 42.30s
Solution is valid.
--------------------------------
Trying with UB = 479...
Span: 478 (479-1)
Time taken: 42.37s
Solution is valid.
--------------------------------
Trying with UB = 478...
Span: 477 (478-1)
Time taken: 42.43s
Solution is valid.
--------------------------------
Trying with UB = 477...
Span: 476 (477-1)
Time taken: 42.49s
Solution is valid.
--------------------------------
Trying with UB = 476...
Span: 475 (476-1)
Time taken: 42.54s
Solution is valid.
--------------------------------
Trying with UB = 475...
Span: 474 (475-1)
Time taken: 42.62s
Solution is valid.
--------------------------------
Trying with UB = 474...
Span: 473 (474-1)
Time taken: 42.68s
Solution is valid.
--------------------------------
Trying with UB = 473...
Span: 472 (473-1)
Time taken: 43.22s
Solution is valid.
--------------------------------
Trying with UB = 472...
Span: 471 (472-1)
Time taken: 43.98s
Solution is valid.
--------------------------------
Trying with UB = 471...
Span: 470 (471-1)
Time taken: 46.87s
Solution is valid.
--------------------------------
Trying with UB = 470...
Span: 469 (470-1)
Time taken: 46.94s
Solution is valid.
--------------------------------
Trying with UB = 469...
Span: 468 (469-1)
Time taken: 47.00s
Solution is valid.
--------------------------------
Trying with UB = 468...
Span: 465 (466-1)
Time taken: 47.06s
Solution is valid.
--------------------------------
Trying with UB = 465...
Span: 464 (465-1)
Time taken: 47.63s
Solution is valid.
--------------------------------
Trying with UB = 464...
Span: 463 (464-1)
Time taken: 47.71s
Solution is valid.
--------------------------------
Trying with UB = 463...
[runlim] sample:		50.1 time, 50.5 real, 224.0 MB
Span: 462 (463-1)
Time taken: 50.27s
Solution is valid.
--------------------------------
Trying with UB = 462...
Span: 461 (462-1)
Time taken: 50.34s
Solution is valid.
--------------------------------
Trying with UB = 461...
Span: 460 (461-1)
Time taken: 50.39s
Solution is valid.
--------------------------------
Trying with UB = 460...
Span: 459 (460-1)
Time taken: 50.45s
Solution is valid.
--------------------------------
Trying with UB = 459...
Span: 458 (459-1)
Time taken: 50.50s
Solution is valid.
--------------------------------
Trying with UB = 458...
Span: 457 (458-1)
Time taken: 50.55s
Solution is valid.
--------------------------------
Trying with UB = 457...
Span: 456 (457-1)
Time taken: 50.61s
Solution is valid.
--------------------------------
Trying with UB = 456...
Span: 455 (456-1)
Time taken: 51.31s
Solution is valid.
--------------------------------
Trying with UB = 455...
Span: 454 (455-1)
Time taken: 52.57s
Solution is valid.
--------------------------------
Trying with UB = 454...
Span: 453 (454-1)
Time taken: 53.21s
Solution is valid.
--------------------------------
Trying with UB = 453...
Span: 452 (453-1)
Time taken: 53.95s
Solution is valid.
--------------------------------
Trying with UB = 452...
Span: 451 (452-1)
Time taken: 54.02s
Solution is valid.
--------------------------------
Trying with UB = 451...
Span: 450 (451-1)
Time taken: 54.08s
Solution is valid.
--------------------------------
Trying with UB = 450...
Span: 449 (450-1)
Time taken: 54.14s
Solution is valid.
--------------------------------
Trying with UB = 449...
Span: 448 (449-1)
Time taken: 54.20s
Solution is valid.
--------------------------------
Trying with UB = 448...
Span: 447 (448-1)
Time taken: 54.26s
Solution is valid.
--------------------------------
Trying with UB = 447...
Span: 446 (447-1)
Time taken: 56.80s
Solution is valid.
--------------------------------
Trying with UB = 446...
Span: 445 (446-1)
Time taken: 56.87s
Solution is valid.
--------------------------------
Trying with UB = 445...
Span: 444 (445-1)
Time taken: 57.54s
Solution is valid.
--------------------------------
Trying with UB = 444...
Span: 443 (444-1)
Time taken: 57.62s
Solution is valid.
--------------------------------
Trying with UB = 443...
Span: 442 (443-1)
Time taken: 57.69s
Solution is valid.
--------------------------------
Trying with UB = 442...
Span: 441 (442-1)
Time taken: 58.61s
Solution is valid.
--------------------------------
Trying with UB = 441...
Span: 440 (441-1)
Time taken: 59.61s
Solution is valid.
--------------------------------
Trying with UB = 440...
Span: 439 (440-1)
Time taken: 59.69s
Solution is valid.
--------------------------------
Trying with UB = 439...
Span: 438 (439-1)
Time taken: 59.75s
Solution is valid.
--------------------------------
Trying with UB = 438...
[runlim] sample:		60.0 time, 60.5 real, 180.1 MB
Span: 437 (438-1)
Time taken: 62.43s
Solution is valid.
--------------------------------
Trying with UB = 437...
Span: 436 (437-1)
Time taken: 63.07s
Solution is valid.
--------------------------------
Trying with UB = 436...
Span: 435 (436-1)
Time taken: 63.16s
Solution is valid.
--------------------------------
Trying with UB = 435...
Span: 434 (435-1)
Time taken: 64.37s
Solution is valid.
--------------------------------
Trying with UB = 434...
Span: 433 (434-1)
Time taken: 65.08s
Solution is valid.
--------------------------------
Trying with UB = 433...
Span: 432 (433-1)
Time taken: 65.82s
Solution is valid.
--------------------------------
Trying with UB = 432...
Span: 431 (432-1)
Time taken: 66.48s
Solution is valid.
--------------------------------
Trying with UB = 431...
Span: 430 (431-1)
Time taken: 69.37s
Solution is valid.
--------------------------------
Trying with UB = 430...
[runlim] sample:		69.9 time, 70.5 real, 183.7 MB
Span: 429 (430-1)
Time taken: 70.19s
Solution is valid.
--------------------------------
Trying with UB = 429...
[runlim] sample:		80.0 time, 80.5 real, 197.7 MB
Span: 428 (429-1)
Time taken: 81.53s
Solution is valid.
--------------------------------
Trying with UB = 428...
Span: 427 (428-1)
Time taken: 81.60s
Solution is valid.
--------------------------------
Trying with UB = 427...
[runlim] sample:		90.0 time, 90.5 real, 206.6 MB
[runlim] sample:		100.0 time, 100.5 real, 206.6 MB
Span: 426 (427-1)
Time taken: 101.65s
Solution is valid.
--------------------------------
Trying with UB = 426...
[runlim] sample:		110.0 time, 110.5 real, 226.5 MB
[runlim] sample:		120.0 time, 120.5 real, 205.4 MB
[runlim] sample:		129.9 time, 130.5 real, 194.9 MB
[runlim] sample:		139.9 time, 140.5 real, 212.9 MB
[runlim] sample:		150.0 time, 150.5 real, 224.4 MB
[runlim] sample:		160.0 time, 160.5 real, 224.4 MB
[runlim] sample:		170.0 time, 170.5 real, 224.5 MB
[runlim] sample:		180.0 time, 180.5 real, 216.7 MB
[runlim] sample:		190.1 time, 190.5 real, 202.3 MB
[runlim] sample:		199.9 time, 200.5 real, 203.7 MB
[runlim] sample:		210.0 time, 210.5 real, 201.1 MB
[runlim] sample:		220.1 time, 220.5 real, 217.5 MB
[runlim] sample:		229.9 time, 230.5 real, 217.5 MB
[runlim] sample:		240.0 time, 240.5 real, 227.1 MB
[runlim] sample:		250.1 time, 250.5 real, 230.9 MB
[runlim] sample:		260.0 time, 260.5 real, 230.9 MB
[runlim] sample:		270.0 time, 270.5 real, 233.1 MB
[runlim] sample:		280.0 time, 280.5 real, 235.3 MB
[runlim] sample:		290.0 time, 290.5 real, 235.3 MB
[runlim] sample:		299.9 time, 300.5 real, 236.1 MB
[runlim] sample:		310.0 time, 310.5 real, 236.1 MB
[runlim] sample:		320.0 time, 320.5 real, 238.0 MB
[runlim] sample:		330.0 time, 330.5 real, 238.0 MB
[runlim] sample:		340.0 time, 340.5 real, 238.0 MB
[runlim] sample:		350.1 time, 350.5 real, 239.3 MB
[runlim] sample:		360.0 time, 360.5 real, 194.5 MB
[runlim] sample:		370.0 time, 370.5 real, 194.5 MB
[runlim] sample:		380.1 time, 380.5 real, 229.9 MB
[runlim] sample:		390.0 time, 390.5 real, 199.1 MB
[runlim] sample:		400.0 time, 400.5 real, 245.8 MB
[runlim] sample:		410.0 time, 410.5 real, 243.3 MB
[runlim] sample:		420.0 time, 420.5 real, 253.3 MB
[runlim] sample:		430.0 time, 430.5 real, 274.5 MB
[runlim] sample:		440.0 time, 440.5 real, 263.5 MB
[runlim] sample:		450.1 time, 450.5 real, 232.8 MB
[runlim] sample:		460.1 time, 460.5 real, 203.2 MB
[runlim] sample:		470.2 time, 470.5 real, 205.9 MB
[runlim] sample:		480.0 time, 480.5 real, 196.8 MB
[runlim] sample:		489.9 time, 490.5 real, 225.5 MB
[runlim] sample:		499.9 time, 500.5 real, 317.5 MB
[runlim] sample:		510.0 time, 510.5 real, 281.5 MB
[runlim] sample:		520.0 time, 520.5 real, 304.7 MB
[runlim] sample:		530.0 time, 530.5 real, 333.8 MB
[runlim] sample:		540.0 time, 540.5 real, 345.9 MB
[runlim] sample:		550.0 time, 550.5 real, 290.9 MB
[runlim] sample:		559.9 time, 560.5 real, 282.2 MB
[runlim] sample:		570.0 time, 570.5 real, 323.8 MB
[runlim] sample:		580.0 time, 580.5 real, 291.8 MB
[runlim] sample:		589.9 time, 590.5 real, 249.3 MB
[runlim] end:			Thu Apr  2 12:25:25 2026
[runlim] status:		out of time
[runlim] result:		2
[runlim] children:		0
[runlim] real:			600.11 seconds
[runlim] time:			599.55 seconds
[runlim] space:			459.1 MB
[runlim] samples:		5996
