[runlim] version:		1.10
[runlim] time limit:		311040000 seconds
[runlim] real time limit:	600 seconds
[runlim] space limit:		7759 MB
[runlim] argv[0]:		python3
[runlim] argv[1]:		-u
[runlim] argv[2]:		one_vertex.py
[runlim] argv[3]:		P16
[runlim] start:			Thu Apr  2 12:55:30 2026
[runlim] main pid:		35622
Reading dataset from P16.txt...
Greedy span: 321 (322-1)
Greedy solution is valid.
--------------------------------
Trying with UB = 321...
Span: 320 (321-1)
Time taken: 2.19s
Solution is valid.
--------------------------------
Trying with UB = 320...
Span: 319 (320-1)
Time taken: 5.27s
Solution is valid.
--------------------------------
Trying with UB = 319...
Span: 318 (319-1)
Time taken: 6.88s
Solution is valid.
--------------------------------
Trying with UB = 318...
Span: 317 (318-1)
Time taken: 8.43s
Solution is valid.
--------------------------------
Trying with UB = 317...
Span: 316 (317-1)
Time taken: 9.07s
Solution is valid.
--------------------------------
Trying with UB = 316...
Span: 315 (316-1)
Time taken: 9.56s
Solution is valid.
--------------------------------
Trying with UB = 315...
[runlim] sample:		10.1 time, 10.1 real, 127.6 MB
Span: 314 (315-1)
Time taken: 11.58s
Solution is valid.
--------------------------------
Trying with UB = 314...
Span: 313 (314-1)
Time taken: 11.63s
Solution is valid.
--------------------------------
Trying with UB = 313...
Span: 312 (313-1)
Time taken: 13.54s
Solution is valid.
--------------------------------
Trying with UB = 312...
Span: 311 (312-1)
Time taken: 15.71s
Solution is valid.
--------------------------------
Trying with UB = 311...
Span: 310 (311-1)
Time taken: 16.30s
Solution is valid.
--------------------------------
Trying with UB = 310...
Span: 309 (310-1)
Time taken: 16.35s
Solution is valid.
--------------------------------
Trying with UB = 309...
Span: 308 (309-1)
Time taken: 16.90s
Solution is valid.
--------------------------------
Trying with UB = 308...
Span: 307 (308-1)
Time taken: 16.95s
Solution is valid.
--------------------------------
Trying with UB = 307...
Span: 306 (307-1)
Time taken: 17.00s
Solution is valid.
--------------------------------
Trying with UB = 306...
Span: 305 (306-1)
Time taken: 17.05s
Solution is valid.
--------------------------------
Trying with UB = 305...
Span: 304 (305-1)
Time taken: 17.84s
Solution is valid.
--------------------------------
Trying with UB = 304...
Span: 303 (304-1)
Time taken: 18.22s
Solution is valid.
--------------------------------
Trying with UB = 303...
Span: 302 (303-1)
Time taken: 18.99s
Solution is valid.
--------------------------------
Trying with UB = 302...
Span: 301 (302-1)
Time taken: 19.36s
Solution is valid.
--------------------------------
Trying with UB = 301...
Span: 300 (301-1)
Time taken: 19.42s
Solution is valid.
--------------------------------
Trying with UB = 300...
Span: 299 (300-1)
Time taken: 19.46s
Solution is valid.
--------------------------------
Trying with UB = 299...
Span: 298 (299-1)
Time taken: 19.52s
Solution is valid.
--------------------------------
Trying with UB = 298...
Span: 297 (298-1)
Time taken: 19.57s
Solution is valid.
--------------------------------
Trying with UB = 297...
Span: 296 (297-1)
Time taken: 19.61s
Solution is valid.
--------------------------------
Trying with UB = 296...
Span: 295 (296-1)
Time taken: 19.66s
Solution is valid.
--------------------------------
Trying with UB = 295...
[runlim] sample:		19.9 time, 20.1 real, 125.5 MB
Span: 294 (295-1)
Time taken: 20.27s
Solution is valid.
--------------------------------
Trying with UB = 294...
Span: 293 (294-1)
Time taken: 20.32s
Solution is valid.
--------------------------------
Trying with UB = 293...
Span: 292 (293-1)
Time taken: 20.79s
Solution is valid.
--------------------------------
Trying with UB = 292...
Span: 291 (292-1)
Time taken: 20.84s
Solution is valid.
--------------------------------
Trying with UB = 291...
Span: 290 (291-1)
Time taken: 21.37s
Solution is valid.
--------------------------------
Trying with UB = 290...
Span: 289 (290-1)
Time taken: 22.04s
Solution is valid.
--------------------------------
Trying with UB = 289...
Span: 288 (289-1)
Time taken: 23.19s
Solution is valid.
--------------------------------
Trying with UB = 288...
Span: 287 (288-1)
Time taken: 24.17s
Solution is valid.
--------------------------------
Trying with UB = 287...
Span: 286 (287-1)
Time taken: 24.79s
Solution is valid.
--------------------------------
Trying with UB = 286...
Span: 285 (286-1)
Time taken: 25.53s
Solution is valid.
--------------------------------
Trying with UB = 285...
Span: 284 (285-1)
Time taken: 26.17s
Solution is valid.
--------------------------------
Trying with UB = 284...
Span: 283 (284-1)
Time taken: 26.74s
Solution is valid.
--------------------------------
Trying with UB = 283...
Span: 282 (283-1)
Time taken: 27.44s
Solution is valid.
--------------------------------
Trying with UB = 282...
Span: 281 (282-1)
Time taken: 28.48s
Solution is valid.
--------------------------------
Trying with UB = 281...
Span: 280 (281-1)
Time taken: 29.60s
Solution is valid.
--------------------------------
Trying with UB = 280...
Span: 279 (280-1)
Time taken: 29.65s
Solution is valid.
--------------------------------
Trying with UB = 279...
[runlim] sample:		30.0 time, 30.1 real, 127.0 MB
Span: 278 (279-1)
Time taken: 30.21s
Solution is valid.
--------------------------------
Trying with UB = 278...
Span: 277 (278-1)
Time taken: 30.26s
Solution is valid.
--------------------------------
Trying with UB = 277...
Span: 276 (277-1)
Time taken: 30.89s
Solution is valid.
--------------------------------
Trying with UB = 276...
Span: 275 (276-1)
Time taken: 30.93s
Solution is valid.
--------------------------------
Trying with UB = 275...
Span: 274 (275-1)
Time taken: 31.45s
Solution is valid.
--------------------------------
Trying with UB = 274...
Span: 273 (274-1)
Time taken: 32.09s
Solution is valid.
--------------------------------
Trying with UB = 273...
Span: 272 (273-1)
Time taken: 32.69s
Solution is valid.
--------------------------------
Trying with UB = 272...
Span: 271 (272-1)
Time taken: 33.26s
Solution is valid.
--------------------------------
Trying with UB = 271...
Span: 270 (271-1)
Time taken: 34.50s
Solution is valid.
--------------------------------
Trying with UB = 270...
Span: 269 (270-1)
Time taken: 36.72s
Solution is valid.
--------------------------------
Trying with UB = 269...
Span: 268 (269-1)
Time taken: 36.80s
Solution is valid.
--------------------------------
Trying with UB = 268...
Span: 267 (268-1)
Time taken: 37.44s
Solution is valid.
--------------------------------
Trying with UB = 267...
Span: 266 (267-1)
Time taken: 38.13s
Solution is valid.
--------------------------------
Trying with UB = 266...
Span: 265 (266-1)
Time taken: 38.72s
Solution is valid.
--------------------------------
Trying with UB = 265...
Span: 264 (265-1)
Time taken: 38.80s
Solution is valid.
--------------------------------
Trying with UB = 264...
[runlim] sample:		40.0 time, 40.1 real, 126.2 MB
Span: 263 (264-1)
Time taken: 40.09s
Solution is valid.
--------------------------------
Trying with UB = 263...
Span: 262 (263-1)
Time taken: 40.15s
Solution is valid.
--------------------------------
Trying with UB = 262...
Span: 261 (262-1)
Time taken: 49.55s
Solution is valid.
--------------------------------
Trying with UB = 261...
[runlim] sample:		50.0 time, 50.1 real, 136.2 MB
Span: 260 (261-1)
Time taken: 59.05s
Solution is valid.
--------------------------------
Trying with UB = 260...
[runlim] sample:		60.0 time, 60.1 real, 144.1 MB
[runlim] sample:		70.0 time, 70.1 real, 127.0 MB
[runlim] sample:		80.0 time, 80.1 real, 127.4 MB
[runlim] sample:		90.0 time, 90.1 real, 142.5 MB
[runlim] sample:		100.0 time, 100.1 real, 114.8 MB
Span: 259 (260-1)
Time taken: 100.67s
Solution is valid.
--------------------------------
Trying with UB = 259...
[runlim] sample:		110.0 time, 110.1 real, 133.0 MB
[runlim] sample:		119.9 time, 120.1 real, 169.2 MB
[runlim] sample:		130.0 time, 130.1 real, 169.2 MB
[runlim] sample:		140.1 time, 140.1 real, 170.4 MB
Span: 258 (259-1)
Time taken: 148.20s
Solution is valid.
--------------------------------
Trying with UB = 258...
[runlim] sample:		149.9 time, 150.1 real, 135.1 MB
[runlim] sample:		160.0 time, 160.1 real, 142.7 MB
[runlim] sample:		170.1 time, 170.1 real, 134.5 MB
[runlim] sample:		180.0 time, 180.1 real, 139.0 MB
[runlim] sample:		190.0 time, 190.1 real, 159.4 MB
Span: 257 (258-1)
Time taken: 199.64s
Solution is valid.
--------------------------------
Trying with UB = 257...
[runlim] sample:		200.1 time, 200.1 real, 164.9 MB
[runlim] sample:		210.0 time, 210.1 real, 166.2 MB
[runlim] sample:		220.0 time, 220.1 real, 166.4 MB
[runlim] sample:		230.0 time, 230.1 real, 166.4 MB
[runlim] sample:		240.0 time, 240.1 real, 166.4 MB
[runlim] sample:		249.9 time, 250.1 real, 166.4 MB
Span: 256 (257-1)
Time taken: 254.47s
Solution is valid.
--------------------------------
Trying with UB = 256...
[runlim] sample:		260.0 time, 260.1 real, 172.8 MB
[runlim] sample:		270.1 time, 270.1 real, 173.0 MB
[runlim] sample:		280.1 time, 280.1 real, 173.0 MB
[runlim] sample:		290.0 time, 290.1 real, 173.0 MB
[runlim] sample:		300.0 time, 300.1 real, 173.0 MB
[runlim] sample:		310.0 time, 310.1 real, 173.0 MB
Span: 255 (256-1)
Time taken: 312.94s
Solution is valid.
--------------------------------
Trying with UB = 255...
[runlim] sample:		320.0 time, 320.1 real, 177.4 MB
[runlim] sample:		329.9 time, 330.1 real, 196.7 MB
[runlim] sample:		340.0 time, 340.1 real, 196.7 MB
[runlim] sample:		350.1 time, 350.1 real, 196.7 MB
[runlim] sample:		360.0 time, 360.1 real, 196.7 MB
[runlim] sample:		370.0 time, 370.1 real, 196.7 MB
Span: 254 (255-1)
Time taken: 373.47s
Solution is valid.
--------------------------------
Trying with UB = 254...
[runlim] sample:		380.0 time, 380.1 real, 198.2 MB
[runlim] sample:		390.0 time, 390.1 real, 198.2 MB
Span: 253 (254-1)
Time taken: 392.95s
Solution is valid.
--------------------------------
Trying with UB = 253...
[runlim] sample:		400.0 time, 400.1 real, 198.2 MB
[runlim] sample:		410.0 time, 410.1 real, 198.2 MB
[runlim] sample:		420.1 time, 420.1 real, 198.2 MB
[runlim] sample:		430.2 time, 430.1 real, 198.2 MB
[runlim] sample:		440.1 time, 440.1 real, 198.2 MB
[runlim] sample:		450.0 time, 450.1 real, 198.2 MB
[runlim] sample:		459.9 time, 460.1 real, 198.2 MB
[runlim] sample:		469.9 time, 470.1 real, 198.2 MB
[runlim] sample:		480.0 time, 480.1 real, 198.2 MB
[runlim] sample:		490.0 time, 490.1 real, 198.2 MB
[runlim] sample:		500.0 time, 500.1 real, 198.2 MB
[runlim] sample:		510.0 time, 510.1 real, 198.2 MB
[runlim] sample:		520.0 time, 520.1 real, 198.2 MB
[runlim] sample:		529.9 time, 530.1 real, 198.2 MB
[runlim] sample:		540.0 time, 540.1 real, 198.2 MB
[runlim] sample:		550.0 time, 550.1 real, 198.2 MB
[runlim] sample:		559.9 time, 560.1 real, 198.2 MB
[runlim] sample:		570.0 time, 570.1 real, 198.2 MB
[runlim] sample:		580.0 time, 580.1 real, 198.2 MB
[runlim] sample:		589.9 time, 590.1 real, 198.2 MB
[runlim] sample:		600.0 time, 600.1 real, 198.2 MB
[runlim] end:			Thu Apr  2 13:05:30 2026
[runlim] status:		out of time
[runlim] result:		2
[runlim] children:		0
[runlim] real:			600.12 seconds
[runlim] time:			599.97 seconds
[runlim] space:			198.2 MB
[runlim] samples:		6000
