[runlim] version:		1.10
[runlim] time limit:		311040000 seconds
[runlim] real time limit:	600 seconds
[runlim] space limit:		7759 MB
[runlim] argv[0]:		python3
[runlim] argv[1]:		-u
[runlim] argv[2]:		one_vertex.py
[runlim] argv[3]:		P4
[runlim] start:			Thu Apr  2 12:07:31 2026
[runlim] main pid:		2000
Reading dataset from P4.txt...
Greedy span: 377 (378-1)
Greedy solution is valid.
--------------------------------
Trying with UB = 377...
Span: 376 (377-1)
Time taken: 4.99s
Solution is valid.
--------------------------------
Trying with UB = 376...
Span: 375 (376-1)
Time taken: 6.93s
Solution is valid.
--------------------------------
Trying with UB = 375...
Span: 374 (375-1)
Time taken: 8.89s
Solution is valid.
--------------------------------
Trying with UB = 374...
Span: 373 (374-1)
Time taken: 9.62s
Solution is valid.
--------------------------------
Trying with UB = 373...
Span: 372 (373-1)
Time taken: 9.73s
Solution is valid.
--------------------------------
Trying with UB = 372...
Span: 371 (372-1)
Time taken: 9.77s
Solution is valid.
--------------------------------
Trying with UB = 371...
Span: 370 (371-1)
Time taken: 9.82s
Solution is valid.
--------------------------------
Trying with UB = 370...
[runlim] sample:		10.1 time, 10.9 real, 141.4 MB
Span: 369 (370-1)
Time taken: 10.20s
Solution is valid.
--------------------------------
Trying with UB = 369...
Span: 368 (369-1)
Time taken: 10.24s
Solution is valid.
--------------------------------
Trying with UB = 368...
Span: 367 (368-1)
Time taken: 10.28s
Solution is valid.
--------------------------------
Trying with UB = 367...
Span: 366 (367-1)
Time taken: 10.32s
Solution is valid.
--------------------------------
Trying with UB = 366...
Span: 365 (366-1)
Time taken: 10.35s
Solution is valid.
--------------------------------
Trying with UB = 365...
Span: 364 (365-1)
Time taken: 10.39s
Solution is valid.
--------------------------------
Trying with UB = 364...
Span: 363 (364-1)
Time taken: 10.49s
Solution is valid.
--------------------------------
Trying with UB = 363...
Span: 362 (363-1)
Time taken: 10.53s
Solution is valid.
--------------------------------
Trying with UB = 362...
Span: 361 (362-1)
Time taken: 10.57s
Solution is valid.
--------------------------------
Trying with UB = 361...
Span: 360 (361-1)
Time taken: 10.61s
Solution is valid.
--------------------------------
Trying with UB = 360...
Span: 359 (360-1)
Time taken: 10.64s
Solution is valid.
--------------------------------
Trying with UB = 359...
Span: 358 (359-1)
Time taken: 10.69s
Solution is valid.
--------------------------------
Trying with UB = 358...
Span: 357 (358-1)
Time taken: 10.73s
Solution is valid.
--------------------------------
Trying with UB = 357...
Span: 355 (356-1)
Time taken: 10.77s
Solution is valid.
--------------------------------
Trying with UB = 355...
Span: 354 (355-1)
Time taken: 10.80s
Solution is valid.
--------------------------------
Trying with UB = 354...
Span: 353 (354-1)
Time taken: 10.84s
Solution is valid.
--------------------------------
Trying with UB = 353...
Span: 352 (353-1)
Time taken: 10.88s
Solution is valid.
--------------------------------
Trying with UB = 352...
Span: 351 (352-1)
Time taken: 11.34s
Solution is valid.
--------------------------------
Trying with UB = 351...
Span: 350 (351-1)
Time taken: 11.39s
Solution is valid.
--------------------------------
Trying with UB = 350...
Span: 349 (350-1)
Time taken: 12.23s
Solution is valid.
--------------------------------
Trying with UB = 349...
Span: 348 (349-1)
Time taken: 12.27s
Solution is valid.
--------------------------------
Trying with UB = 348...
Span: 347 (348-1)
Time taken: 12.31s
Solution is valid.
--------------------------------
Trying with UB = 347...
Span: 346 (347-1)
Time taken: 12.34s
Solution is valid.
--------------------------------
Trying with UB = 346...
Span: 345 (346-1)
Time taken: 12.38s
Solution is valid.
--------------------------------
Trying with UB = 345...
Span: 344 (345-1)
Time taken: 12.41s
Solution is valid.
--------------------------------
Trying with UB = 344...
Span: 343 (344-1)
Time taken: 12.49s
Solution is valid.
--------------------------------
Trying with UB = 343...
Span: 342 (343-1)
Time taken: 12.52s
Solution is valid.
--------------------------------
Trying with UB = 342...
Span: 341 (342-1)
Time taken: 12.56s
Solution is valid.
--------------------------------
Trying with UB = 341...
Span: 340 (341-1)
Time taken: 12.69s
Solution is valid.
--------------------------------
Trying with UB = 340...
Span: 339 (340-1)
Time taken: 13.32s
Solution is valid.
--------------------------------
Trying with UB = 339...
Span: 338 (339-1)
Time taken: 13.40s
Solution is valid.
--------------------------------
Trying with UB = 338...
Span: 337 (338-1)
Time taken: 13.44s
Solution is valid.
--------------------------------
Trying with UB = 337...
Span: 336 (337-1)
Time taken: 13.52s
Solution is valid.
--------------------------------
Trying with UB = 336...
Span: 335 (336-1)
Time taken: 13.56s
Solution is valid.
--------------------------------
Trying with UB = 335...
Span: 334 (335-1)
Time taken: 13.61s
Solution is valid.
--------------------------------
Trying with UB = 334...
Span: 333 (334-1)
Time taken: 13.65s
Solution is valid.
--------------------------------
Trying with UB = 333...
Span: 332 (333-1)
Time taken: 13.68s
Solution is valid.
--------------------------------
Trying with UB = 332...
Span: 331 (332-1)
Time taken: 13.77s
Solution is valid.
--------------------------------
Trying with UB = 331...
Span: 330 (331-1)
Time taken: 13.81s
Solution is valid.
--------------------------------
Trying with UB = 330...
Span: 329 (330-1)
Time taken: 13.84s
Solution is valid.
--------------------------------
Trying with UB = 329...
Span: 328 (329-1)
Time taken: 14.38s
Solution is valid.
--------------------------------
Trying with UB = 328...
Span: 327 (328-1)
Time taken: 14.43s
Solution is valid.
--------------------------------
Trying with UB = 327...
Span: 326 (327-1)
Time taken: 14.47s
Solution is valid.
--------------------------------
Trying with UB = 326...
Span: 325 (326-1)
Time taken: 14.99s
Solution is valid.
--------------------------------
Trying with UB = 325...
Span: 324 (325-1)
Time taken: 15.03s
Solution is valid.
--------------------------------
Trying with UB = 324...
Span: 323 (324-1)
Time taken: 15.22s
Solution is valid.
--------------------------------
Trying with UB = 323...
Span: 322 (323-1)
Time taken: 15.28s
Solution is valid.
--------------------------------
Trying with UB = 322...
Span: 321 (322-1)
Time taken: 15.39s
Solution is valid.
--------------------------------
Trying with UB = 321...
Span: 320 (321-1)
Time taken: 15.42s
Solution is valid.
--------------------------------
Trying with UB = 320...
Span: 319 (320-1)
Time taken: 15.46s
Solution is valid.
--------------------------------
Trying with UB = 319...
Span: 318 (319-1)
Time taken: 15.50s
Solution is valid.
--------------------------------
Trying with UB = 318...
Span: 317 (318-1)
Time taken: 15.68s
Solution is valid.
--------------------------------
Trying with UB = 317...
Span: 316 (317-1)
Time taken: 15.78s
Solution is valid.
--------------------------------
Trying with UB = 316...
Span: 315 (316-1)
Time taken: 15.85s
Solution is valid.
--------------------------------
Trying with UB = 315...
Span: 314 (315-1)
Time taken: 16.06s
Solution is valid.
--------------------------------
Trying with UB = 314...
Span: 313 (314-1)
Time taken: 16.10s
Solution is valid.
--------------------------------
Trying with UB = 313...
Span: 312 (313-1)
Time taken: 16.32s
Solution is valid.
--------------------------------
Trying with UB = 312...
Span: 311 (312-1)
Time taken: 16.63s
Solution is valid.
--------------------------------
Trying with UB = 311...
Span: 310 (311-1)
Time taken: 16.95s
Solution is valid.
--------------------------------
Trying with UB = 310...
Span: 309 (310-1)
Time taken: 17.09s
Solution is valid.
--------------------------------
Trying with UB = 309...
Span: 308 (309-1)
Time taken: 17.21s
Solution is valid.
--------------------------------
Trying with UB = 308...
No solution found.
Optimal span found: 308
Time taken: 17.24s
[runlim] end:			Thu Apr  2 12:07:49 2026
[runlim] status:		ok
[runlim] result:		0
[runlim] children:		0
[runlim] real:			18.16 seconds
[runlim] time:			17.18 seconds
[runlim] space:			162.0 MB
[runlim] samples:		172
