[runlim] version:		1.10
[runlim] time limit:		311040000 seconds
[runlim] real time limit:	600 seconds
[runlim] space limit:		7759 MB
[runlim] argv[0]:		python3
[runlim] argv[1]:		-u
[runlim] argv[2]:		one_vertex.py
[runlim] argv[3]:		P9
[runlim] start:			Thu Apr  2 12:09:00 2026
[runlim] main pid:		3267
Reading dataset from P9.txt...
Greedy span: 380 (381-1)
Greedy solution is valid.
--------------------------------
Trying with UB = 380...
No solution found.
Optimal span found: 380
Time taken: 2.08s
[runlim] end:			Thu Apr  2 12:09:03 2026
[runlim] status:		ok
[runlim] result:		0
[runlim] children:		0
[runlim] real:			3.04 seconds
[runlim] time:			2.09 seconds
[runlim] space:			147.2 MB
[runlim] samples:		21
