[runlim] version:		1.10
[runlim] time limit:		311040000 seconds
[runlim] real time limit:	311040000 seconds
[runlim] space limit:		15624 MB
[runlim] argv[0]:		python3
[runlim] argv[1]:		main.py
[runlim] argv[2]:		graph03
[runlim] start:			Tue Mar 17 12:20:13 2026
[runlim] main pid:		10004
Solve first problem:
Solution:
{1: 792, 2: 554, 3: 792, 4: 554, 5: 142, 6: 380, 7: 792, 8: 554, 9: 792, 10: 554, 11: 792, 12: 554, 13: 58, 14: 296, 15: 156, 16: 394, 17: 792, 18: 554, 19: 58, 20: 296, 21: 792, 22: 554, 23: 86, 24: 324, 25: 792, 26: 554, 27: 100, 28: 338, 29: 114, 30: 352, 31: 156, 32: 394, 33: 44, 34: 282, 35: 764, 36: 526, 37: 722, 38: 484, 39: 16, 40: 254, 41: 16, 42: 254, 43: 778, 44: 540, 45: 58, 46: 296, 47: 86, 48: 324, 49: 778, 50: 540, 51: 128, 52: 366, 53: 142, 54: 380, 55: 764, 56: 526, 57: 86, 58: 324, 59: 694, 60: 456, 61: 778, 62: 540, 63: 16, 64: 254, 65: 58, 66: 296, 67: 792, 68: 554, 69: 778, 70: 540, 71: 792, 72: 554, 73: 666, 74: 428, 75: 750, 76: 512, 77: 764, 78: 526, 79: 16, 80: 254, 81: 722, 82: 484, 83: 30, 84: 268, 85: 792, 86: 554, 87: 792, 88: 554, 89: 72, 90: 310, 91: 16, 92: 254, 93: 30, 94: 268, 95: 142, 96: 380, 97: 30, 98: 268, 99: 778, 100: 540, 101: 792, 102: 554, 103: 666, 104: 428, 105: 86, 106: 324, 107: 100, 108: 338, 109: 666, 110: 428, 111: 16, 112: 254, 113: 16, 114: 254, 115: 58, 116: 296, 117: 666, 118: 428, 119: 44, 120: 282, 121: 114, 122: 352, 123: 16, 124: 254, 125: 722, 126: 484, 127: 72, 128: 310, 129: 750, 130: 512, 131: 142, 132: 380, 133: 736, 134: 498, 135: 142, 136: 380, 137: 114, 138: 352, 139: 736, 140: 498, 141: 708, 142: 470, 143: 750, 144: 512, 145: 30, 146: 268, 147: 736, 148: 498, 149: 736, 150: 498, 151: 44, 152: 282, 153: 16, 154: 254, 155: 722, 156: 484, 157: 114, 158: 352, 159: 58, 160: 296, 161: 792, 162: 554, 163: 114, 164: 352, 165: 86, 166: 324, 167: 16, 168: 254, 169: 680, 170: 442, 171: 128, 172: 366, 173: 142, 174: 380, 175: 764, 176: 526, 177: 764, 178: 526, 179: 736, 180: 498, 181: 694, 182: 456, 183: 86, 184: 324, 185: 142, 186: 380, 187: 58, 188: 296, 189: 30, 190: 268, 191: 16, 192: 254, 193: 750, 194: 512, 195: 44, 196: 282, 197: 128, 198: 366, 199: 30, 200: 268}
Span: 792 - 16 = 776
Solution verified successfully.

Trying to find solution with span <= 775...
Solution:
{1: 100, 2: 338, 3: 142, 4: 380, 5: 142, 6: 380, 7: 142, 8: 380, 9: 142, 10: 380, 11: 142, 12: 380, 13: 58, 14: 296, 15: 114, 16: 352, 17: 114, 18: 352, 19: 58, 20: 296, 21: 16, 22: 254, 23: 86, 24: 324, 25: 100, 26: 338, 27: 100, 28: 338, 29: 114, 30: 352, 31: 128, 32: 366, 33: 44, 34: 282, 35: 142, 36: 380, 37: 72, 38: 310, 39: 16, 40: 254, 41: 16, 42: 254, 43: 86, 44: 324, 45: 58, 46: 296, 47: 86, 48: 324, 49: 30, 50: 268, 51: 128, 52: 366, 53: 142, 54: 380, 55: 44, 56: 282, 57: 86, 58: 324, 59: 114, 60: 352, 61: 86, 62: 324, 63: 16, 64: 254, 65: 58, 66: 296, 67: 100, 68: 338, 69: 30, 70: 268, 71: 142, 72: 380, 73: 142, 74: 380, 75: 58, 76: 296, 77: 44, 78: 282, 79: 16, 80: 254, 81: 86, 82: 324, 83: 30, 84: 268, 85: 16, 86: 254, 87: 16, 88: 254, 89: 72, 90: 310, 91: 16, 92: 254, 93: 30, 94: 268, 95: 142, 96: 380, 97: 30, 98: 268, 99: 44, 100: 282, 101: 16, 102: 254, 103: 142, 104: 380, 105: 86, 106: 324, 107: 100, 108: 338, 109: 142, 110: 380, 111: 16, 112: 254, 113: 16, 114: 254, 115: 58, 116: 296, 117: 142, 118: 380, 119: 44, 120: 282, 121: 114, 122: 352, 123: 16, 124: 254, 125: 142, 126: 380, 127: 72, 128: 310, 129: 114, 130: 352, 131: 142, 132: 380, 133: 72, 134: 310, 135: 142, 136: 380, 137: 114, 138: 352, 139: 86, 140: 324, 141: 100, 142: 338, 143: 58, 144: 296, 145: 30, 146: 268, 147: 72, 148: 310, 149: 128, 150: 366, 151: 44, 152: 282, 153: 16, 154: 254, 155: 86, 156: 324, 157: 16, 158: 254, 159: 58, 160: 296, 161: 72, 162: 310, 163: 114, 164: 352, 165: 86, 166: 324, 167: 16, 168: 254, 169: 128, 170: 366, 171: 128, 172: 366, 173: 44, 174: 282, 175: 100, 176: 338, 177: 44, 178: 282, 179: 72, 180: 310, 181: 114, 182: 352, 183: 86, 184: 324, 185: 142, 186: 380, 187: 58, 188: 296, 189: 30, 190: 268, 191: 16, 192: 254, 193: 58, 194: 296, 195: 44, 196: 282, 197: 128, 198: 366, 199: 30, 200: 268}
Span: 380 - 16 = 364
Solution verified successfully.

Trying to find solution with span <= 363...
Cannot find solution.
Cannot find solution with span <= 363.
Optimal span: 364
Time taken: 0.20 seconds
[runlim] end:			Tue Mar 17 12:20:13 2026
[runlim] status:		ok
[runlim] result:		0
[runlim] children:		0
[runlim] real:			0.85 seconds
[runlim] time:			0.19 seconds
[runlim] space:			31.6 MB
[runlim] samples:		2
