[runlim] version:		1.10
[runlim] time limit:		311040000 seconds
[runlim] real time limit:	311040000 seconds
[runlim] space limit:		15624 MB
[runlim] argv[0]:		python3
[runlim] argv[1]:		main.py
[runlim] argv[2]:		graph04
[runlim] start:			Tue Mar 17 12:20:13 2026
[runlim] main pid:		10008
Solve first problem:
Solution:
{1: 296, 2: 58, 3: 380, 4: 142, 5: 324, 6: 86, 7: 324, 8: 86, 9: 554, 10: 792, 11: 282, 12: 44, 13: 282, 14: 44, 15: 512, 16: 750, 17: 414, 18: 652, 19: 554, 20: 792, 21: 414, 22: 652, 23: 338, 24: 100, 25: 526, 26: 764, 27: 254, 28: 16, 29: 526, 30: 764, 31: 456, 32: 694, 33: 338, 34: 100, 35: 352, 36: 114, 37: 470, 38: 708, 39: 498, 40: 736, 41: 254, 42: 16, 43: 442, 44: 680, 45: 324, 46: 86, 47: 442, 48: 680, 49: 268, 50: 30, 51: 428, 52: 666, 53: 498, 54: 736, 55: 282, 56: 44, 57: 414, 58: 652, 59: 338, 60: 100, 61: 282, 62: 44, 63: 526, 64: 764, 65: 414, 66: 652, 67: 456, 68: 694, 69: 540, 70: 778, 71: 498, 72: 736, 73: 428, 74: 666, 75: 554, 76: 792, 77: 554, 78: 792, 79: 380, 80: 142, 81: 512, 82: 750, 83: 338, 84: 100, 85: 456, 86: 694, 87: 380, 88: 142, 89: 414, 90: 652, 91: 414, 92: 652, 93: 296, 94: 58, 95: 268, 96: 30, 97: 540, 98: 778, 99: 540, 100: 778, 101: 414, 102: 652, 103: 352, 104: 114, 105: 254, 106: 16, 107: 540, 108: 778, 109: 512, 110: 750, 111: 268, 112: 30, 113: 296, 114: 58, 115: 540, 116: 778, 117: 394, 118: 156, 119: 268, 120: 30, 121: 310, 122: 72, 123: 282, 124: 44, 125: 554, 126: 792, 127: 414, 128: 652, 129: 442, 130: 680, 131: 352, 132: 114, 133: 324, 134: 86, 135: 554, 136: 792, 137: 498, 138: 736, 139: 554, 140: 792, 141: 254, 142: 16, 143: 512, 144: 750, 145: 380, 146: 142, 147: 414, 148: 652, 149: 380, 150: 142, 151: 456, 152: 694, 153: 414, 154: 652, 155: 540, 156: 778, 157: 554, 158: 792, 159: 484, 160: 722, 161: 526, 162: 764, 163: 394, 164: 156, 165: 352, 166: 114, 167: 296, 168: 58, 169: 254, 170: 16, 171: 540, 172: 778, 173: 526, 174: 764, 175: 498, 176: 736, 177: 414, 178: 652, 179: 498, 180: 736, 181: 366, 182: 128, 183: 324, 184: 86, 185: 296, 186: 58, 187: 380, 188: 142, 189: 394, 190: 156, 191: 526, 192: 764, 193: 282, 194: 44, 195: 456, 196: 694, 197: 380, 198: 142, 199: 268, 200: 30, 201: 498, 202: 736, 203: 428, 204: 666, 205: 456, 206: 694, 207: 470, 208: 708, 209: 540, 210: 778, 211: 540, 212: 778, 213: 512, 214: 750, 215: 512, 216: 750, 217: 498, 218: 736, 219: 554, 220: 792, 221: 352, 222: 114, 223: 512, 224: 750, 225: 526, 226: 764, 227: 526, 228: 764, 229: 442, 230: 680, 231: 380, 232: 142, 233: 324, 234: 86, 235: 526, 236: 764, 237: 428, 238: 666, 239: 484, 240: 722, 241: 414, 242: 652, 243: 366, 244: 128, 245: 554, 246: 792, 247: 338, 248: 100, 249: 442, 250: 680, 251: 554, 252: 792, 253: 456, 254: 694, 255: 554, 256: 792, 257: 324, 258: 86, 259: 310, 260: 72, 261: 394, 262: 156, 263: 380, 264: 142, 265: 324, 266: 86, 267: 554, 268: 792, 269: 554, 270: 792, 271: 442, 272: 680, 273: 484, 274: 722, 275: 778, 276: 540, 277: 470, 278: 708, 279: 394, 280: 156, 281: 554, 282: 792, 283: 498, 284: 736, 285: 442, 286: 680, 287: 268, 288: 30, 289: 268, 290: 30, 291: 554, 292: 792, 293: 554, 294: 792, 295: 324, 296: 86, 297: 296, 298: 58, 299: 428, 300: 666, 301: 512, 302: 750, 303: 484, 304: 722, 305: 456, 306: 694, 307: 540, 308: 778, 309: 442, 310: 680, 311: 442, 312: 680, 313: 526, 314: 764, 315: 282, 316: 44, 317: 414, 318: 652, 319: 394, 320: 156, 321: 324, 322: 86, 323: 540, 324: 778, 325: 324, 326: 86, 327: 554, 328: 792, 329: 310, 330: 72, 331: 428, 332: 666, 333: 792, 334: 554, 335: 540, 336: 778, 337: 366, 338: 128, 339: 310, 340: 72, 341: 296, 342: 58, 343: 526, 344: 764, 345: 414, 346: 652, 347: 310, 348: 72, 349: 554, 350: 792, 351: 428, 352: 666, 353: 338, 354: 100, 355: 380, 356: 142, 357: 394, 358: 156, 359: 338, 360: 100, 361: 366, 362: 128, 363: 324, 364: 86, 365: 456, 366: 694, 367: 338, 368: 100, 369: 394, 370: 156, 371: 268, 372: 30, 373: 428, 374: 666, 375: 442, 376: 680, 377: 540, 378: 778, 379: 456, 380: 694, 381: 366, 382: 128, 383: 338, 384: 100, 385: 268, 386: 30, 387: 324, 388: 86, 389: 428, 390: 666, 391: 394, 392: 156, 393: 554, 394: 792, 395: 554, 396: 792, 397: 394, 398: 156, 399: 540, 400: 778}
Span: 792 - 16 = 776
Solution verified successfully.

Trying to find solution with span <= 775...
Solution:
{1: 58, 2: 296, 3: 30, 4: 268, 5: 114, 6: 352, 7: 44, 8: 282, 9: 156, 10: 394, 11: 156, 12: 394, 13: 128, 14: 366, 15: 114, 16: 352, 17: 16, 18: 254, 19: 156, 20: 394, 21: 16, 22: 254, 23: 72, 24: 310, 25: 142, 26: 380, 27: 72, 28: 310, 29: 128, 30: 366, 31: 58, 32: 296, 33: 142, 34: 380, 35: 128, 36: 366, 37: 16, 38: 254, 39: 100, 40: 338, 41: 114, 42: 352, 43: 44, 44: 282, 45: 142, 46: 380, 47: 44, 48: 282, 49: 86, 50: 324, 51: 58, 52: 296, 53: 114, 54: 352, 55: 142, 56: 380, 57: 16, 58: 254, 59: 72, 60: 310, 61: 128, 62: 366, 63: 128, 64: 366, 65: 30, 66: 268, 67: 58, 68: 296, 69: 142, 70: 380, 71: 114, 72: 352, 73: 44, 74: 282, 75: 156, 76: 394, 77: 156, 78: 394, 79: 58, 80: 296, 81: 114, 82: 352, 83: 16, 84: 254, 85: 58, 86: 296, 87: 30, 88: 268, 89: 16, 90: 254, 91: 16, 92: 254, 93: 114, 94: 352, 95: 156, 96: 394, 97: 142, 98: 380, 99: 142, 100: 380, 101: 16, 102: 254, 103: 16, 104: 254, 105: 86, 106: 324, 107: 156, 108: 394, 109: 128, 110: 366, 111: 156, 112: 394, 113: 114, 114: 352, 115: 142, 116: 380, 117: 16, 118: 254, 119: 86, 120: 324, 121: 100, 122: 338, 123: 128, 124: 366, 125: 156, 126: 394, 127: 16, 128: 254, 129: 44, 130: 282, 131: 58, 132: 296, 133: 30, 134: 268, 135: 100, 136: 338, 137: 100, 138: 338, 139: 156, 140: 394, 141: 156, 142: 394, 143: 72, 144: 310, 145: 30, 146: 268, 147: 16, 148: 254, 149: 44, 150: 282, 151: 58, 152: 296, 153: 16, 154: 254, 155: 156, 156: 394, 157: 156, 158: 394, 159: 86, 160: 324, 161: 128, 162: 366, 163: 16, 164: 254, 165: 58, 166: 296, 167: 44, 168: 282, 169: 156, 170: 394, 171: 156, 172: 394, 173: 128, 174: 366, 175: 100, 176: 338, 177: 16, 178: 254, 179: 100, 180: 338, 181: 58, 182: 296, 183: 16, 184: 254, 185: 86, 186: 324, 187: 30, 188: 268, 189: 16, 190: 254, 191: 128, 192: 366, 193: 128, 194: 366, 195: 58, 196: 296, 197: 30, 198: 268, 199: 142, 200: 380, 201: 100, 202: 338, 203: 30, 204: 268, 205: 58, 206: 296, 207: 86, 208: 324, 209: 72, 210: 310, 211: 142, 212: 380, 213: 114, 214: 352, 215: 114, 216: 352, 217: 114, 218: 352, 219: 156, 220: 394, 221: 58, 222: 296, 223: 114, 224: 352, 225: 128, 226: 366, 227: 128, 228: 366, 229: 44, 230: 282, 231: 30, 232: 268, 233: 100, 234: 338, 235: 128, 236: 366, 237: 44, 238: 282, 239: 86, 240: 324, 241: 16, 242: 254, 243: 58, 244: 296, 245: 114, 246: 352, 247: 72, 248: 310, 249: 44, 250: 282, 251: 156, 252: 394, 253: 58, 254: 296, 255: 156, 256: 394, 257: 86, 258: 324, 259: 114, 260: 352, 261: 16, 262: 254, 263: 30, 264: 268, 265: 100, 266: 338, 267: 156, 268: 394, 269: 156, 270: 394, 271: 58, 272: 296, 273: 86, 274: 324, 275: 156, 276: 394, 277: 86, 278: 324, 279: 16, 280: 254, 281: 156, 282: 394, 283: 100, 284: 338, 285: 58, 286: 296, 287: 156, 288: 394, 289: 72, 290: 310, 291: 156, 292: 394, 293: 142, 294: 380, 295: 16, 296: 254, 297: 114, 298: 352, 299: 30, 300: 268, 301: 114, 302: 352, 303: 86, 304: 324, 305: 72, 306: 310, 307: 142, 308: 380, 309: 44, 310: 282, 311: 58, 312: 296, 313: 128, 314: 366, 315: 128, 316: 366, 317: 16, 318: 254, 319: 16, 320: 254, 321: 86, 322: 324, 323: 156, 324: 394, 325: 86, 326: 324, 327: 156, 328: 394, 329: 100, 330: 338, 331: 30, 332: 268, 333: 142, 334: 380, 335: 142, 336: 380, 337: 58, 338: 296, 339: 100, 340: 338, 341: 128, 342: 366, 343: 128, 344: 366, 345: 16, 346: 254, 347: 30, 348: 268, 349: 156, 350: 394, 351: 30, 352: 268, 353: 58, 354: 296, 355: 30, 356: 268, 357: 16, 358: 254, 359: 72, 360: 310, 361: 44, 362: 282, 363: 86, 364: 324, 365: 72, 366: 310, 367: 72, 368: 310, 369: 16, 370: 254, 371: 30, 372: 268, 373: 30, 374: 268, 375: 44, 376: 282, 377: 128, 378: 366, 379: 72, 380: 310, 381: 44, 382: 282, 383: 72, 384: 310, 385: 142, 386: 380, 387: 100, 388: 338, 389: 30, 390: 268, 391: 16, 392: 254, 393: 156, 394: 394, 395: 156, 396: 394, 397: 16, 398: 254, 399: 30, 400: 268}
Span: 394 - 16 = 378
Solution verified successfully.

Trying to find solution with span <= 377...
Cannot find solution.
Cannot find solution with span <= 377.
Optimal span: 378
Time taken: 0.39 seconds
[runlim] end:			Tue Mar 17 12:20:14 2026
[runlim] status:		ok
[runlim] result:		0
[runlim] children:		0
[runlim] real:			1.29 seconds
[runlim] time:			0.39 seconds
[runlim] space:			50.6 MB
[runlim] samples:		4
