[runlim] version:		1.10
[runlim] time limit:		311040000 seconds
[runlim] real time limit:	311040000 seconds
[runlim] space limit:		15624 MB
[runlim] argv[0]:		python3
[runlim] argv[1]:		main.py
[runlim] argv[2]:		scen05
[runlim] start:			Tue Mar 17 12:20:41 2026
[runlim] main pid:		10187
Solve first problem:
Solution:
{13: 156, 14: 394, 15: 156, 16: 394, 53: 764, 54: 526, 71: 142, 72: 380, 79: 554, 80: 792, 81: 44, 82: 282, 83: 156, 84: 394, 85: 442, 86: 680, 117: 792, 118: 554, 119: 554, 120: 792, 127: 58, 128: 296, 129: 792, 130: 554, 143: 680, 144: 442, 145: 456, 146: 694, 151: 72, 152: 310, 153: 428, 154: 666, 163: 142, 164: 380, 165: 764, 166: 526, 179: 44, 180: 282, 181: 282, 182: 44, 183: 442, 184: 680, 191: 750, 192: 512, 193: 310, 194: 72, 205: 324, 206: 86, 209: 736, 210: 498, 211: 792, 212: 554, 213: 324, 214: 86, 217: 764, 218: 526, 219: 394, 220: 156, 233: 428, 234: 666, 235: 778, 236: 540, 237: 498, 238: 736, 255: 142, 256: 380, 259: 16, 260: 254, 261: 554, 262: 792, 263: 296, 264: 58, 265: 86, 266: 324, 267: 554, 268: 792, 269: 296, 270: 58, 271: 296, 272: 58, 273: 44, 274: 282, 275: 44, 276: 282, 277: 296, 278: 58, 281: 394, 282: 156, 283: 128, 284: 366, 285: 16, 286: 254, 287: 554, 288: 792, 289: 792, 290: 554, 291: 156, 292: 394, 293: 408, 294: 170, 295: 792, 296: 554, 299: 254, 300: 16, 301: 156, 302: 394, 303: 324, 304: 86, 305: 554, 306: 792, 307: 554, 308: 792, 309: 394, 310: 156, 311: 30, 312: 268, 313: 310, 314: 72, 321: 254, 322: 16, 323: 156, 324: 394, 325: 456, 326: 694, 327: 310, 328: 72, 329: 310, 330: 72, 335: 792, 336: 554, 337: 442, 338: 680, 341: 394, 342: 156, 343: 394, 344: 156, 349: 282, 350: 44, 351: 708, 352: 470, 353: 680, 354: 442, 369: 778, 370: 540, 371: 456, 372: 694, 373: 708, 374: 470, 375: 142, 376: 380, 377: 352, 378: 114, 379: 352, 380: 114, 381: 72, 382: 310, 385: 764, 386: 526, 391: 722, 392: 484, 393: 750, 394: 512, 401: 380, 402: 142, 403: 268, 404: 30, 405: 428, 406: 666, 413: 694, 414: 456, 435: 72, 436: 310, 439: 394, 440: 156, 443: 792, 444: 554, 449: 764, 450: 526, 471: 142, 472: 380, 473: 338, 474: 100, 475: 484, 476: 722, 477: 694, 478: 456, 479: 282, 480: 44, 481: 142, 482: 380, 517: 680, 518: 442, 519: 540, 520: 778, 537: 128, 538: 366, 539: 72, 540: 310, 541: 414, 542: 652, 545: 652, 546: 414, 551: 792, 552: 554, 553: 268, 554: 30, 555: 442, 556: 680, 557: 540, 558: 778, 559: 380, 560: 142, 561: 128, 562: 366, 563: 708, 564: 470, 565: 540, 566: 778, 567: 352, 568: 114, 569: 512, 570: 750, 571: 456, 572: 694, 573: 72, 574: 310, 575: 58, 576: 296, 577: 554, 578: 792, 579: 666, 580: 428, 581: 72, 582: 310, 583: 778, 584: 540, 585: 366, 586: 128, 587: 708, 588: 470, 589: 394, 590: 156, 591: 526, 592: 764, 593: 282, 594: 44, 595: 442, 596: 680, 597: 310, 598: 72, 599: 708, 600: 470, 601: 296, 602: 58, 603: 498, 604: 736, 605: 540, 606: 778, 607: 338, 608: 100, 613: 310, 614: 72, 615: 100, 616: 338, 617: 764, 618: 526, 619: 540, 620: 778, 621: 540, 622: 778, 623: 778, 624: 540, 625: 72, 626: 310, 629: 310, 630: 72, 631: 540, 632: 778, 633: 142, 634: 380, 635: 708, 636: 470, 639: 142, 640: 380, 641: 128, 642: 366, 643: 128, 644: 366, 645: 114, 646: 352, 651: 512, 652: 750, 653: 708, 654: 470, 661: 792, 662: 554, 663: 484, 664: 722, 665: 394, 666: 156, 667: 778, 668: 540, 671: 310, 672: 72, 711: 366, 712: 128, 713: 296, 714: 58, 715: 694, 716: 456, 717: 142, 718: 380, 719: 254, 720: 16, 721: 554, 722: 792, 723: 456, 724: 694, 739: 680, 740: 442, 741: 470, 742: 708, 743: 352, 744: 114, 745: 58, 746: 296, 747: 540, 748: 778, 751: 540, 752: 778, 753: 142, 754: 380, 755: 666, 756: 428, 757: 142, 758: 380, 759: 540, 760: 778, 763: 540, 764: 778, 765: 16, 766: 254, 767: 324, 768: 86, 769: 310, 770: 72, 773: 156, 774: 394, 775: 456, 776: 694, 783: 778, 784: 540, 785: 722, 786: 484, 787: 540, 788: 778, 789: 366, 790: 128, 791: 778, 792: 540, 793: 296, 794: 58, 795: 540, 796: 778, 797: 470, 798: 708, 799: 282, 800: 44, 801: 764, 802: 526, 803: 86, 804: 324, 805: 540, 806: 778, 807: 58, 808: 296, 809: 554, 810: 792, 811: 498, 812: 736, 813: 352, 814: 114, 815: 540, 816: 778, 817: 310, 818: 72, 825: 268, 826: 30, 827: 694, 828: 456, 829: 778, 830: 540, 879: 128, 880: 366, 911: 114, 912: 352, 913: 310, 914: 72, 915: 156, 916: 394}
Span: 792 - 16 = 776
Solution verified successfully.

Trying to find solution with span <= 775...
Cannot find solution.
Cannot find solution with span <= 775.
Optimal span: 776
Time taken: 0.40 seconds
[runlim] end:			Tue Mar 17 12:20:41 2026
[runlim] status:		ok
[runlim] result:		0
[runlim] children:		0
[runlim] real:			0.57 seconds
[runlim] time:			0.39 seconds
[runlim] space:			42.6 MB
[runlim] samples:		4
