[runlim] version:		1.10
[runlim] time limit:		311040000 seconds
[runlim] real time limit:	311040000 seconds
[runlim] space limit:		15624 MB
[runlim] argv[0]:		python3
[runlim] argv[1]:		main.py
[runlim] argv[2]:		scen02
[runlim] start:			Tue Mar 17 12:20:39 2026
[runlim] main pid:		10169
Solve first problem:
Solution:
{13: 16, 14: 254, 15: 16, 16: 254, 53: 16, 54: 254, 79: 30, 80: 268, 81: 16, 82: 254, 83: 16, 84: 254, 85: 86, 86: 324, 127: 16, 128: 254, 129: 114, 130: 352, 143: 16, 144: 254, 145: 16, 146: 254, 205: 44, 206: 282, 233: 30, 234: 268, 235: 44, 236: 282, 237: 30, 238: 268, 261: 16, 262: 254, 263: 16, 264: 254, 265: 16, 266: 254, 267: 86, 268: 324, 269: 16, 270: 254, 271: 16, 272: 254, 273: 86, 274: 324, 275: 86, 276: 324, 277: 30, 278: 268, 281: 44, 282: 282, 283: 44, 284: 282, 289: 30, 290: 268, 291: 44, 292: 282, 303: 16, 304: 254, 305: 86, 306: 324, 321: 30, 322: 268, 323: 100, 324: 338, 325: 30, 326: 268, 327: 100, 328: 338, 329: 16, 330: 254, 341: 114, 342: 352, 343: 114, 344: 352, 349: 100, 350: 338, 351: 86, 352: 324, 435: 30, 436: 268, 475: 44, 476: 282, 481: 58, 482: 296, 517: 310, 518: 72, 519: 30, 520: 268, 555: 282, 556: 44, 557: 44, 558: 282, 559: 268, 560: 30, 561: 128, 562: 366, 565: 100, 566: 338, 577: 114, 578: 352, 579: 16, 580: 254, 583: 296, 584: 58, 585: 30, 586: 268, 587: 86, 588: 324, 589: 16, 590: 254, 591: 428, 592: 666, 593: 30, 594: 268, 595: 86, 596: 324, 597: 100, 598: 338, 599: 58, 600: 296, 601: 428, 602: 666, 603: 44, 604: 282, 605: 30, 606: 268, 607: 128, 608: 366, 613: 428, 614: 666, 615: 30, 616: 268, 617: 72, 618: 310, 621: 100, 622: 338, 625: 268, 626: 30, 629: 86, 630: 324, 631: 114, 632: 352, 633: 338, 634: 100, 635: 380, 636: 142, 645: 30, 646: 268, 651: 16, 652: 254, 661: 72, 662: 310, 663: 16, 664: 254, 665: 352, 666: 114, 667: 16, 668: 254, 713: 30, 714: 268, 717: 86, 718: 324, 719: 156, 720: 394, 721: 366, 722: 128, 723: 16, 724: 254, 743: 44, 744: 282, 745: 128, 746: 366, 747: 114, 748: 352, 763: 296, 764: 58, 765: 268, 766: 30, 767: 156, 768: 394, 785: 16, 786: 254, 787: 310, 788: 72, 789: 44, 790: 282, 791: 114, 792: 352, 793: 30, 794: 268, 795: 100, 796: 338, 797: 30, 798: 268, 799: 100, 800: 338, 801: 498, 802: 736, 879: 44, 880: 282}
Span: 736 - 16 = 720
Solution verified successfully.

Trying to find solution with span <= 719...
Solution:
{13: 16, 14: 254, 15: 16, 16: 254, 53: 16, 54: 254, 79: 30, 80: 268, 81: 16, 82: 254, 83: 16, 84: 254, 85: 86, 86: 324, 127: 16, 128: 254, 129: 114, 130: 352, 143: 16, 144: 254, 145: 16, 146: 254, 205: 44, 206: 282, 233: 30, 234: 268, 235: 44, 236: 282, 237: 30, 238: 268, 261: 16, 262: 254, 263: 16, 264: 254, 265: 16, 266: 254, 267: 86, 268: 324, 269: 16, 270: 254, 271: 16, 272: 254, 273: 86, 274: 324, 275: 86, 276: 324, 277: 30, 278: 268, 281: 44, 282: 282, 283: 44, 284: 282, 289: 30, 290: 268, 291: 44, 292: 282, 303: 16, 304: 254, 305: 86, 306: 324, 321: 30, 322: 268, 323: 100, 324: 338, 325: 30, 326: 268, 327: 100, 328: 338, 329: 16, 330: 254, 341: 114, 342: 352, 343: 114, 344: 352, 349: 100, 350: 338, 351: 86, 352: 324, 435: 30, 436: 268, 475: 44, 476: 282, 481: 58, 482: 296, 517: 310, 518: 72, 519: 30, 520: 268, 555: 282, 556: 44, 557: 44, 558: 282, 559: 268, 560: 30, 561: 128, 562: 366, 565: 100, 566: 338, 577: 114, 578: 352, 579: 16, 580: 254, 583: 296, 584: 58, 585: 30, 586: 268, 587: 86, 588: 324, 589: 16, 590: 254, 591: 428, 592: 666, 593: 30, 594: 268, 595: 86, 596: 324, 597: 100, 598: 338, 599: 58, 600: 296, 601: 428, 602: 666, 603: 44, 604: 282, 605: 30, 606: 268, 607: 128, 608: 366, 613: 428, 614: 666, 615: 30, 616: 268, 617: 72, 618: 310, 621: 100, 622: 338, 625: 268, 626: 30, 629: 86, 630: 324, 631: 114, 632: 352, 633: 338, 634: 100, 635: 380, 636: 142, 645: 30, 646: 268, 651: 16, 652: 254, 661: 72, 662: 310, 663: 16, 664: 254, 665: 352, 666: 114, 667: 16, 668: 254, 713: 30, 714: 268, 717: 86, 718: 324, 719: 156, 720: 394, 721: 366, 722: 128, 723: 16, 724: 254, 743: 44, 744: 282, 745: 128, 746: 366, 747: 114, 748: 352, 763: 296, 764: 58, 765: 268, 766: 30, 767: 156, 768: 394, 785: 16, 786: 254, 787: 310, 788: 72, 789: 44, 790: 282, 791: 114, 792: 352, 793: 30, 794: 268, 795: 100, 796: 338, 797: 30, 798: 268, 799: 100, 800: 338, 801: 680, 802: 442, 879: 44, 880: 282}
Span: 680 - 16 = 664
Solution verified successfully.

Trying to find solution with span <= 663...
Solution:
{13: 540, 14: 778, 15: 540, 16: 778, 53: 540, 54: 778, 79: 554, 80: 792, 81: 540, 82: 778, 83: 394, 84: 156, 85: 456, 86: 694, 127: 456, 128: 694, 129: 554, 130: 792, 143: 554, 144: 792, 145: 554, 146: 792, 205: 554, 206: 792, 233: 142, 234: 380, 235: 470, 236: 708, 237: 456, 238: 694, 261: 554, 262: 792, 263: 456, 264: 694, 265: 470, 266: 708, 267: 554, 268: 792, 269: 456, 270: 694, 271: 456, 272: 694, 273: 764, 274: 526, 275: 764, 276: 526, 277: 456, 278: 694, 281: 540, 282: 778, 283: 526, 284: 764, 289: 554, 290: 792, 291: 484, 292: 722, 303: 142, 304: 380, 305: 470, 306: 708, 321: 652, 322: 414, 323: 554, 324: 792, 325: 142, 326: 380, 327: 470, 328: 708, 329: 554, 330: 792, 341: 778, 342: 540, 343: 778, 344: 540, 349: 470, 350: 708, 351: 778, 352: 540, 435: 512, 436: 750, 475: 526, 476: 764, 481: 540, 482: 778, 517: 540, 518: 778, 519: 470, 520: 708, 555: 680, 556: 442, 557: 142, 558: 380, 559: 750, 560: 512, 561: 442, 562: 680, 565: 708, 566: 470, 577: 484, 578: 722, 579: 456, 580: 694, 583: 142, 584: 380, 585: 484, 586: 722, 587: 554, 588: 792, 589: 442, 590: 680, 591: 456, 592: 694, 593: 694, 594: 456, 595: 512, 596: 750, 597: 540, 598: 778, 599: 666, 600: 428, 601: 526, 602: 764, 603: 540, 604: 778, 605: 540, 606: 778, 607: 470, 608: 708, 613: 708, 614: 470, 615: 526, 616: 764, 617: 540, 618: 778, 621: 470, 622: 708, 625: 540, 626: 778, 629: 526, 630: 764, 631: 540, 632: 778, 633: 526, 634: 764, 635: 540, 636: 778, 645: 156, 646: 394, 651: 554, 652: 792, 661: 554, 662: 792, 663: 414, 664: 652, 665: 442, 666: 680, 667: 554, 668: 792, 713: 456, 714: 694, 717: 764, 718: 526, 719: 414, 720: 652, 721: 484, 722: 722, 723: 554, 724: 792, 743: 764, 744: 526, 745: 540, 746: 778, 747: 484, 748: 722, 763: 540, 764: 778, 765: 554, 766: 792, 767: 512, 768: 750, 785: 554, 786: 792, 787: 540, 788: 778, 789: 470, 790: 708, 791: 540, 792: 778, 793: 470, 794: 708, 795: 540, 796: 778, 797: 456, 798: 694, 799: 526, 800: 764, 801: 540, 802: 778, 879: 540, 880: 778}
Span: 792 - 142 = 650
Solution verified successfully.

Trying to find solution with span <= 649...
Solution:
{13: 652, 14: 414, 15: 156, 16: 394, 53: 540, 54: 778, 79: 554, 80: 792, 81: 540, 82: 778, 83: 394, 84: 156, 85: 456, 86: 694, 127: 456, 128: 694, 129: 554, 130: 792, 143: 554, 144: 792, 145: 554, 146: 792, 205: 554, 206: 792, 233: 666, 234: 428, 235: 764, 236: 526, 237: 456, 238: 694, 261: 554, 262: 792, 263: 456, 264: 694, 265: 470, 266: 708, 267: 554, 268: 792, 269: 792, 270: 554, 271: 792, 272: 554, 273: 764, 274: 526, 275: 764, 276: 526, 277: 394, 278: 156, 281: 540, 282: 778, 283: 526, 284: 764, 289: 554, 290: 792, 291: 484, 292: 722, 303: 394, 304: 156, 305: 470, 306: 708, 321: 652, 322: 414, 323: 554, 324: 792, 325: 394, 326: 156, 327: 470, 328: 708, 329: 554, 330: 792, 341: 778, 342: 540, 343: 778, 344: 540, 349: 470, 350: 708, 351: 778, 352: 540, 435: 512, 436: 750, 475: 526, 476: 764, 481: 540, 482: 778, 517: 540, 518: 778, 519: 540, 520: 778, 555: 484, 556: 722, 557: 540, 558: 778, 559: 750, 560: 512, 561: 442, 562: 680, 565: 708, 566: 470, 577: 484, 578: 722, 579: 456, 580: 694, 583: 498, 584: 736, 585: 484, 586: 722, 587: 554, 588: 792, 589: 442, 590: 680, 591: 456, 592: 694, 593: 666, 594: 428, 595: 512, 596: 750, 597: 694, 598: 456, 599: 666, 600: 428, 601: 526, 602: 764, 603: 540, 604: 778, 605: 540, 606: 778, 607: 666, 608: 428, 613: 708, 614: 470, 615: 526, 616: 764, 617: 540, 618: 778, 621: 470, 622: 708, 625: 540, 626: 778, 629: 526, 630: 764, 631: 540, 632: 778, 633: 526, 634: 764, 635: 540, 636: 778, 645: 156, 646: 394, 651: 554, 652: 792, 661: 554, 662: 792, 663: 414, 664: 652, 665: 442, 666: 680, 667: 554, 668: 792, 713: 394, 714: 156, 717: 764, 718: 526, 719: 414, 720: 652, 721: 484, 722: 722, 723: 554, 724: 792, 743: 764, 744: 526, 745: 540, 746: 778, 747: 484, 748: 722, 763: 540, 764: 778, 765: 554, 766: 792, 767: 512, 768: 750, 785: 554, 786: 792, 787: 540, 788: 778, 789: 470, 790: 708, 791: 540, 792: 778, 793: 470, 794: 708, 795: 540, 796: 778, 797: 456, 798: 694, 799: 526, 800: 764, 801: 540, 802: 778, 879: 540, 880: 778}
Span: 792 - 156 = 636
Solution verified successfully.

Trying to find solution with span <= 635...
Solution:
{13: 394, 14: 156, 15: 428, 16: 666, 53: 540, 54: 778, 79: 512, 80: 750, 81: 526, 82: 764, 83: 750, 84: 512, 85: 414, 86: 652, 127: 666, 128: 428, 129: 498, 130: 736, 143: 694, 144: 456, 145: 694, 146: 456, 205: 540, 206: 778, 233: 666, 234: 428, 235: 764, 236: 526, 237: 456, 238: 694, 261: 526, 262: 764, 263: 456, 264: 694, 265: 456, 266: 694, 267: 526, 268: 764, 269: 394, 270: 156, 271: 394, 272: 156, 273: 764, 274: 526, 275: 764, 276: 526, 277: 778, 278: 540, 281: 764, 282: 526, 283: 764, 284: 526, 289: 540, 290: 778, 291: 484, 292: 722, 303: 394, 304: 156, 305: 470, 306: 708, 321: 394, 322: 156, 323: 456, 324: 694, 325: 394, 326: 156, 327: 470, 328: 708, 329: 512, 330: 750, 341: 414, 342: 652, 343: 414, 344: 652, 349: 470, 350: 708, 351: 778, 352: 540, 435: 512, 436: 750, 475: 526, 476: 764, 481: 540, 482: 778, 517: 540, 518: 778, 519: 540, 520: 778, 555: 484, 556: 722, 557: 484, 558: 722, 559: 750, 560: 512, 561: 442, 562: 680, 565: 694, 566: 456, 577: 484, 578: 722, 579: 456, 580: 694, 583: 498, 584: 736, 585: 470, 586: 708, 587: 526, 588: 764, 589: 442, 590: 680, 591: 456, 592: 694, 593: 442, 594: 680, 595: 512, 596: 750, 597: 456, 598: 694, 599: 470, 600: 708, 601: 526, 602: 764, 603: 540, 604: 778, 605: 540, 606: 778, 607: 666, 608: 428, 613: 498, 614: 736, 615: 526, 616: 764, 617: 540, 618: 778, 621: 470, 622: 708, 625: 540, 626: 778, 629: 526, 630: 764, 631: 540, 632: 778, 633: 526, 634: 764, 635: 540, 636: 778, 645: 394, 646: 156, 651: 540, 652: 778, 661: 540, 662: 778, 663: 778, 664: 540, 665: 652, 666: 414, 667: 540, 668: 778, 713: 778, 714: 540, 717: 764, 718: 526, 719: 414, 720: 652, 721: 156, 722: 394, 723: 694, 724: 456, 743: 764, 744: 526, 745: 540, 746: 778, 747: 428, 748: 666, 763: 540, 764: 778, 765: 540, 766: 778, 767: 512, 768: 750, 785: 540, 786: 778, 787: 540, 788: 778, 789: 470, 790: 708, 791: 540, 792: 778, 793: 470, 794: 708, 795: 540, 796: 778, 797: 456, 798: 694, 799: 526, 800: 764, 801: 540, 802: 778, 879: 540, 880: 778}
Span: 778 - 156 = 622
Solution verified successfully.

Trying to find solution with span <= 621...
Solution:
{13: 394, 14: 156, 15: 428, 16: 666, 53: 526, 54: 764, 79: 498, 80: 736, 81: 512, 82: 750, 83: 680, 84: 442, 85: 750, 86: 512, 127: 652, 128: 414, 129: 484, 130: 722, 143: 156, 144: 394, 145: 156, 146: 394, 205: 526, 206: 764, 233: 484, 234: 722, 235: 428, 236: 666, 237: 722, 238: 484, 261: 512, 262: 750, 263: 722, 264: 484, 265: 428, 266: 666, 267: 512, 268: 750, 269: 156, 270: 394, 271: 156, 272: 394, 273: 764, 274: 526, 275: 764, 276: 526, 277: 680, 278: 442, 281: 666, 282: 428, 283: 666, 284: 428, 289: 526, 290: 764, 291: 456, 292: 694, 303: 750, 304: 512, 305: 414, 306: 652, 321: 394, 322: 156, 323: 456, 324: 694, 325: 156, 326: 394, 327: 750, 328: 512, 329: 512, 330: 750, 341: 414, 342: 652, 343: 414, 344: 652, 349: 680, 350: 442, 351: 764, 352: 526, 435: 498, 436: 736, 475: 512, 476: 750, 481: 526, 482: 764, 517: 526, 518: 764, 519: 526, 520: 764, 555: 428, 556: 666, 557: 484, 558: 722, 559: 736, 560: 498, 561: 708, 562: 470, 565: 666, 566: 428, 577: 750, 578: 512, 579: 428, 580: 666, 583: 484, 584: 722, 585: 442, 586: 680, 587: 498, 588: 736, 589: 428, 590: 666, 591: 666, 592: 428, 593: 442, 594: 680, 595: 498, 596: 736, 597: 456, 598: 694, 599: 442, 600: 680, 601: 512, 602: 750, 603: 526, 604: 764, 605: 764, 606: 526, 607: 498, 608: 736, 613: 470, 614: 708, 615: 512, 616: 750, 617: 526, 618: 764, 621: 736, 622: 498, 625: 526, 626: 764, 629: 498, 630: 736, 631: 526, 632: 764, 633: 498, 634: 736, 635: 526, 636: 764, 645: 394, 646: 156, 651: 526, 652: 764, 661: 526, 662: 764, 663: 652, 664: 414, 665: 652, 666: 414, 667: 526, 668: 764, 713: 680, 714: 442, 717: 764, 718: 526, 719: 694, 720: 456, 721: 512, 722: 750, 723: 156, 724: 394, 743: 666, 744: 428, 745: 526, 746: 764, 747: 736, 748: 498, 763: 526, 764: 764, 765: 526, 766: 764, 767: 512, 768: 750, 785: 526, 786: 764, 787: 764, 788: 526, 789: 456, 790: 694, 791: 526, 792: 764, 793: 456, 794: 694, 795: 526, 796: 764, 797: 428, 798: 666, 799: 498, 800: 736, 801: 526, 802: 764, 879: 526, 880: 764}
Span: 764 - 156 = 608
Solution verified successfully.

Trying to find solution with span <= 607...
Solution:
{13: 16, 14: 254, 15: 114, 16: 352, 53: 142, 54: 380, 79: 156, 80: 394, 81: 142, 82: 380, 83: 366, 84: 128, 85: 30, 86: 268, 127: 58, 128: 296, 129: 156, 130: 394, 143: 58, 144: 296, 145: 58, 146: 296, 205: 156, 206: 394, 233: 366, 234: 128, 235: 30, 236: 268, 237: 268, 238: 30, 261: 156, 262: 394, 263: 30, 264: 268, 265: 16, 266: 254, 267: 86, 268: 324, 269: 156, 270: 394, 271: 156, 272: 394, 273: 142, 274: 380, 275: 142, 276: 380, 277: 86, 278: 324, 281: 72, 282: 310, 283: 30, 284: 268, 289: 156, 290: 394, 291: 100, 292: 338, 303: 296, 304: 58, 305: 156, 306: 394, 321: 30, 322: 268, 323: 142, 324: 380, 325: 394, 326: 156, 327: 58, 328: 296, 329: 156, 330: 394, 341: 310, 342: 72, 343: 310, 344: 72, 349: 142, 350: 380, 351: 58, 352: 296, 435: 114, 436: 352, 475: 128, 476: 366, 481: 142, 482: 380, 517: 72, 518: 310, 519: 58, 520: 296, 555: 338, 556: 100, 557: 58, 558: 296, 559: 352, 560: 114, 561: 114, 562: 352, 565: 30, 566: 268, 577: 156, 578: 394, 579: 156, 580: 394, 583: 352, 584: 114, 585: 380, 586: 142, 587: 156, 588: 394, 589: 30, 590: 268, 591: 268, 592: 30, 593: 30, 594: 268, 595: 114, 596: 352, 597: 128, 598: 366, 599: 128, 600: 366, 601: 128, 602: 366, 603: 142, 604: 380, 605: 142, 606: 380, 607: 30, 608: 268, 613: 142, 614: 380, 615: 128, 616: 366, 617: 142, 618: 380, 621: 142, 622: 380, 625: 72, 626: 310, 629: 142, 630: 380, 631: 128, 632: 366, 633: 128, 634: 366, 635: 142, 636: 380, 645: 394, 646: 156, 651: 156, 652: 394, 661: 142, 662: 380, 663: 394, 664: 156, 665: 394, 666: 156, 667: 156, 668: 394, 713: 86, 714: 324, 717: 142, 718: 380, 719: 254, 720: 16, 721: 394, 722: 156, 723: 58, 724: 296, 743: 366, 744: 128, 745: 58, 746: 296, 747: 58, 748: 296, 763: 142, 764: 380, 765: 156, 766: 394, 767: 86, 768: 324, 785: 72, 786: 310, 787: 366, 788: 128, 789: 142, 790: 380, 791: 72, 792: 310, 793: 142, 794: 380, 795: 72, 796: 310, 797: 142, 798: 380, 799: 30, 800: 268, 801: 338, 802: 100, 879: 142, 880: 380}
Span: 394 - 16 = 378
Solution verified successfully.

Trying to find solution with span <= 377...
Cannot find solution.
Cannot find solution with span <= 377.
Optimal span: 378
Time taken: 0.31 seconds
[runlim] end:			Tue Mar 17 12:20:39 2026
[runlim] status:		ok
[runlim] result:		0
[runlim] children:		0
[runlim] real:			0.92 seconds
[runlim] time:			0.29 seconds
[runlim] space:			35.9 MB
[runlim] samples:		3
