[runlim] version:		1.10
[runlim] time limit:		311040000 seconds
[runlim] real time limit:	311040000 seconds
[runlim] space limit:		15624 MB
[runlim] argv[0]:		python3
[runlim] argv[1]:		main.py
[runlim] argv[2]:		TUD200.3
[runlim] start:			Tue Mar 17 12:20:57 2026
[runlim] main pid:		10290
Solve first problem:
Solution:
{1: 296, 2: 58, 3: 380, 4: 142, 5: 652, 6: 414, 7: 442, 8: 680, 9: 352, 10: 114, 11: 380, 12: 142, 13: 652, 14: 414, 15: 380, 16: 142, 17: 170, 18: 408, 19: 142, 20: 380, 21: 282, 22: 44, 23: 652, 24: 414, 25: 540, 26: 778, 27: 694, 28: 456, 29: 792, 30: 554, 31: 442, 32: 680, 33: 268, 34: 30, 35: 114, 36: 352, 37: 652, 38: 414, 39: 652, 40: 414, 41: 114, 42: 352, 43: 268, 44: 30, 45: 338, 46: 100, 47: 512, 48: 750, 49: 414, 50: 652, 51: 310, 52: 72, 53: 338, 54: 100, 55: 414, 56: 652, 57: 352, 58: 114, 59: 694, 60: 456, 61: 254, 62: 16, 63: 778, 64: 540, 65: 156, 66: 394, 67: 352, 68: 114, 69: 296, 70: 58, 71: 296, 72: 58, 73: 652, 74: 414, 75: 366, 76: 128, 77: 338, 78: 100, 79: 680, 80: 442, 81: 254, 82: 16, 83: 310, 84: 72, 85: 282, 86: 44, 87: 736, 88: 498, 89: 764, 90: 526, 91: 254, 92: 16, 93: 750, 94: 512, 95: 792, 96: 554, 97: 170, 98: 408, 99: 478, 100: 240, 101: 380, 102: 142, 103: 352, 104: 114, 105: 72, 106: 310, 107: 310, 108: 72, 109: 414, 110: 652, 111: 282, 112: 44, 113: 722, 114: 484, 115: 652, 116: 414, 117: 708, 118: 470, 119: 310, 120: 72, 121: 380, 122: 142, 123: 296, 124: 58, 125: 666, 126: 428, 127: 750, 128: 512, 129: 324, 130: 86, 131: 380, 132: 142, 133: 310, 134: 72, 135: 254, 136: 16, 137: 652, 138: 414, 139: 268, 140: 30, 141: 310, 142: 72, 143: 296, 144: 58, 145: 456, 146: 694, 147: 428, 148: 666, 149: 254, 150: 16, 151: 352, 152: 114, 153: 652, 154: 414, 155: 414, 156: 652, 157: 268, 158: 30, 159: 296, 160: 58, 161: 268, 162: 30, 163: 254, 164: 16, 165: 254, 166: 16, 167: 380, 168: 142, 169: 310, 170: 72, 171: 254, 172: 16, 173: 366, 174: 128, 175: 338, 176: 100, 177: 366, 178: 128, 179: 380, 180: 142, 181: 254, 182: 16, 183: 310, 184: 72, 185: 324, 186: 86, 187: 254, 188: 16, 189: 310, 190: 72, 191: 268, 192: 30, 193: 324, 194: 86, 195: 736, 196: 498, 197: 282, 198: 44, 199: 254, 200: 16}
Span: 792 - 16 = 776
Solution verified successfully.

Trying to find solution with span <= 775...
Solution:
{1: 526, 2: 764, 3: 442, 4: 680, 5: 414, 6: 652, 7: 352, 8: 114, 9: 442, 10: 680, 11: 142, 12: 380, 13: 414, 14: 652, 15: 442, 16: 680, 17: 380, 18: 142, 19: 708, 20: 470, 21: 554, 22: 792, 23: 666, 24: 428, 25: 282, 26: 44, 27: 58, 28: 296, 29: 394, 30: 156, 31: 366, 32: 128, 33: 540, 34: 778, 35: 694, 36: 456, 37: 142, 38: 380, 39: 142, 40: 380, 41: 72, 42: 310, 43: 540, 44: 778, 45: 484, 46: 722, 47: 282, 48: 44, 49: 554, 50: 792, 51: 498, 52: 736, 53: 470, 54: 708, 55: 394, 56: 156, 57: 442, 58: 680, 59: 100, 60: 338, 61: 310, 62: 72, 63: 156, 64: 394, 65: 680, 66: 442, 67: 456, 68: 694, 69: 100, 70: 338, 71: 512, 72: 750, 73: 142, 74: 380, 75: 442, 76: 680, 77: 156, 78: 394, 79: 142, 80: 380, 81: 554, 82: 792, 83: 512, 84: 750, 85: 526, 86: 764, 87: 72, 88: 310, 89: 44, 90: 282, 91: 554, 92: 792, 93: 58, 94: 296, 95: 30, 96: 268, 97: 478, 98: 240, 99: 478, 100: 240, 101: 554, 102: 792, 103: 456, 104: 694, 105: 498, 106: 736, 107: 498, 108: 736, 109: 394, 110: 156, 111: 526, 112: 764, 113: 86, 114: 324, 115: 142, 116: 380, 117: 100, 118: 338, 119: 72, 120: 310, 121: 380, 122: 142, 123: 512, 124: 750, 125: 764, 126: 526, 127: 722, 128: 484, 129: 456, 130: 694, 131: 240, 132: 478, 133: 498, 134: 736, 135: 554, 136: 792, 137: 652, 138: 414, 139: 554, 140: 792, 141: 498, 142: 736, 143: 512, 144: 750, 145: 86, 146: 324, 147: 680, 148: 442, 149: 554, 150: 792, 151: 792, 152: 554, 153: 156, 154: 394, 155: 394, 156: 156, 157: 540, 158: 778, 159: 512, 160: 750, 161: 554, 162: 792, 163: 554, 164: 792, 165: 394, 166: 156, 167: 428, 168: 666, 169: 498, 170: 736, 171: 554, 172: 792, 173: 442, 174: 680, 175: 470, 176: 708, 177: 442, 178: 680, 179: 170, 180: 408, 181: 792, 182: 554, 183: 498, 184: 736, 185: 484, 186: 722, 187: 792, 188: 554, 189: 498, 190: 736, 191: 540, 192: 778, 193: 484, 194: 722, 195: 72, 196: 310, 197: 526, 198: 764, 199: 554, 200: 792}
Span: 792 - 30 = 762
Solution verified successfully.

Trying to find solution with span <= 761...
Solution:
{1: 512, 2: 750, 3: 414, 4: 652, 5: 680, 6: 442, 7: 352, 8: 114, 9: 442, 10: 680, 11: 142, 12: 380, 13: 142, 14: 380, 15: 414, 16: 652, 17: 380, 18: 142, 19: 694, 20: 456, 21: 526, 22: 764, 23: 156, 24: 394, 25: 268, 26: 30, 27: 44, 28: 282, 29: 310, 30: 72, 31: 366, 32: 128, 33: 540, 34: 778, 35: 694, 36: 456, 37: 142, 38: 380, 39: 366, 40: 128, 41: 72, 42: 310, 43: 540, 44: 778, 45: 470, 46: 708, 47: 282, 48: 44, 49: 526, 50: 764, 51: 470, 52: 708, 53: 456, 54: 694, 55: 338, 56: 100, 57: 442, 58: 680, 59: 86, 60: 324, 61: 282, 62: 44, 63: 156, 64: 394, 65: 680, 66: 442, 67: 442, 68: 680, 69: 86, 70: 324, 71: 484, 72: 722, 73: 142, 74: 380, 75: 428, 76: 666, 77: 156, 78: 394, 79: 142, 80: 380, 81: 526, 82: 764, 83: 498, 84: 736, 85: 512, 86: 750, 87: 72, 88: 310, 89: 44, 90: 282, 91: 442, 92: 680, 93: 30, 94: 268, 95: 30, 96: 268, 97: 478, 98: 240, 99: 478, 100: 240, 101: 722, 102: 484, 103: 442, 104: 680, 105: 456, 106: 694, 107: 484, 108: 722, 109: 394, 110: 156, 111: 512, 112: 750, 113: 44, 114: 282, 115: 142, 116: 380, 117: 58, 118: 296, 119: 72, 120: 310, 121: 380, 122: 142, 123: 512, 124: 750, 125: 100, 126: 338, 127: 708, 128: 470, 129: 778, 130: 540, 131: 240, 132: 478, 133: 484, 134: 722, 135: 540, 136: 778, 137: 114, 138: 352, 139: 540, 140: 778, 141: 484, 142: 722, 143: 428, 144: 666, 145: 778, 146: 540, 147: 114, 148: 352, 149: 540, 150: 778, 151: 778, 152: 540, 153: 156, 154: 394, 155: 394, 156: 156, 157: 540, 158: 778, 159: 498, 160: 736, 161: 540, 162: 778, 163: 540, 164: 778, 165: 394, 166: 156, 167: 778, 168: 540, 169: 498, 170: 736, 171: 470, 172: 708, 173: 694, 174: 456, 175: 394, 176: 156, 177: 442, 178: 680, 179: 170, 180: 408, 181: 156, 182: 394, 183: 114, 184: 352, 185: 470, 186: 708, 187: 778, 188: 540, 189: 498, 190: 736, 191: 540, 192: 778, 193: 470, 194: 708, 195: 58, 196: 296, 197: 512, 198: 750, 199: 540, 200: 778}
Span: 778 - 30 = 748
Solution verified successfully.

Trying to find solution with span <= 747...
Solution:
{1: 128, 2: 366, 3: 414, 4: 652, 5: 680, 6: 442, 7: 352, 8: 114, 9: 414, 10: 652, 11: 142, 12: 380, 13: 114, 14: 352, 15: 414, 16: 652, 17: 380, 18: 142, 19: 470, 20: 708, 21: 526, 22: 764, 23: 156, 24: 394, 25: 414, 26: 652, 27: 44, 28: 282, 29: 282, 30: 44, 31: 310, 32: 72, 33: 526, 34: 764, 35: 666, 36: 428, 37: 736, 38: 498, 39: 366, 40: 128, 41: 72, 42: 310, 43: 58, 44: 296, 45: 428, 46: 666, 47: 282, 48: 44, 49: 526, 50: 764, 51: 470, 52: 708, 53: 156, 54: 394, 55: 338, 56: 100, 57: 442, 58: 680, 59: 86, 60: 324, 61: 310, 62: 72, 63: 156, 64: 394, 65: 666, 66: 428, 67: 156, 68: 394, 69: 86, 70: 324, 71: 484, 72: 722, 73: 100, 74: 338, 75: 414, 76: 652, 77: 156, 78: 394, 79: 142, 80: 380, 81: 526, 82: 764, 83: 456, 84: 694, 85: 498, 86: 736, 87: 72, 88: 310, 89: 44, 90: 282, 91: 428, 92: 666, 93: 30, 94: 268, 95: 30, 96: 268, 97: 478, 98: 240, 99: 478, 100: 240, 101: 694, 102: 456, 103: 442, 104: 680, 105: 456, 106: 694, 107: 484, 108: 722, 109: 394, 110: 156, 111: 512, 112: 750, 113: 44, 114: 282, 115: 142, 116: 380, 117: 58, 118: 296, 119: 72, 120: 310, 121: 380, 122: 142, 123: 498, 124: 736, 125: 428, 126: 666, 127: 708, 128: 470, 129: 764, 130: 526, 131: 240, 132: 478, 133: 442, 134: 680, 135: 526, 136: 764, 137: 114, 138: 352, 139: 86, 140: 324, 141: 470, 142: 708, 143: 428, 144: 666, 145: 764, 146: 526, 147: 114, 148: 352, 149: 156, 150: 394, 151: 764, 152: 526, 153: 72, 154: 310, 155: 394, 156: 156, 157: 526, 158: 764, 159: 484, 160: 722, 161: 526, 162: 764, 163: 526, 164: 764, 165: 394, 166: 156, 167: 764, 168: 526, 169: 498, 170: 736, 171: 470, 172: 708, 173: 680, 174: 442, 175: 394, 176: 156, 177: 442, 178: 680, 179: 170, 180: 408, 181: 156, 182: 394, 183: 114, 184: 352, 185: 470, 186: 708, 187: 764, 188: 526, 189: 498, 190: 736, 191: 764, 192: 526, 193: 456, 194: 694, 195: 58, 196: 296, 197: 736, 198: 498, 199: 526, 200: 764}
Span: 764 - 30 = 734
Solution verified successfully.

Trying to find solution with span <= 733...
Solution:
{1: 128, 2: 366, 3: 414, 4: 652, 5: 58, 6: 296, 7: 352, 8: 114, 9: 414, 10: 652, 11: 142, 12: 380, 13: 114, 14: 352, 15: 414, 16: 652, 17: 380, 18: 142, 19: 470, 20: 708, 21: 526, 22: 764, 23: 156, 24: 394, 25: 414, 26: 652, 27: 666, 28: 428, 29: 282, 30: 44, 31: 310, 32: 72, 33: 526, 34: 764, 35: 666, 36: 428, 37: 736, 38: 498, 39: 366, 40: 128, 41: 72, 42: 310, 43: 58, 44: 296, 45: 428, 46: 666, 47: 282, 48: 44, 49: 526, 50: 764, 51: 470, 52: 708, 53: 156, 54: 394, 55: 338, 56: 100, 57: 442, 58: 680, 59: 86, 60: 324, 61: 310, 62: 72, 63: 156, 64: 394, 65: 666, 66: 428, 67: 156, 68: 394, 69: 86, 70: 324, 71: 484, 72: 722, 73: 100, 74: 338, 75: 414, 76: 652, 77: 156, 78: 394, 79: 708, 80: 470, 81: 526, 82: 764, 83: 456, 84: 694, 85: 498, 86: 736, 87: 72, 88: 310, 89: 44, 90: 282, 91: 428, 92: 666, 93: 282, 94: 44, 95: 44, 96: 282, 97: 478, 98: 240, 99: 478, 100: 240, 101: 694, 102: 456, 103: 442, 104: 680, 105: 764, 106: 526, 107: 484, 108: 722, 109: 394, 110: 156, 111: 512, 112: 750, 113: 44, 114: 282, 115: 142, 116: 380, 117: 58, 118: 296, 119: 72, 120: 310, 121: 380, 122: 142, 123: 498, 124: 736, 125: 428, 126: 666, 127: 708, 128: 470, 129: 764, 130: 526, 131: 408, 132: 170, 133: 442, 134: 680, 135: 526, 136: 764, 137: 114, 138: 352, 139: 86, 140: 324, 141: 470, 142: 708, 143: 428, 144: 666, 145: 764, 146: 526, 147: 114, 148: 352, 149: 156, 150: 394, 151: 764, 152: 526, 153: 72, 154: 310, 155: 394, 156: 156, 157: 526, 158: 764, 159: 484, 160: 722, 161: 352, 162: 114, 163: 526, 164: 764, 165: 394, 166: 156, 167: 764, 168: 526, 169: 498, 170: 736, 171: 470, 172: 708, 173: 680, 174: 442, 175: 394, 176: 156, 177: 442, 178: 680, 179: 170, 180: 408, 181: 156, 182: 394, 183: 114, 184: 352, 185: 470, 186: 708, 187: 764, 188: 526, 189: 498, 190: 736, 191: 764, 192: 526, 193: 456, 194: 694, 195: 58, 196: 296, 197: 736, 198: 498, 199: 526, 200: 764}
Span: 764 - 44 = 720
Solution verified successfully.

Trying to find solution with span <= 719...
Solution:
{1: 128, 2: 366, 3: 414, 4: 652, 5: 58, 6: 296, 7: 470, 8: 708, 9: 142, 10: 380, 11: 142, 12: 380, 13: 114, 14: 352, 15: 114, 16: 352, 17: 380, 18: 142, 19: 470, 20: 708, 21: 652, 22: 414, 23: 156, 24: 394, 25: 456, 26: 694, 27: 666, 28: 428, 29: 282, 30: 44, 31: 310, 32: 72, 33: 282, 34: 44, 35: 722, 36: 484, 37: 86, 38: 324, 39: 366, 40: 128, 41: 72, 42: 310, 43: 666, 44: 428, 45: 750, 46: 512, 47: 394, 48: 156, 49: 142, 50: 380, 51: 750, 52: 512, 53: 156, 54: 394, 55: 338, 56: 100, 57: 442, 58: 680, 59: 324, 60: 86, 61: 282, 62: 44, 63: 156, 64: 394, 65: 128, 66: 366, 67: 156, 68: 394, 69: 58, 70: 296, 71: 58, 72: 296, 73: 100, 74: 338, 75: 366, 76: 128, 77: 156, 78: 394, 79: 708, 80: 470, 81: 470, 82: 708, 83: 414, 84: 652, 85: 512, 86: 750, 87: 72, 88: 310, 89: 44, 90: 282, 91: 428, 92: 666, 93: 282, 94: 44, 95: 100, 96: 338, 97: 478, 98: 240, 99: 478, 100: 240, 101: 324, 102: 86, 103: 680, 104: 442, 105: 750, 106: 512, 107: 484, 108: 722, 109: 394, 110: 156, 111: 456, 112: 694, 113: 44, 114: 282, 115: 296, 116: 58, 117: 324, 118: 86, 119: 72, 120: 310, 121: 380, 122: 142, 123: 428, 124: 666, 125: 100, 126: 338, 127: 694, 128: 456, 129: 666, 130: 428, 131: 408, 132: 170, 133: 512, 134: 750, 135: 470, 136: 708, 137: 114, 138: 352, 139: 44, 140: 282, 141: 442, 142: 680, 143: 652, 144: 414, 145: 58, 146: 296, 147: 114, 148: 352, 149: 156, 150: 394, 151: 750, 152: 512, 153: 72, 154: 310, 155: 394, 156: 156, 157: 484, 158: 722, 159: 484, 160: 722, 161: 352, 162: 114, 163: 442, 164: 680, 165: 394, 166: 156, 167: 750, 168: 512, 169: 484, 170: 722, 171: 142, 172: 380, 173: 680, 174: 442, 175: 58, 176: 296, 177: 442, 178: 680, 179: 170, 180: 408, 181: 652, 182: 414, 183: 114, 184: 352, 185: 470, 186: 708, 187: 750, 188: 512, 189: 750, 190: 512, 191: 142, 192: 380, 193: 512, 194: 750, 195: 58, 196: 296, 197: 694, 198: 456, 199: 484, 200: 722}
Span: 750 - 44 = 706
Solution verified successfully.

Trying to find solution with span <= 705...
Solution:
{1: 128, 2: 366, 3: 764, 4: 526, 5: 722, 6: 484, 7: 470, 8: 708, 9: 142, 10: 380, 11: 142, 12: 380, 13: 442, 14: 680, 15: 652, 16: 414, 17: 380, 18: 142, 19: 526, 20: 764, 21: 722, 22: 484, 23: 156, 24: 394, 25: 442, 26: 680, 27: 764, 28: 526, 29: 310, 30: 72, 31: 338, 32: 100, 33: 338, 34: 100, 35: 694, 36: 456, 37: 114, 38: 352, 39: 72, 40: 310, 41: 72, 42: 310, 43: 708, 44: 470, 45: 156, 46: 394, 47: 72, 48: 310, 49: 142, 50: 380, 51: 722, 52: 484, 53: 156, 54: 394, 55: 338, 56: 100, 57: 442, 58: 680, 59: 310, 60: 72, 61: 310, 62: 72, 63: 156, 64: 394, 65: 142, 66: 380, 67: 394, 68: 156, 69: 338, 70: 100, 71: 352, 72: 114, 73: 100, 74: 338, 75: 72, 76: 310, 77: 72, 78: 310, 79: 708, 80: 470, 81: 470, 82: 708, 83: 764, 84: 526, 85: 484, 86: 722, 87: 72, 88: 310, 89: 310, 90: 72, 91: 666, 92: 428, 93: 394, 94: 156, 95: 414, 96: 652, 97: 142, 98: 380, 99: 478, 100: 240, 101: 652, 102: 414, 103: 680, 104: 442, 105: 142, 106: 380, 107: 484, 108: 722, 109: 708, 110: 470, 111: 456, 112: 694, 113: 72, 114: 310, 115: 764, 116: 526, 117: 456, 118: 694, 119: 310, 120: 72, 121: 380, 122: 142, 123: 680, 124: 442, 125: 428, 126: 666, 127: 666, 128: 428, 129: 764, 130: 526, 131: 408, 132: 170, 133: 526, 134: 764, 135: 484, 136: 722, 137: 526, 138: 764, 139: 72, 140: 310, 141: 428, 142: 666, 143: 680, 144: 442, 145: 100, 146: 338, 147: 366, 148: 128, 149: 156, 150: 394, 151: 764, 152: 526, 153: 652, 154: 414, 155: 394, 156: 156, 157: 100, 158: 338, 159: 764, 160: 526, 161: 72, 162: 310, 163: 394, 164: 156, 165: 380, 166: 142, 167: 722, 168: 484, 169: 652, 170: 414, 171: 142, 172: 380, 173: 764, 174: 526, 175: 72, 176: 310, 177: 442, 178: 680, 179: 240, 180: 478, 181: 694, 182: 456, 183: 666, 184: 428, 185: 366, 186: 128, 187: 722, 188: 484, 189: 722, 190: 484, 191: 380, 192: 142, 193: 652, 194: 414, 195: 380, 196: 142, 197: 456, 198: 694, 199: 484, 200: 722}
Span: 764 - 72 = 692
Solution verified successfully.

Trying to find solution with span <= 691...
Solution:
{1: 128, 2: 366, 3: 680, 4: 442, 5: 722, 6: 484, 7: 470, 8: 708, 9: 470, 10: 708, 11: 478, 12: 240, 13: 554, 14: 792, 15: 652, 16: 414, 17: 240, 18: 478, 19: 554, 20: 792, 21: 554, 22: 792, 23: 652, 24: 414, 25: 442, 26: 680, 27: 792, 28: 554, 29: 512, 30: 750, 31: 708, 32: 470, 33: 680, 34: 442, 35: 380, 36: 142, 37: 736, 38: 498, 39: 792, 40: 554, 41: 352, 42: 114, 43: 114, 44: 352, 45: 456, 46: 694, 47: 366, 48: 128, 49: 380, 50: 142, 51: 708, 52: 470, 53: 792, 54: 554, 55: 498, 56: 736, 57: 442, 58: 680, 59: 394, 60: 156, 61: 352, 62: 114, 63: 414, 64: 652, 65: 142, 66: 380, 67: 652, 68: 414, 69: 114, 70: 352, 71: 366, 72: 128, 73: 128, 74: 366, 75: 792, 76: 554, 77: 114, 78: 352, 79: 708, 80: 470, 81: 442, 82: 680, 83: 554, 84: 792, 85: 366, 86: 128, 87: 114, 88: 352, 89: 484, 90: 722, 91: 666, 92: 428, 93: 666, 94: 428, 95: 512, 96: 750, 97: 170, 98: 408, 99: 170, 100: 408, 101: 680, 102: 442, 103: 792, 104: 554, 105: 512, 106: 750, 107: 484, 108: 722, 109: 554, 110: 792, 111: 456, 112: 694, 113: 114, 114: 352, 115: 414, 116: 652, 117: 380, 118: 142, 119: 694, 120: 456, 121: 240, 122: 478, 123: 414, 124: 652, 125: 428, 126: 666, 127: 736, 128: 498, 129: 750, 130: 512, 131: 408, 132: 170, 133: 470, 134: 708, 135: 792, 136: 554, 137: 470, 138: 708, 139: 156, 140: 394, 141: 428, 142: 666, 143: 722, 144: 484, 145: 736, 146: 498, 147: 666, 148: 428, 149: 414, 150: 652, 151: 792, 152: 554, 153: 792, 154: 554, 155: 394, 156: 156, 157: 470, 158: 708, 159: 750, 160: 512, 161: 352, 162: 114, 163: 394, 164: 156, 165: 380, 166: 142, 167: 142, 168: 380, 169: 394, 170: 156, 171: 352, 172: 114, 173: 114, 174: 352, 175: 414, 176: 652, 177: 694, 178: 456, 179: 142, 180: 380, 181: 142, 182: 380, 183: 666, 184: 428, 185: 366, 186: 128, 187: 114, 188: 352, 189: 750, 190: 512, 191: 366, 192: 128, 193: 512, 194: 750, 195: 722, 196: 484, 197: 114, 198: 352, 199: 484, 200: 722}
Span: 792 - 114 = 678
Solution verified successfully.

Trying to find solution with span <= 677...
Solution:
{1: 366, 2: 128, 3: 652, 4: 414, 5: 666, 6: 428, 7: 352, 8: 114, 9: 708, 10: 470, 11: 478, 12: 240, 13: 680, 14: 442, 15: 652, 16: 414, 17: 240, 18: 478, 19: 764, 20: 526, 21: 352, 22: 114, 23: 652, 24: 414, 25: 442, 26: 680, 27: 778, 28: 540, 29: 156, 30: 394, 31: 394, 32: 156, 33: 142, 34: 380, 35: 778, 36: 540, 37: 114, 38: 352, 39: 778, 40: 540, 41: 352, 42: 114, 43: 778, 44: 540, 45: 778, 46: 540, 47: 526, 48: 764, 49: 380, 50: 142, 51: 764, 52: 526, 53: 156, 54: 394, 55: 470, 56: 708, 57: 442, 58: 680, 59: 394, 60: 156, 61: 352, 62: 114, 63: 442, 64: 680, 65: 708, 66: 470, 67: 428, 68: 666, 69: 156, 70: 394, 71: 366, 72: 128, 73: 128, 74: 366, 75: 414, 76: 652, 77: 352, 78: 114, 79: 764, 80: 526, 81: 442, 82: 680, 83: 380, 84: 142, 85: 470, 86: 708, 87: 470, 88: 708, 89: 680, 90: 442, 91: 666, 92: 428, 93: 414, 94: 652, 95: 470, 96: 708, 97: 240, 98: 478, 99: 170, 100: 408, 101: 694, 102: 456, 103: 156, 104: 394, 105: 470, 106: 708, 107: 764, 108: 526, 109: 442, 110: 680, 111: 778, 112: 540, 113: 128, 114: 366, 115: 652, 116: 414, 117: 540, 118: 778, 119: 666, 120: 428, 121: 240, 122: 478, 123: 414, 124: 652, 125: 778, 126: 540, 127: 778, 128: 540, 129: 428, 130: 666, 131: 170, 132: 408, 133: 540, 134: 778, 135: 764, 136: 526, 137: 470, 138: 708, 139: 156, 140: 394, 141: 694, 142: 456, 143: 456, 144: 694, 145: 142, 146: 380, 147: 142, 148: 380, 149: 414, 150: 652, 151: 708, 152: 470, 153: 352, 154: 114, 155: 114, 156: 352, 157: 366, 158: 128, 159: 708, 160: 470, 161: 114, 162: 352, 163: 540, 164: 778, 165: 114, 166: 352, 167: 142, 168: 380, 169: 394, 170: 156, 171: 526, 172: 764, 173: 442, 174: 680, 175: 414, 176: 652, 177: 694, 178: 456, 179: 240, 180: 478, 181: 764, 182: 526, 183: 666, 184: 428, 185: 526, 186: 764, 187: 128, 188: 366, 189: 366, 190: 128, 191: 764, 192: 526, 193: 394, 194: 156, 195: 380, 196: 142, 197: 470, 198: 708, 199: 442, 200: 680}
Span: 778 - 114 = 664
Solution verified successfully.

Trying to find solution with span <= 663...
Cannot find solution.
Cannot find solution with span <= 663.
Optimal span: 664
Time taken: 0.23 seconds
[runlim] end:			Tue Mar 17 12:20:58 2026
[runlim] status:		ok
[runlim] result:		0
[runlim] children:		0
[runlim] real:			1.02 seconds
[runlim] time:			0.19 seconds
[runlim] space:			31.1 MB
[runlim] samples:		2
