[runlim] version:		1.10
[runlim] time limit:		311040000 seconds
[runlim] real time limit:	311040000 seconds
[runlim] space limit:		15624 MB
[runlim] argv[0]:		python3
[runlim] argv[1]:		main.py
[runlim] argv[2]:		TUD200.2
[runlim] start:			Tue Mar 17 12:20:57 2026
[runlim] main pid:		10287
Solve first problem:
Solution:
{1: 708, 2: 470, 3: 778, 4: 540, 5: 16, 6: 254, 7: 16, 8: 254, 9: 30, 10: 268, 11: 86, 12: 324, 13: 680, 14: 442, 15: 16, 16: 254, 17: 240, 18: 478, 19: 114, 20: 352, 21: 156, 22: 394, 23: 708, 24: 470, 25: 16, 26: 254, 27: 16, 28: 254, 29: 722, 30: 484, 31: 764, 32: 526, 33: 792, 34: 554, 35: 16, 36: 254, 37: 680, 38: 442, 39: 722, 40: 484, 41: 16, 42: 254, 43: 652, 44: 414, 45: 666, 46: 428, 47: 16, 48: 254, 49: 114, 50: 352, 51: 736, 52: 498, 53: 240, 54: 478, 55: 708, 56: 470, 57: 652, 58: 414, 59: 694, 60: 456, 61: 16, 62: 254, 63: 170, 64: 408, 65: 750, 66: 512, 67: 792, 68: 554, 69: 86, 70: 324, 71: 44, 72: 282, 73: 652, 74: 414, 75: 128, 76: 366, 77: 652, 78: 414, 79: 680, 80: 442, 81: 792, 82: 554, 83: 792, 84: 554, 85: 128, 86: 366, 87: 16, 88: 254, 89: 128, 90: 366, 91: 764, 92: 526, 93: 792, 94: 554, 95: 750, 96: 512, 97: 142, 98: 380, 99: 722, 100: 484, 101: 114, 102: 352, 103: 16, 104: 254, 105: 156, 106: 394, 107: 764, 108: 526, 109: 30, 110: 268, 111: 792, 112: 554, 113: 708, 114: 470, 115: 652, 116: 414, 117: 778, 118: 540, 119: 170, 120: 408, 121: 16, 122: 254, 123: 708, 124: 470, 125: 792, 126: 554, 127: 16, 128: 254, 129: 792, 130: 554, 131: 44, 132: 282, 133: 792, 134: 554, 135: 16, 136: 254, 137: 156, 138: 394, 139: 30, 140: 268, 141: 156, 142: 394, 143: 778, 144: 540, 145: 86, 146: 324, 147: 750, 148: 512, 149: 652, 150: 414, 151: 666, 152: 428, 153: 30, 154: 268, 155: 792, 156: 554, 157: 680, 158: 442, 159: 792, 160: 554, 161: 142, 162: 380, 163: 16, 164: 254, 165: 86, 166: 324, 167: 792, 168: 554, 169: 16, 170: 254, 171: 666, 172: 428, 173: 666, 174: 428, 175: 792, 176: 554, 177: 722, 178: 484, 179: 652, 180: 414, 181: 58, 182: 296, 183: 792, 184: 554, 185: 792, 186: 554, 187: 86, 188: 324, 189: 72, 190: 310, 191: 142, 192: 380, 193: 792, 194: 554, 195: 680, 196: 442, 197: 16, 198: 254, 199: 792, 200: 554}
Span: 792 - 16 = 776
Solution verified successfully.

Trying to find solution with span <= 775...
Cannot find solution.
Cannot find solution with span <= 775.
Optimal span: 776
Time taken: 0.16 seconds
[runlim] end:			Tue Mar 17 12:20:57 2026
[runlim] status:		ok
[runlim] result:		0
[runlim] children:		0
[runlim] real:			0.75 seconds
[runlim] time:			0.19 seconds
[runlim] space:			25.9 MB
[runlim] samples:		2
