[runlim] version:		1.10
[runlim] time limit:		311040000 seconds
[runlim] real time limit:	311040000 seconds
[runlim] space limit:		15624 MB
[runlim] argv[0]:		python3
[runlim] argv[1]:		main.py
[runlim] argv[2]:		TUD916.5
[runlim] start:			Tue Mar 17 12:21:02 2026
[runlim] main pid:		10335
Solve first problem:
Cannot find solution.
Time taken: 0.71 seconds
[runlim] end:			Tue Mar 17 12:21:03 2026
[runlim] status:		ok
[runlim] result:		0
[runlim] children:		0
[runlim] real:			1.47 seconds
[runlim] time:			0.69 seconds
[runlim] space:			53.4 MB
[runlim] samples:		7
