[runlim] version:		1.10
[runlim] time limit:		311040000 seconds
[runlim] real time limit:	600 seconds
[runlim] space limit:		7759 MB
[runlim] argv[0]:		python3
[runlim] argv[1]:		-u
[runlim] argv[2]:		one_vertex.py
[runlim] argv[3]:		P1
[runlim] start:			Thu Mar 26 11:08:22 2026
[runlim] main pid:		1676
Reading dataset from P1.txt...
Greedy span: 380 (381-1)
Greedy solution is valid.
--------------------------------
Trying with UB = 380...
No solution found.
Optimal span found: 380
Time taken: 3.62s
[runlim] end:			Thu Mar 26 11:08:25 2026
[runlim] status:		ok
[runlim] result:		0
[runlim] children:		0
[runlim] real:			3.91 seconds
[runlim] time:			3.64 seconds
[runlim] space:			146.3 MB
[runlim] samples:		37
