[runlim] version:		1.10
[runlim] time limit:		311040000 seconds
[runlim] real time limit:	600 seconds
[runlim] space limit:		7759 MB
[runlim] argv[0]:		python3
[runlim] argv[1]:		-u
[runlim] argv[2]:		one_vertex.py
[runlim] argv[3]:		P2
[runlim] start:			Thu Mar 26 11:08:25 2026
[runlim] main pid:		1723
Reading dataset from P2.txt...
Greedy span: 542 (543-1)
Greedy solution is valid.
--------------------------------
Trying with UB = 542...
[runlim] sample:		10.0 time, 10.9 real, 210.4 MB
[runlim] sample:		20.0 time, 20.9 real, 218.9 MB
Span: 541 (542-1)
Time taken: 24.54s
Solution is valid.
--------------------------------
Trying with UB = 541...
[runlim] sample:		30.0 time, 30.9 real, 219.0 MB
Span: 540 (541-1)
Time taken: 30.54s
Solution is valid.
--------------------------------
Trying with UB = 540...
Span: 539 (540-1)
Time taken: 31.53s
Solution is valid.
--------------------------------
Trying with UB = 539...
Span: 538 (539-1)
Time taken: 33.59s
Solution is valid.
--------------------------------
Trying with UB = 538...
Span: 537 (538-1)
Time taken: 38.90s
Solution is valid.
--------------------------------
Trying with UB = 537...
Span: 536 (537-1)
Time taken: 39.01s
Solution is valid.
--------------------------------
Trying with UB = 536...
Span: 535 (536-1)
Time taken: 39.11s
Solution is valid.
--------------------------------
Trying with UB = 535...
Span: 534 (535-1)
Time taken: 39.20s
Solution is valid.
--------------------------------
Trying with UB = 534...
[runlim] sample:		40.0 time, 40.9 real, 199.9 MB
Span: 533 (534-1)
Time taken: 43.70s
Solution is valid.
--------------------------------
Trying with UB = 533...
Span: 532 (533-1)
Time taken: 43.81s
Solution is valid.
--------------------------------
Trying with UB = 532...
Span: 531 (532-1)
Time taken: 43.90s
Solution is valid.
--------------------------------
Trying with UB = 531...
Span: 530 (531-1)
Time taken: 45.17s
Solution is valid.
--------------------------------
Trying with UB = 530...
Span: 529 (530-1)
Time taken: 45.28s
Solution is valid.
--------------------------------
Trying with UB = 529...
[runlim] sample:		50.0 time, 50.9 real, 211.5 MB
Span: 528 (529-1)
Time taken: 51.00s
Solution is valid.
--------------------------------
Trying with UB = 528...
Span: 527 (528-1)
Time taken: 56.70s
Solution is valid.
--------------------------------
Trying with UB = 527...
[runlim] sample:		60.0 time, 60.9 real, 178.0 MB
Span: 526 (527-1)
Time taken: 59.95s
Solution is valid.
--------------------------------
Trying with UB = 526...
Span: 525 (526-1)
Time taken: 60.04s
Solution is valid.
--------------------------------
Trying with UB = 525...
Span: 524 (525-1)
Time taken: 60.13s
Solution is valid.
--------------------------------
Trying with UB = 524...
Span: 523 (524-1)
Time taken: 60.21s
Solution is valid.
--------------------------------
Trying with UB = 523...
Span: 522 (523-1)
Time taken: 60.30s
Solution is valid.
--------------------------------
Trying with UB = 522...
Span: 521 (522-1)
Time taken: 61.18s
Solution is valid.
--------------------------------
Trying with UB = 521...
Span: 520 (521-1)
Time taken: 62.18s
Solution is valid.
--------------------------------
Trying with UB = 520...
Span: 519 (520-1)
Time taken: 62.82s
Solution is valid.
--------------------------------
Trying with UB = 519...
Span: 518 (519-1)
Time taken: 63.78s
Solution is valid.
--------------------------------
Trying with UB = 518...
Span: 517 (518-1)
Time taken: 66.61s
Solution is valid.
--------------------------------
Trying with UB = 517...
Span: 516 (517-1)
Time taken: 67.35s
Solution is valid.
--------------------------------
Trying with UB = 516...
Span: 515 (516-1)
Time taken: 67.44s
Solution is valid.
--------------------------------
Trying with UB = 515...
Span: 514 (515-1)
Time taken: 67.51s
Solution is valid.
--------------------------------
Trying with UB = 514...
Span: 513 (514-1)
Time taken: 67.59s
Solution is valid.
--------------------------------
Trying with UB = 513...
Span: 512 (513-1)
Time taken: 67.67s
Solution is valid.
--------------------------------
Trying with UB = 512...
Span: 511 (512-1)
Time taken: 67.75s
Solution is valid.
--------------------------------
Trying with UB = 511...
Span: 510 (511-1)
Time taken: 67.83s
Solution is valid.
--------------------------------
Trying with UB = 510...
Span: 509 (510-1)
Time taken: 68.64s
Solution is valid.
--------------------------------
Trying with UB = 509...
Span: 508 (509-1)
Time taken: 69.44s
Solution is valid.
--------------------------------
Trying with UB = 508...
Span: 507 (508-1)
Time taken: 69.55s
Solution is valid.
--------------------------------
Trying with UB = 507...
Span: 506 (507-1)
Time taken: 69.65s
Solution is valid.
--------------------------------
Trying with UB = 506...
Span: 505 (506-1)
Time taken: 69.76s
Solution is valid.
--------------------------------
Trying with UB = 505...
Span: 504 (505-1)
Time taken: 69.86s
Solution is valid.
--------------------------------
Trying with UB = 504...
[runlim] sample:		70.0 time, 70.9 real, 175.2 MB
Span: 503 (504-1)
Time taken: 69.94s
Solution is valid.
--------------------------------
Trying with UB = 503...
Span: 502 (503-1)
Time taken: 70.02s
Solution is valid.
--------------------------------
Trying with UB = 502...
Span: 501 (502-1)
Time taken: 70.10s
Solution is valid.
--------------------------------
Trying with UB = 501...
Span: 500 (501-1)
Time taken: 70.22s
Solution is valid.
--------------------------------
Trying with UB = 500...
Span: 499 (500-1)
Time taken: 70.33s
Solution is valid.
--------------------------------
Trying with UB = 499...
Span: 498 (499-1)
Time taken: 70.42s
Solution is valid.
--------------------------------
Trying with UB = 498...
Span: 497 (498-1)
Time taken: 71.58s
Solution is valid.
--------------------------------
Trying with UB = 497...
Span: 495 (496-1)
Time taken: 71.67s
Solution is valid.
--------------------------------
Trying with UB = 495...
Span: 494 (495-1)
Time taken: 71.75s
Solution is valid.
--------------------------------
Trying with UB = 494...
Span: 493 (494-1)
Time taken: 72.58s
Solution is valid.
--------------------------------
Trying with UB = 493...
Span: 492 (493-1)
Time taken: 74.53s
Solution is valid.
--------------------------------
Trying with UB = 492...
Span: 491 (492-1)
Time taken: 75.47s
Solution is valid.
--------------------------------
Trying with UB = 491...
Span: 490 (491-1)
Time taken: 77.21s
Solution is valid.
--------------------------------
Trying with UB = 490...
Span: 489 (490-1)
Time taken: 77.32s
Solution is valid.
--------------------------------
Trying with UB = 489...
Span: 488 (489-1)
Time taken: 77.41s
Solution is valid.
--------------------------------
Trying with UB = 488...
Span: 487 (488-1)
Time taken: 77.51s
Solution is valid.
--------------------------------
Trying with UB = 487...
Span: 486 (487-1)
Time taken: 77.60s
Solution is valid.
--------------------------------
Trying with UB = 486...
Span: 485 (486-1)
Time taken: 78.55s
Solution is valid.
--------------------------------
Trying with UB = 485...
Span: 484 (485-1)
Time taken: 78.68s
Solution is valid.
--------------------------------
Trying with UB = 484...
Span: 483 (484-1)
Time taken: 78.77s
Solution is valid.
--------------------------------
Trying with UB = 483...
Span: 482 (483-1)
Time taken: 78.86s
Solution is valid.
--------------------------------
Trying with UB = 482...
Span: 481 (482-1)
Time taken: 78.94s
Solution is valid.
--------------------------------
Trying with UB = 481...
[runlim] sample:		80.0 time, 80.9 real, 200.7 MB
Span: 480 (481-1)
Time taken: 80.08s
Solution is valid.
--------------------------------
Trying with UB = 480...
Span: 479 (480-1)
Time taken: 80.18s
Solution is valid.
--------------------------------
Trying with UB = 479...
Span: 478 (479-1)
Time taken: 80.26s
Solution is valid.
--------------------------------
Trying with UB = 478...
Span: 477 (478-1)
Time taken: 80.35s
Solution is valid.
--------------------------------
Trying with UB = 477...
Span: 476 (477-1)
Time taken: 80.44s
Solution is valid.
--------------------------------
Trying with UB = 476...
Span: 475 (476-1)
Time taken: 80.53s
Solution is valid.
--------------------------------
Trying with UB = 475...
Span: 474 (475-1)
Time taken: 80.64s
Solution is valid.
--------------------------------
Trying with UB = 474...
Span: 473 (474-1)
Time taken: 80.73s
Solution is valid.
--------------------------------
Trying with UB = 473...
Span: 472 (473-1)
Time taken: 81.71s
Solution is valid.
--------------------------------
Trying with UB = 472...
Span: 471 (472-1)
Time taken: 82.95s
Solution is valid.
--------------------------------
Trying with UB = 471...
Span: 470 (471-1)
Time taken: 87.69s
Solution is valid.
--------------------------------
Trying with UB = 470...
Span: 469 (470-1)
Time taken: 87.78s
Solution is valid.
--------------------------------
Trying with UB = 469...
Span: 468 (469-1)
Time taken: 87.87s
Solution is valid.
--------------------------------
Trying with UB = 468...
Span: 465 (466-1)
Time taken: 87.95s
Solution is valid.
--------------------------------
Trying with UB = 465...
Span: 464 (465-1)
Time taken: 89.21s
Solution is valid.
--------------------------------
Trying with UB = 464...
Span: 463 (464-1)
Time taken: 89.35s
Solution is valid.
--------------------------------
Trying with UB = 463...
[runlim] sample:		90.0 time, 90.9 real, 204.7 MB
Span: 462 (463-1)
Time taken: 93.95s
Solution is valid.
--------------------------------
Trying with UB = 462...
Span: 461 (462-1)
Time taken: 94.06s
Solution is valid.
--------------------------------
Trying with UB = 461...
Span: 460 (461-1)
Time taken: 94.15s
Solution is valid.
--------------------------------
Trying with UB = 460...
Span: 459 (460-1)
Time taken: 94.24s
Solution is valid.
--------------------------------
Trying with UB = 459...
Span: 458 (459-1)
Time taken: 94.33s
Solution is valid.
--------------------------------
Trying with UB = 458...
Span: 457 (458-1)
Time taken: 94.41s
Solution is valid.
--------------------------------
Trying with UB = 457...
Span: 456 (457-1)
Time taken: 94.50s
Solution is valid.
--------------------------------
Trying with UB = 456...
Span: 455 (456-1)
Time taken: 95.62s
Solution is valid.
--------------------------------
Trying with UB = 455...
Span: 454 (455-1)
Time taken: 97.90s
Solution is valid.
--------------------------------
Trying with UB = 454...
Span: 453 (454-1)
Time taken: 98.92s
Solution is valid.
--------------------------------
Trying with UB = 453...
[runlim] sample:		100.0 time, 100.9 real, 204.7 MB
Span: 452 (453-1)
Time taken: 100.30s
Solution is valid.
--------------------------------
Trying with UB = 452...
Span: 451 (452-1)
Time taken: 100.39s
Solution is valid.
--------------------------------
Trying with UB = 451...
Span: 450 (451-1)
Time taken: 100.47s
Solution is valid.
--------------------------------
Trying with UB = 450...
Span: 449 (450-1)
Time taken: 100.57s
Solution is valid.
--------------------------------
Trying with UB = 449...
Span: 448 (449-1)
Time taken: 100.65s
Solution is valid.
--------------------------------
Trying with UB = 448...
Span: 447 (448-1)
Time taken: 100.73s
Solution is valid.
--------------------------------
Trying with UB = 447...
Span: 446 (447-1)
Time taken: 105.27s
Solution is valid.
--------------------------------
Trying with UB = 446...
Span: 445 (446-1)
Time taken: 105.38s
Solution is valid.
--------------------------------
Trying with UB = 445...
Span: 444 (445-1)
Time taken: 106.51s
Solution is valid.
--------------------------------
Trying with UB = 444...
Span: 443 (444-1)
Time taken: 106.63s
Solution is valid.
--------------------------------
Trying with UB = 443...
Span: 442 (443-1)
Time taken: 106.73s
Solution is valid.
--------------------------------
Trying with UB = 442...
Span: 441 (442-1)
Time taken: 108.35s
Solution is valid.
--------------------------------
Trying with UB = 441...
[runlim] sample:		110.0 time, 110.9 real, 189.9 MB
Span: 440 (441-1)
Time taken: 110.09s
Solution is valid.
--------------------------------
Trying with UB = 440...
Span: 439 (440-1)
Time taken: 110.19s
Solution is valid.
--------------------------------
Trying with UB = 439...
Span: 438 (439-1)
Time taken: 110.30s
Solution is valid.
--------------------------------
Trying with UB = 438...
Span: 437 (438-1)
Time taken: 114.85s
Solution is valid.
--------------------------------
Trying with UB = 437...
Span: 436 (437-1)
Time taken: 115.91s
Solution is valid.
--------------------------------
Trying with UB = 436...
Span: 435 (436-1)
Time taken: 116.04s
Solution is valid.
--------------------------------
Trying with UB = 435...
Span: 434 (435-1)
Time taken: 118.20s
Solution is valid.
--------------------------------
Trying with UB = 434...
Span: 433 (434-1)
Time taken: 119.58s
Solution is valid.
--------------------------------
Trying with UB = 433...
[runlim] sample:		120.1 time, 120.9 real, 190.7 MB
Span: 432 (433-1)
Time taken: 121.01s
Solution is valid.
--------------------------------
Trying with UB = 432...
Span: 431 (432-1)
Time taken: 122.06s
Solution is valid.
--------------------------------
Trying with UB = 431...
Span: 430 (431-1)
Time taken: 126.81s
Solution is valid.
--------------------------------
Trying with UB = 430...
Span: 429 (430-1)
Time taken: 128.43s
Solution is valid.
--------------------------------
Trying with UB = 429...
[runlim] sample:		130.2 time, 130.9 real, 191.1 MB
[runlim] sample:		140.3 time, 140.9 real, 192.3 MB
Span: 428 (429-1)
Time taken: 149.00s
Solution is valid.
--------------------------------
Trying with UB = 428...
Span: 427 (428-1)
Time taken: 149.12s
Solution is valid.
--------------------------------
Trying with UB = 427...
[runlim] sample:		150.3 time, 150.9 real, 192.3 MB
[runlim] sample:		159.9 time, 160.9 real, 213.4 MB
[runlim] sample:		169.9 time, 170.9 real, 213.6 MB
[runlim] sample:		180.0 time, 180.9 real, 245.8 MB
Span: 426 (427-1)
Time taken: 186.08s
Solution is valid.
--------------------------------
Trying with UB = 426...
[runlim] sample:		190.0 time, 190.9 real, 233.3 MB
[runlim] sample:		200.0 time, 200.9 real, 212.8 MB
