[runlim] version:		1.10
[runlim] time limit:		311040000 seconds
[runlim] real time limit:	600 seconds
[runlim] space limit:		7759 MB
[runlim] argv[0]:		python3
[runlim] argv[1]:		-u
[runlim] argv[2]:		one_vertex.py
[runlim] argv[3]:		P6
[runlim] start:			Thu Mar 26 11:13:20 2026
[runlim] main pid:		3536
Reading dataset from P6.txt...
Greedy span: 346 (347-1)
Greedy solution is valid.
--------------------------------
Trying with UB = 346...
Span: 345 (346-1)
Time taken: 8.77s
Solution is valid.
--------------------------------
Trying with UB = 345...
[runlim] sample:		9.9 time, 10.2 real, 128.5 MB
Span: 344 (345-1)
Time taken: 12.95s
Solution is valid.
--------------------------------
Trying with UB = 344...
Span: 343 (344-1)
Time taken: 15.85s
Solution is valid.
--------------------------------
Trying with UB = 343...
Span: 342 (343-1)
Time taken: 19.30s
Solution is valid.
--------------------------------
Trying with UB = 342...
Span: 341 (342-1)
Time taken: 19.38s
Solution is valid.
--------------------------------
Trying with UB = 341...
Span: 340 (341-1)
Time taken: 19.48s
Solution is valid.
--------------------------------
Trying with UB = 340...
Span: 339 (340-1)
Time taken: 19.63s
Solution is valid.
--------------------------------
Trying with UB = 339...
[runlim] sample:		19.8 time, 20.2 real, 107.4 MB
Span: 338 (339-1)
Time taken: 20.16s
Solution is valid.
--------------------------------
Trying with UB = 338...
Span: 337 (338-1)
Time taken: 20.26s
Solution is valid.
--------------------------------
Trying with UB = 337...
Span: 336 (337-1)
Time taken: 20.55s
Solution is valid.
--------------------------------
Trying with UB = 336...
Span: 335 (336-1)
Time taken: 21.89s
Solution is valid.
--------------------------------
Trying with UB = 335...
Span: 334 (335-1)
Time taken: 21.99s
Solution is valid.
--------------------------------
Trying with UB = 334...
Span: 333 (334-1)
Time taken: 22.24s
Solution is valid.
--------------------------------
Trying with UB = 333...
Span: 332 (333-1)
Time taken: 22.30s
Solution is valid.
--------------------------------
Trying with UB = 332...
Span: 331 (332-1)
Time taken: 22.36s
Solution is valid.
--------------------------------
Trying with UB = 331...
Span: 330 (331-1)
Time taken: 22.42s
Solution is valid.
--------------------------------
Trying with UB = 330...
Span: 329 (330-1)
Time taken: 22.64s
Solution is valid.
--------------------------------
Trying with UB = 329...
Span: 328 (329-1)
Time taken: 22.76s
Solution is valid.
--------------------------------
Trying with UB = 328...
Span: 327 (328-1)
Time taken: 22.83s
Solution is valid.
--------------------------------
Trying with UB = 327...
Span: 326 (327-1)
Time taken: 22.91s
Solution is valid.
--------------------------------
Trying with UB = 326...
Span: 325 (326-1)
Time taken: 22.98s
Solution is valid.
--------------------------------
Trying with UB = 325...
Span: 323 (324-1)
Time taken: 23.04s
Solution is valid.
--------------------------------
Trying with UB = 323...
Span: 322 (323-1)
Time taken: 23.81s
Solution is valid.
--------------------------------
Trying with UB = 322...
Span: 321 (322-1)
Time taken: 23.89s
Solution is valid.
--------------------------------
Trying with UB = 321...
Span: 320 (321-1)
Time taken: 23.97s
Solution is valid.
--------------------------------
Trying with UB = 320...
Span: 319 (320-1)
Time taken: 24.02s
Solution is valid.
--------------------------------
Trying with UB = 319...
Span: 318 (319-1)
Time taken: 25.66s
Solution is valid.
--------------------------------
Trying with UB = 318...
Span: 317 (318-1)
Time taken: 26.65s
Solution is valid.
--------------------------------
Trying with UB = 317...
Span: 316 (317-1)
Time taken: 28.17s
Solution is valid.
--------------------------------
Trying with UB = 316...
Span: 315 (316-1)
Time taken: 28.23s
Solution is valid.
--------------------------------
Trying with UB = 315...
Span: 314 (315-1)
Time taken: 28.29s
Solution is valid.
--------------------------------
Trying with UB = 314...
Span: 313 (314-1)
Time taken: 28.34s
Solution is valid.
--------------------------------
Trying with UB = 313...
Span: 312 (313-1)
Time taken: 29.44s
Solution is valid.
--------------------------------
Trying with UB = 312...
Span: 311 (312-1)
Time taken: 29.50s
Solution is valid.
--------------------------------
Trying with UB = 311...
Span: 310 (311-1)
Time taken: 29.61s
Solution is valid.
--------------------------------
Trying with UB = 310...
[runlim] sample:		29.8 time, 30.2 real, 127.2 MB
Span: 309 (310-1)
Time taken: 30.49s
Solution is valid.
--------------------------------
Trying with UB = 309...
Span: 308 (309-1)
Time taken: 30.56s
Solution is valid.
--------------------------------
Trying with UB = 308...
Span: 307 (308-1)
Time taken: 30.62s
Solution is valid.
--------------------------------
Trying with UB = 307...
Span: 306 (307-1)
Time taken: 30.70s
Solution is valid.
--------------------------------
Trying with UB = 306...
Span: 305 (306-1)
Time taken: 30.89s
Solution is valid.
--------------------------------
Trying with UB = 305...
Span: 304 (305-1)
Time taken: 30.94s
Solution is valid.
--------------------------------
Trying with UB = 304...
Span: 303 (304-1)
Time taken: 31.04s
Solution is valid.
--------------------------------
Trying with UB = 303...
Span: 302 (303-1)
Time taken: 31.11s
Solution is valid.
--------------------------------
Trying with UB = 302...
Span: 301 (302-1)
Time taken: 31.16s
Solution is valid.
--------------------------------
Trying with UB = 301...
Span: 300 (301-1)
Time taken: 31.27s
Solution is valid.
--------------------------------
Trying with UB = 300...
Span: 299 (300-1)
Time taken: 31.33s
Solution is valid.
--------------------------------
Trying with UB = 299...
Span: 298 (299-1)
Time taken: 32.87s
Solution is valid.
--------------------------------
Trying with UB = 298...
Span: 297 (298-1)
Time taken: 33.07s
Solution is valid.
--------------------------------
Trying with UB = 297...
Span: 296 (297-1)
Time taken: 34.65s
Solution is valid.
--------------------------------
Trying with UB = 296...
Span: 295 (296-1)
Time taken: 35.29s
Solution is valid.
--------------------------------
Trying with UB = 295...
Span: 294 (295-1)
Time taken: 35.36s
Solution is valid.
--------------------------------
Trying with UB = 294...
Span: 293 (294-1)
Time taken: 35.42s
Solution is valid.
--------------------------------
Trying with UB = 293...
Span: 292 (293-1)
Time taken: 36.49s
Solution is valid.
--------------------------------
Trying with UB = 292...
Span: 291 (292-1)
Time taken: 36.58s
Solution is valid.
--------------------------------
Trying with UB = 291...
Span: 290 (291-1)
Time taken: 36.65s
Solution is valid.
--------------------------------
Trying with UB = 290...
Span: 289 (290-1)
Time taken: 36.70s
Solution is valid.
--------------------------------
Trying with UB = 289...
Span: 288 (289-1)
Time taken: 37.19s
Solution is valid.
--------------------------------
Trying with UB = 288...
Span: 287 (288-1)
Time taken: 37.34s
Solution is valid.
--------------------------------
Trying with UB = 287...
Span: 286 (287-1)
Time taken: 37.45s
Solution is valid.
--------------------------------
Trying with UB = 286...
Span: 285 (286-1)
Time taken: 38.51s
Solution is valid.
--------------------------------
Trying with UB = 285...
[runlim] sample:		39.8 time, 40.2 real, 127.2 MB
Span: 284 (285-1)
Time taken: 40.82s
Solution is valid.
--------------------------------
Trying with UB = 284...
Span: 283 (284-1)
Time taken: 40.88s
Solution is valid.
--------------------------------
Trying with UB = 283...
Span: 282 (283-1)
Time taken: 40.99s
Solution is valid.
--------------------------------
Trying with UB = 282...
Span: 281 (282-1)
Time taken: 41.10s
Solution is valid.
--------------------------------
Trying with UB = 281...
Span: 280 (281-1)
Time taken: 41.16s
Solution is valid.
--------------------------------
Trying with UB = 280...
Span: 279 (280-1)
Time taken: 41.21s
Solution is valid.
--------------------------------
Trying with UB = 279...
Span: 278 (279-1)
Time taken: 41.27s
Solution is valid.
--------------------------------
Trying with UB = 278...
Span: 277 (278-1)
Time taken: 42.58s
Solution is valid.
--------------------------------
Trying with UB = 277...
Span: 276 (277-1)
Time taken: 44.71s
Solution is valid.
--------------------------------
Trying with UB = 276...
Span: 275 (276-1)
Time taken: 45.92s
Solution is valid.
--------------------------------
Trying with UB = 275...
Span: 274 (275-1)
Time taken: 47.11s
Solution is valid.
--------------------------------
Trying with UB = 274...
Span: 273 (274-1)
Time taken: 47.17s
Solution is valid.
--------------------------------
Trying with UB = 273...
Span: 272 (273-1)
Time taken: 47.68s
Solution is valid.
--------------------------------
Trying with UB = 272...
Span: 271 (272-1)
Time taken: 48.65s
Solution is valid.
--------------------------------
Trying with UB = 271...
Span: 270 (271-1)
Time taken: 49.61s
Solution is valid.
--------------------------------
Trying with UB = 270...
Span: 269 (270-1)
Time taken: 49.68s
Solution is valid.
--------------------------------
Trying with UB = 269...
Span: 268 (269-1)
Time taken: 49.75s
Solution is valid.
--------------------------------
Trying with UB = 268...
[runlim] sample:		49.9 time, 50.2 real, 124.1 MB
Span: 267 (268-1)
Time taken: 51.62s
Solution is valid.
--------------------------------
Trying with UB = 267...
Span: 266 (267-1)
Time taken: 51.95s
Solution is valid.
--------------------------------
Trying with UB = 266...
Span: 265 (266-1)
Time taken: 53.14s
Solution is valid.
--------------------------------
Trying with UB = 265...
Span: 264 (265-1)
Time taken: 54.62s
Solution is valid.
--------------------------------
Trying with UB = 264...
Span: 263 (264-1)
Time taken: 54.93s
Solution is valid.
--------------------------------
Trying with UB = 263...
Span: 262 (263-1)
Time taken: 56.72s
Solution is valid.
--------------------------------
Trying with UB = 262...
Span: 261 (262-1)
Time taken: 57.94s
Solution is valid.
--------------------------------
Trying with UB = 261...
[runlim] sample:		60.1 time, 60.2 real, 133.8 MB
Span: 260 (261-1)
Time taken: 63.69s
Solution is valid.
--------------------------------
Trying with UB = 260...
Span: 259 (260-1)
Time taken: 65.06s
Solution is valid.
--------------------------------
Trying with UB = 259...
Span: 258 (259-1)
Time taken: 65.15s
Solution is valid.
--------------------------------
Trying with UB = 258...
Span: 257 (258-1)
Time taken: 66.44s
Solution is valid.
--------------------------------
Trying with UB = 257...
Span: 256 (257-1)
Time taken: 67.66s
Solution is valid.
--------------------------------
Trying with UB = 256...
Span: 255 (256-1)
Time taken: 68.72s
Solution is valid.
--------------------------------
Trying with UB = 255...
[runlim] sample:		70.0 time, 70.2 real, 119.5 MB
Span: 254 (255-1)
Time taken: 74.19s
Solution is valid.
--------------------------------
Trying with UB = 254...
[runlim] sample:		79.9 time, 80.2 real, 127.0 MB
[runlim] sample:		89.9 time, 90.2 real, 146.1 MB
Span: 253 (254-1)
Time taken: 94.58s
Solution is valid.
--------------------------------
Trying with UB = 253...
[runlim] sample:		99.8 time, 100.2 real, 146.1 MB
[runlim] sample:		109.8 time, 110.2 real, 147.2 MB
Span: 252 (253-1)
Time taken: 117.46s
Solution is valid.
--------------------------------
Trying with UB = 252...
[runlim] sample:		119.9 time, 120.2 real, 114.8 MB
[runlim] sample:		129.9 time, 130.2 real, 125.4 MB
[runlim] sample:		139.8 time, 140.2 real, 126.8 MB
[runlim] sample:		149.9 time, 150.2 real, 126.8 MB
[runlim] sample:		159.9 time, 160.2 real, 132.6 MB
[runlim] sample:		169.8 time, 170.2 real, 132.6 MB
