[runlim] version:		1.10
[runlim] time limit:		311040000 seconds
[runlim] real time limit:	600 seconds
[runlim] space limit:		7759 MB
[runlim] argv[0]:		python3
[runlim] argv[1]:		-u
[runlim] argv[2]:		one_vertex.py
[runlim] argv[3]:		P7
[runlim] start:			Thu Mar 26 11:16:22 2026
[runlim] main pid:		4747
Reading dataset from P7.txt...
Greedy span: 308 (309-1)
Greedy solution is valid.
--------------------------------
Trying with UB = 308...
No solution found.
Optimal span found: 308
Time taken: 0.83s
[runlim] end:			Thu Mar 26 11:16:23 2026
[runlim] status:		ok
[runlim] result:		0
[runlim] children:		0
[runlim] real:			1.91 seconds
[runlim] time:			0.89 seconds
[runlim] space:			101.4 MB
[runlim] samples:		9
