[runlim] version:		1.10
[runlim] time limit:		311040000 seconds
[runlim] real time limit:	600 seconds
[runlim] space limit:		7759 MB
[runlim] argv[0]:		python3
[runlim] argv[1]:		-u
[runlim] argv[2]:		gurobi.py
[runlim] argv[3]:		P4
[runlim] start:			Sun Mar 22 23:00:49 2026
[runlim] main pid:		15533
Reading dataset from data/P4.txt...
Greedy span: 535 (536-1)
Greedy solution is valid.
--------------------------------
Starting Gurobi solver with Initial UB = 536...
*** [Callback at 8.02s] New Incumbent Found! Span: 535 (Max Freq: 536)
[runlim] sample:		18.7 time, 11.0 real, 391.0 MB
*** [Callback at 8.56s] New Incumbent Found! Span: 533 (Max Freq: 534)
*** [Callback at 8.57s] New Incumbent Found! Span: 532 (Max Freq: 533)
--------------------------------
Optimal span found: 532 (533-1)
Total time taken: 11.66s
Gurobi solution is valid.
[runlim] end:			Sun Mar 22 23:01:01 2026
[runlim] status:		ok
[runlim] result:		0
[runlim] children:		0
[runlim] real:			12.69 seconds
[runlim] time:			23.78 seconds
[runlim] space:			439.8 MB
[runlim] samples:		117
