[runlim] version:		1.10
[runlim] time limit:		311040000 seconds
[runlim] real time limit:	600 seconds
[runlim] space limit:		7759 MB
[runlim] argv[0]:		python3
[runlim] argv[1]:		-u
[runlim] argv[2]:		gurobi.py
[runlim] argv[3]:		P9
[runlim] start:			Sun Mar 22 23:09:05 2026
[runlim] main pid:		18534
Reading dataset from data/P9.txt...
Greedy span: 72 (73-1)
Greedy solution is valid.
--------------------------------
Starting Gurobi solver with Initial UB = 73...
*** [Callback at 0.19s] New Incumbent Found! Span: 72 (Max Freq: 73)
--------------------------------
Optimal span found: 72 (73-1)
Total time taken: 0.36s
Gurobi solution is valid.
[runlim] end:			Sun Mar 22 23:09:05 2026
[runlim] status:		ok
[runlim] result:		0
[runlim] children:		0
[runlim] real:			0.56 seconds
[runlim] time:			0.61 seconds
[runlim] space:			64.2 MB
[runlim] samples:		4
