[runlim] version:		1.10
[runlim] time limit:		311040000 seconds
[runlim] real time limit:	311040000 seconds
[runlim] space limit:		15624 MB
[runlim] argv[0]:		python3
[runlim] argv[1]:		main.py
[runlim] argv[2]:		graph01
[runlim] start:			Tue Mar 17 12:20:12 2026
[runlim] main pid:		9985
Solve first problem:
Solution:
{1: 30, 2: 268, 3: 16, 4: 254, 5: 16, 6: 254, 7: 142, 8: 380, 9: 142, 10: 380, 11: 16, 12: 254, 13: 30, 14: 268, 15: 58, 16: 296, 17: 16, 18: 254, 19: 16, 20: 254, 21: 44, 22: 282, 23: 142, 24: 380, 25: 72, 26: 310, 27: 352, 28: 114, 29: 16, 30: 254, 31: 72, 32: 310, 33: 114, 34: 352, 35: 72, 36: 310, 37: 16, 38: 254, 39: 16, 40: 254, 41: 72, 42: 310, 43: 86, 44: 324, 45: 58, 46: 296, 47: 16, 48: 254, 49: 72, 50: 310, 51: 86, 52: 324, 53: 30, 54: 268, 55: 58, 56: 296, 57: 58, 58: 296, 59: 16, 60: 254, 61: 128, 62: 366, 63: 86, 64: 324, 65: 16, 66: 254, 67: 58, 68: 296, 69: 44, 70: 282, 71: 30, 72: 268, 73: 142, 74: 380, 75: 86, 76: 324, 77: 30, 78: 268, 79: 16, 80: 254, 81: 72, 82: 310, 83: 58, 84: 296, 85: 72, 86: 310, 87: 114, 88: 352, 89: 58, 90: 296, 91: 156, 92: 394, 93: 16, 94: 254, 95: 72, 96: 310, 97: 408, 98: 170, 99: 86, 100: 324, 101: 30, 102: 268, 103: 16, 104: 254, 105: 142, 106: 380, 107: 44, 108: 282, 109: 16, 110: 254, 111: 86, 112: 324, 113: 44, 114: 282, 115: 114, 116: 352, 117: 114, 118: 352, 119: 100, 120: 338, 121: 408, 122: 170, 123: 142, 124: 380, 125: 58, 126: 296, 127: 30, 128: 268, 129: 114, 130: 352, 131: 30, 132: 268, 133: 366, 134: 128, 135: 170, 136: 408, 137: 30, 138: 268, 139: 16, 140: 254, 141: 30, 142: 268, 143: 44, 144: 282, 145: 86, 146: 324, 147: 366, 148: 128, 149: 428, 150: 666, 151: 86, 152: 324, 153: 142, 154: 380, 155: 156, 156: 394, 157: 338, 158: 100, 159: 484, 160: 722, 161: 296, 162: 58, 163: 268, 164: 30, 165: 456, 166: 694, 167: 44, 168: 282, 169: 100, 170: 338, 171: 72, 172: 310, 173: 114, 174: 352, 175: 442, 176: 680, 177: 16, 178: 254, 179: 44, 180: 282, 181: 16, 182: 254, 183: 142, 184: 380, 185: 414, 186: 652, 187: 128, 188: 366, 189: 30, 190: 268, 191: 414, 192: 652, 193: 170, 194: 408, 195: 100, 196: 338, 197: 58, 198: 296, 199: 72, 200: 310}
Span: 722 - 16 = 706
Solution verified successfully.

Trying to find solution with span <= 705...
Solution:
{1: 30, 2: 268, 3: 16, 4: 254, 5: 16, 6: 254, 7: 142, 8: 380, 9: 142, 10: 380, 11: 16, 12: 254, 13: 30, 14: 268, 15: 58, 16: 296, 17: 16, 18: 254, 19: 16, 20: 254, 21: 44, 22: 282, 23: 142, 24: 380, 25: 72, 26: 310, 27: 352, 28: 114, 29: 16, 30: 254, 31: 72, 32: 310, 33: 114, 34: 352, 35: 72, 36: 310, 37: 16, 38: 254, 39: 16, 40: 254, 41: 72, 42: 310, 43: 86, 44: 324, 45: 58, 46: 296, 47: 16, 48: 254, 49: 72, 50: 310, 51: 86, 52: 324, 53: 30, 54: 268, 55: 58, 56: 296, 57: 58, 58: 296, 59: 16, 60: 254, 61: 128, 62: 366, 63: 86, 64: 324, 65: 16, 66: 254, 67: 58, 68: 296, 69: 44, 70: 282, 71: 30, 72: 268, 73: 142, 74: 380, 75: 86, 76: 324, 77: 30, 78: 268, 79: 16, 80: 254, 81: 72, 82: 310, 83: 58, 84: 296, 85: 72, 86: 310, 87: 114, 88: 352, 89: 58, 90: 296, 91: 156, 92: 394, 93: 16, 94: 254, 95: 72, 96: 310, 97: 408, 98: 170, 99: 86, 100: 324, 101: 30, 102: 268, 103: 16, 104: 254, 105: 142, 106: 380, 107: 44, 108: 282, 109: 16, 110: 254, 111: 86, 112: 324, 113: 44, 114: 282, 115: 114, 116: 352, 117: 114, 118: 352, 119: 100, 120: 338, 121: 408, 122: 170, 123: 142, 124: 380, 125: 58, 126: 296, 127: 30, 128: 268, 129: 114, 130: 352, 131: 30, 132: 268, 133: 366, 134: 128, 135: 170, 136: 408, 137: 30, 138: 268, 139: 16, 140: 254, 141: 30, 142: 268, 143: 44, 144: 282, 145: 86, 146: 324, 147: 366, 148: 128, 149: 428, 150: 666, 151: 86, 152: 324, 153: 142, 154: 380, 155: 156, 156: 394, 157: 338, 158: 100, 159: 694, 160: 456, 161: 296, 162: 58, 163: 268, 164: 30, 165: 456, 166: 694, 167: 44, 168: 282, 169: 100, 170: 338, 171: 72, 172: 310, 173: 114, 174: 352, 175: 442, 176: 680, 177: 16, 178: 254, 179: 44, 180: 282, 181: 16, 182: 254, 183: 142, 184: 380, 185: 414, 186: 652, 187: 128, 188: 366, 189: 30, 190: 268, 191: 414, 192: 652, 193: 170, 194: 408, 195: 100, 196: 338, 197: 58, 198: 296, 199: 72, 200: 310}
Span: 694 - 16 = 678
Solution verified successfully.

Trying to find solution with span <= 677...
Solution:
{1: 30, 2: 268, 3: 86, 4: 324, 5: 652, 6: 414, 7: 240, 8: 478, 9: 478, 10: 240, 11: 296, 12: 58, 13: 652, 14: 414, 15: 30, 16: 268, 17: 268, 18: 30, 19: 86, 20: 324, 21: 428, 22: 666, 23: 142, 24: 380, 25: 44, 26: 282, 27: 86, 28: 324, 29: 666, 30: 428, 31: 442, 32: 680, 33: 86, 34: 324, 35: 156, 36: 394, 37: 156, 38: 394, 39: 128, 40: 366, 41: 428, 42: 666, 43: 310, 44: 72, 45: 142, 46: 380, 47: 86, 48: 324, 49: 428, 50: 666, 51: 156, 52: 394, 53: 114, 54: 352, 55: 86, 56: 324, 57: 680, 58: 442, 59: 114, 60: 352, 61: 456, 62: 694, 63: 680, 64: 442, 65: 428, 66: 666, 67: 694, 68: 456, 69: 456, 70: 694, 71: 142, 72: 380, 73: 170, 74: 408, 75: 352, 76: 114, 77: 282, 78: 44, 79: 680, 80: 442, 81: 156, 82: 394, 83: 694, 84: 456, 85: 156, 86: 394, 87: 30, 88: 268, 89: 456, 90: 694, 91: 128, 92: 366, 93: 456, 94: 694, 95: 142, 96: 380, 97: 240, 98: 478, 99: 414, 100: 652, 101: 100, 102: 338, 103: 114, 104: 352, 105: 142, 106: 380, 107: 156, 108: 394, 109: 414, 110: 652, 111: 442, 112: 680, 113: 456, 114: 694, 115: 324, 116: 86, 117: 156, 118: 394, 119: 428, 120: 666, 121: 240, 122: 478, 123: 240, 124: 478, 125: 414, 126: 652, 127: 694, 128: 456, 129: 142, 130: 380, 131: 694, 132: 456, 133: 100, 134: 338, 135: 478, 136: 240, 137: 428, 138: 666, 139: 694, 140: 456, 141: 652, 142: 414, 143: 414, 144: 652, 145: 442, 146: 680, 147: 428, 148: 666, 149: 652, 150: 414, 151: 72, 152: 310, 153: 456, 154: 694, 155: 694, 156: 456, 157: 442, 158: 680, 159: 442, 160: 680, 161: 694, 162: 456, 163: 694, 164: 456, 165: 652, 166: 414, 167: 142, 168: 380, 169: 128, 170: 366, 171: 456, 172: 694, 173: 414, 174: 652, 175: 652, 176: 414, 177: 456, 178: 694, 179: 442, 180: 680, 181: 156, 182: 394, 183: 442, 184: 680, 185: 652, 186: 414, 187: 456, 188: 694, 189: 456, 190: 694, 191: 694, 192: 456, 193: 240, 194: 478, 195: 442, 196: 680, 197: 456, 198: 694, 199: 456, 200: 694}
Span: 694 - 30 = 664
Solution verified successfully.

Trying to find solution with span <= 663...
Solution:
{1: 414, 2: 652, 3: 86, 4: 324, 5: 652, 6: 414, 7: 240, 8: 478, 9: 478, 10: 240, 11: 296, 12: 58, 13: 652, 14: 414, 15: 114, 16: 352, 17: 352, 18: 114, 19: 86, 20: 324, 21: 428, 22: 666, 23: 142, 24: 380, 25: 44, 26: 282, 27: 86, 28: 324, 29: 666, 30: 428, 31: 442, 32: 680, 33: 58, 34: 296, 35: 156, 36: 394, 37: 156, 38: 394, 39: 128, 40: 366, 41: 428, 42: 666, 43: 310, 44: 72, 45: 142, 46: 380, 47: 86, 48: 324, 49: 428, 50: 666, 51: 156, 52: 394, 53: 114, 54: 352, 55: 114, 56: 352, 57: 680, 58: 442, 59: 652, 60: 414, 61: 456, 62: 694, 63: 680, 64: 442, 65: 414, 66: 652, 67: 694, 68: 456, 69: 456, 70: 694, 71: 142, 72: 380, 73: 240, 74: 478, 75: 352, 76: 114, 77: 282, 78: 44, 79: 680, 80: 442, 81: 156, 82: 394, 83: 694, 84: 456, 85: 156, 86: 394, 87: 58, 88: 296, 89: 456, 90: 694, 91: 128, 92: 366, 93: 456, 94: 694, 95: 142, 96: 380, 97: 240, 98: 478, 99: 414, 100: 652, 101: 100, 102: 338, 103: 114, 104: 352, 105: 142, 106: 380, 107: 156, 108: 394, 109: 414, 110: 652, 111: 442, 112: 680, 113: 456, 114: 694, 115: 324, 116: 86, 117: 156, 118: 394, 119: 428, 120: 666, 121: 240, 122: 478, 123: 240, 124: 478, 125: 414, 126: 652, 127: 694, 128: 456, 129: 142, 130: 380, 131: 694, 132: 456, 133: 100, 134: 338, 135: 478, 136: 240, 137: 428, 138: 666, 139: 694, 140: 456, 141: 652, 142: 414, 143: 414, 144: 652, 145: 72, 146: 310, 147: 428, 148: 666, 149: 652, 150: 414, 151: 72, 152: 310, 153: 456, 154: 694, 155: 694, 156: 456, 157: 442, 158: 680, 159: 442, 160: 680, 161: 694, 162: 456, 163: 694, 164: 456, 165: 156, 166: 394, 167: 142, 168: 380, 169: 128, 170: 366, 171: 456, 172: 694, 173: 414, 174: 652, 175: 652, 176: 414, 177: 456, 178: 694, 179: 442, 180: 680, 181: 156, 182: 394, 183: 666, 184: 428, 185: 652, 186: 414, 187: 456, 188: 694, 189: 456, 190: 694, 191: 694, 192: 456, 193: 240, 194: 478, 195: 442, 196: 680, 197: 456, 198: 694, 199: 456, 200: 694}
Span: 694 - 44 = 650
Solution verified successfully.

Trying to find solution with span <= 649...
Solution:
{1: 414, 2: 652, 3: 86, 4: 324, 5: 652, 6: 414, 7: 240, 8: 478, 9: 478, 10: 240, 11: 666, 12: 428, 13: 652, 14: 414, 15: 114, 16: 352, 17: 352, 18: 114, 19: 86, 20: 324, 21: 428, 22: 666, 23: 142, 24: 380, 25: 58, 26: 296, 27: 86, 28: 324, 29: 666, 30: 428, 31: 442, 32: 680, 33: 58, 34: 296, 35: 156, 36: 394, 37: 156, 38: 394, 39: 128, 40: 366, 41: 428, 42: 666, 43: 310, 44: 72, 45: 142, 46: 380, 47: 86, 48: 324, 49: 428, 50: 666, 51: 156, 52: 394, 53: 114, 54: 352, 55: 114, 56: 352, 57: 680, 58: 442, 59: 652, 60: 414, 61: 456, 62: 694, 63: 680, 64: 442, 65: 414, 66: 652, 67: 694, 68: 456, 69: 456, 70: 694, 71: 142, 72: 380, 73: 240, 74: 478, 75: 352, 76: 114, 77: 394, 78: 156, 79: 680, 80: 442, 81: 156, 82: 394, 83: 694, 84: 456, 85: 156, 86: 394, 87: 58, 88: 296, 89: 456, 90: 694, 91: 128, 92: 366, 93: 456, 94: 694, 95: 114, 96: 352, 97: 240, 98: 478, 99: 414, 100: 652, 101: 100, 102: 338, 103: 114, 104: 352, 105: 142, 106: 380, 107: 156, 108: 394, 109: 414, 110: 652, 111: 442, 112: 680, 113: 456, 114: 694, 115: 324, 116: 86, 117: 156, 118: 394, 119: 428, 120: 666, 121: 240, 122: 478, 123: 240, 124: 478, 125: 414, 126: 652, 127: 694, 128: 456, 129: 142, 130: 380, 131: 694, 132: 456, 133: 100, 134: 338, 135: 478, 136: 240, 137: 428, 138: 666, 139: 694, 140: 456, 141: 652, 142: 414, 143: 414, 144: 652, 145: 72, 146: 310, 147: 100, 148: 338, 149: 652, 150: 414, 151: 72, 152: 310, 153: 456, 154: 694, 155: 694, 156: 456, 157: 442, 158: 680, 159: 442, 160: 680, 161: 694, 162: 456, 163: 694, 164: 456, 165: 156, 166: 394, 167: 142, 168: 380, 169: 380, 170: 142, 171: 456, 172: 694, 173: 414, 174: 652, 175: 652, 176: 414, 177: 456, 178: 694, 179: 442, 180: 680, 181: 652, 182: 414, 183: 666, 184: 428, 185: 58, 186: 296, 187: 456, 188: 694, 189: 456, 190: 694, 191: 694, 192: 456, 193: 240, 194: 478, 195: 442, 196: 680, 197: 456, 198: 694, 199: 456, 200: 694}
Span: 694 - 58 = 636
Solution verified successfully.

Trying to find solution with span <= 635...
Solution:
{1: 114, 2: 352, 3: 58, 4: 296, 5: 394, 6: 156, 7: 240, 8: 478, 9: 478, 10: 240, 11: 666, 12: 428, 13: 86, 14: 324, 15: 114, 16: 352, 17: 296, 18: 58, 19: 58, 20: 296, 21: 156, 22: 394, 23: 142, 24: 380, 25: 58, 26: 296, 27: 86, 28: 324, 29: 666, 30: 428, 31: 666, 32: 428, 33: 380, 34: 142, 35: 156, 36: 394, 37: 156, 38: 394, 39: 128, 40: 366, 41: 666, 42: 428, 43: 282, 44: 44, 45: 142, 46: 380, 47: 338, 48: 100, 49: 142, 50: 380, 51: 58, 52: 296, 53: 72, 54: 310, 55: 652, 56: 414, 57: 86, 58: 324, 59: 666, 60: 428, 61: 414, 62: 652, 63: 652, 64: 414, 65: 156, 66: 394, 67: 666, 68: 428, 69: 414, 70: 652, 71: 114, 72: 352, 73: 240, 74: 478, 75: 352, 76: 114, 77: 156, 78: 394, 79: 666, 80: 428, 81: 156, 82: 394, 83: 114, 84: 352, 85: 114, 86: 352, 87: 296, 88: 58, 89: 100, 90: 338, 91: 100, 92: 338, 93: 666, 94: 428, 95: 296, 96: 58, 97: 240, 98: 478, 99: 142, 100: 380, 101: 72, 102: 310, 103: 114, 104: 352, 105: 114, 106: 352, 107: 156, 108: 394, 109: 414, 110: 652, 111: 414, 112: 652, 113: 414, 114: 652, 115: 352, 116: 114, 117: 156, 118: 394, 119: 142, 120: 380, 121: 240, 122: 478, 123: 240, 124: 478, 125: 414, 126: 652, 127: 44, 128: 282, 129: 142, 130: 380, 131: 666, 132: 428, 133: 100, 134: 338, 135: 240, 136: 478, 137: 414, 138: 652, 139: 666, 140: 428, 141: 58, 142: 296, 143: 156, 144: 394, 145: 72, 146: 310, 147: 100, 148: 338, 149: 142, 150: 380, 151: 282, 152: 44, 153: 666, 154: 428, 155: 128, 156: 366, 157: 414, 158: 652, 159: 414, 160: 652, 161: 72, 162: 310, 163: 58, 164: 296, 165: 156, 166: 394, 167: 142, 168: 380, 169: 380, 170: 142, 171: 100, 172: 338, 173: 156, 174: 394, 175: 652, 176: 414, 177: 414, 178: 652, 179: 652, 180: 414, 181: 282, 182: 44, 183: 86, 184: 324, 185: 414, 186: 652, 187: 666, 188: 428, 189: 414, 190: 652, 191: 352, 192: 114, 193: 478, 194: 240, 195: 100, 196: 338, 197: 156, 198: 394, 199: 414, 200: 652}
Span: 666 - 44 = 622
Solution verified successfully.

Trying to find solution with span <= 621...
Solution:
{1: 114, 2: 352, 3: 16, 4: 254, 5: 394, 6: 156, 7: 240, 8: 478, 9: 478, 10: 240, 11: 30, 12: 268, 13: 44, 14: 282, 15: 114, 16: 352, 17: 296, 18: 58, 19: 16, 20: 254, 21: 156, 22: 394, 23: 142, 24: 380, 25: 58, 26: 296, 27: 86, 28: 324, 29: 72, 30: 310, 31: 86, 32: 324, 33: 380, 34: 142, 35: 72, 36: 310, 37: 86, 38: 324, 39: 86, 40: 324, 41: 142, 42: 380, 43: 268, 44: 30, 45: 142, 46: 380, 47: 254, 48: 16, 49: 114, 50: 352, 51: 44, 52: 282, 53: 72, 54: 310, 55: 58, 56: 296, 57: 30, 58: 268, 59: 86, 60: 324, 61: 156, 62: 394, 63: 114, 64: 352, 65: 156, 66: 394, 67: 296, 68: 58, 69: 156, 70: 394, 71: 58, 72: 296, 73: 240, 74: 478, 75: 352, 76: 114, 77: 142, 78: 380, 79: 100, 80: 338, 81: 156, 82: 394, 83: 114, 84: 352, 85: 86, 86: 324, 87: 16, 88: 254, 89: 100, 90: 338, 91: 100, 92: 338, 93: 156, 94: 394, 95: 282, 96: 44, 97: 240, 98: 478, 99: 86, 100: 324, 101: 44, 102: 282, 103: 86, 104: 324, 105: 366, 106: 128, 107: 114, 108: 352, 109: 156, 110: 394, 111: 156, 112: 394, 113: 156, 114: 394, 115: 72, 116: 310, 117: 156, 118: 394, 119: 128, 120: 366, 121: 240, 122: 478, 123: 170, 124: 408, 125: 142, 126: 380, 127: 44, 128: 282, 129: 100, 130: 338, 131: 114, 132: 352, 133: 296, 134: 58, 135: 478, 136: 240, 137: 128, 138: 366, 139: 86, 140: 324, 141: 58, 142: 296, 143: 156, 144: 394, 145: 30, 146: 268, 147: 394, 148: 156, 149: 394, 150: 156, 151: 44, 152: 282, 153: 114, 154: 352, 155: 114, 156: 352, 157: 156, 158: 394, 159: 72, 160: 310, 161: 338, 162: 100, 163: 394, 164: 156, 165: 156, 166: 394, 167: 142, 168: 380, 169: 394, 170: 156, 171: 100, 172: 338, 173: 128, 174: 366, 175: 16, 176: 254, 177: 156, 178: 394, 179: 156, 180: 394, 181: 128, 182: 366, 183: 100, 184: 338, 185: 16, 186: 254, 187: 100, 188: 338, 189: 142, 190: 380, 191: 352, 192: 114, 193: 478, 194: 240, 195: 100, 196: 338, 197: 156, 198: 394, 199: 156, 200: 394}
Span: 478 - 16 = 462
Solution verified successfully.

Trying to find solution with span <= 461...
Solution:
{1: 114, 2: 352, 3: 16, 4: 254, 5: 352, 6: 114, 7: 408, 8: 170, 9: 170, 10: 408, 11: 254, 12: 16, 13: 30, 14: 268, 15: 58, 16: 296, 17: 30, 18: 268, 19: 16, 20: 254, 21: 114, 22: 352, 23: 408, 24: 170, 25: 58, 26: 296, 27: 86, 28: 324, 29: 30, 30: 268, 31: 72, 32: 310, 33: 142, 34: 380, 35: 72, 36: 310, 37: 86, 38: 324, 39: 30, 40: 268, 41: 142, 42: 380, 43: 282, 44: 44, 45: 16, 46: 254, 47: 282, 48: 44, 49: 380, 50: 142, 51: 16, 52: 254, 53: 72, 54: 310, 55: 142, 56: 380, 57: 352, 58: 114, 59: 100, 60: 338, 61: 156, 62: 394, 63: 58, 64: 296, 65: 156, 66: 394, 67: 296, 68: 58, 69: 128, 70: 366, 71: 58, 72: 296, 73: 170, 74: 408, 75: 352, 76: 114, 77: 30, 78: 268, 79: 100, 80: 338, 81: 380, 82: 142, 83: 58, 84: 296, 85: 72, 86: 310, 87: 254, 88: 16, 89: 100, 90: 338, 91: 352, 92: 114, 93: 156, 94: 394, 95: 338, 96: 100, 97: 142, 98: 380, 99: 86, 100: 324, 101: 30, 102: 268, 103: 86, 104: 324, 105: 366, 106: 128, 107: 100, 108: 338, 109: 156, 110: 394, 111: 156, 112: 394, 113: 128, 114: 366, 115: 72, 116: 310, 117: 30, 118: 268, 119: 128, 120: 366, 121: 142, 122: 380, 123: 170, 124: 408, 125: 114, 126: 352, 127: 44, 128: 282, 129: 58, 130: 296, 131: 44, 132: 282, 133: 324, 134: 86, 135: 170, 136: 408, 137: 100, 138: 338, 139: 44, 140: 282, 141: 58, 142: 296, 143: 156, 144: 394, 145: 44, 146: 282, 147: 100, 148: 338, 149: 394, 150: 156, 151: 156, 152: 394, 153: 114, 154: 352, 155: 114, 156: 352, 157: 114, 158: 352, 159: 310, 160: 72, 161: 296, 162: 58, 163: 394, 164: 156, 165: 86, 166: 324, 167: 72, 168: 310, 169: 352, 170: 114, 171: 100, 172: 338, 173: 86, 174: 324, 175: 268, 176: 30, 177: 156, 178: 394, 179: 156, 180: 394, 181: 16, 182: 254, 183: 44, 184: 282, 185: 142, 186: 380, 187: 86, 188: 324, 189: 142, 190: 380, 191: 366, 192: 128, 193: 170, 194: 408, 195: 100, 196: 338, 197: 128, 198: 366, 199: 156, 200: 394}
Span: 408 - 16 = 392
Solution verified successfully.

Trying to find solution with span <= 391...
Solution:
{1: 58, 2: 296, 3: 268, 4: 30, 5: 352, 6: 114, 7: 170, 8: 408, 9: 170, 10: 408, 11: 72, 12: 310, 13: 114, 14: 352, 15: 58, 16: 296, 17: 58, 18: 296, 19: 338, 20: 100, 21: 114, 22: 352, 23: 142, 24: 380, 25: 296, 26: 58, 27: 366, 28: 128, 29: 338, 30: 100, 31: 296, 32: 58, 33: 380, 34: 142, 35: 72, 36: 310, 37: 86, 38: 324, 39: 30, 40: 268, 41: 142, 42: 380, 43: 128, 44: 366, 45: 366, 46: 128, 47: 282, 48: 44, 49: 310, 50: 72, 51: 352, 52: 114, 53: 156, 54: 394, 55: 86, 56: 324, 57: 30, 58: 268, 59: 128, 60: 366, 61: 156, 62: 394, 63: 30, 64: 268, 65: 100, 66: 338, 67: 142, 68: 380, 69: 100, 70: 338, 71: 58, 72: 296, 73: 170, 74: 408, 75: 338, 76: 100, 77: 282, 78: 44, 79: 100, 80: 338, 81: 380, 82: 142, 83: 30, 84: 268, 85: 310, 86: 72, 87: 268, 88: 30, 89: 86, 90: 324, 91: 310, 92: 72, 93: 156, 94: 394, 95: 352, 96: 114, 97: 170, 98: 408, 99: 114, 100: 352, 101: 352, 102: 114, 103: 86, 104: 324, 105: 296, 106: 58, 107: 100, 108: 338, 109: 100, 110: 338, 111: 156, 112: 394, 113: 128, 114: 366, 115: 142, 116: 380, 117: 30, 118: 268, 119: 128, 120: 366, 121: 408, 122: 170, 123: 170, 124: 408, 125: 380, 126: 142, 127: 282, 128: 44, 129: 282, 130: 44, 131: 380, 132: 142, 133: 366, 134: 128, 135: 170, 136: 408, 137: 100, 138: 338, 139: 44, 140: 282, 141: 58, 142: 296, 143: 128, 144: 366, 145: 268, 146: 30, 147: 352, 148: 114, 149: 268, 150: 30, 151: 282, 152: 44, 153: 114, 154: 352, 155: 100, 156: 338, 157: 114, 158: 352, 159: 156, 160: 394, 161: 394, 162: 156, 163: 310, 164: 72, 165: 72, 166: 310, 167: 100, 168: 338, 169: 58, 170: 296, 171: 100, 172: 338, 173: 86, 174: 324, 175: 30, 176: 268, 177: 142, 178: 380, 179: 142, 180: 380, 181: 30, 182: 268, 183: 142, 184: 380, 185: 324, 186: 86, 187: 86, 188: 324, 189: 44, 190: 282, 191: 394, 192: 156, 193: 408, 194: 170, 195: 114, 196: 352, 197: 128, 198: 366, 199: 156, 200: 394}
Span: 408 - 30 = 378
Solution verified successfully.

Trying to find solution with span <= 377...
Cannot find solution.
Cannot find solution with span <= 377.
Optimal span: 378
Time taken: 0.23 seconds
[runlim] end:			Tue Mar 17 12:20:12 2026
[runlim] status:		ok
[runlim] result:		0
[runlim] children:		0
[runlim] real:			0.83 seconds
[runlim] time:			0.20 seconds
[runlim] space:			31.5 MB
[runlim] samples:		2
