[runlim] version:		1.10
[runlim] time limit:		311040000 seconds
[runlim] real time limit:	311040000 seconds
[runlim] space limit:		15624 MB
[runlim] argv[0]:		python3
[runlim] argv[1]:		main.py
[runlim] argv[2]:		graph11
[runlim] start:			Tue Mar 17 12:20:34 2026
[runlim] main pid:		10130
Solve first problem:
Cannot find solution.
Time taken: 0.54 seconds
[runlim] end:			Tue Mar 17 12:20:34 2026
[runlim] status:		ok
[runlim] result:		0
[runlim] children:		0
[runlim] real:			0.64 seconds
[runlim] time:			0.50 seconds
[runlim] space:			49.2 MB
[runlim] samples:		5
