[runlim] version:		1.10
[runlim] time limit:		311040000 seconds
[runlim] real time limit:	311040000 seconds
[runlim] space limit:		15624 MB
[runlim] argv[0]:		python3
[runlim] argv[1]:		main.py
[runlim] argv[2]:		scen11
[runlim] start:			Tue Mar 17 12:20:43 2026
[runlim] main pid:		10206
[runlim] sample:		10.0 time, 10.3 real, 112.7 MB
Solve first problem:
Solution:
{1: 156, 2: 394, 7: 680, 8: 442, 9: 554, 10: 792, 13: 156, 14: 394, 15: 540, 16: 778, 21: 666, 22: 428, 23: 666, 24: 428, 25: 456, 26: 694, 27: 456, 28: 694, 49: 498, 50: 736, 51: 792, 52: 554, 53: 470, 54: 708, 67: 114, 68: 352, 69: 652, 70: 414, 71: 526, 72: 764, 79: 554, 80: 792, 81: 540, 82: 778, 83: 128, 84: 366, 85: 456, 86: 694, 87: 156, 88: 394, 91: 442, 92: 680, 93: 554, 94: 792, 95: 512, 96: 750, 97: 526, 98: 764, 103: 540, 104: 778, 105: 554, 106: 792, 107: 540, 108: 778, 117: 44, 118: 282, 119: 666, 120: 428, 127: 666, 128: 428, 129: 498, 130: 736, 143: 86, 144: 324, 145: 156, 146: 394, 151: 282, 152: 44, 153: 58, 154: 296, 155: 44, 156: 282, 157: 694, 158: 456, 163: 680, 164: 442, 165: 540, 166: 778, 171: 456, 172: 694, 179: 394, 180: 156, 181: 58, 182: 296, 183: 72, 184: 310, 185: 470, 186: 708, 187: 554, 188: 792, 191: 456, 192: 694, 193: 540, 194: 778, 195: 470, 196: 708, 197: 554, 198: 792, 199: 526, 200: 764, 205: 156, 206: 394, 209: 764, 210: 526, 211: 414, 212: 652, 213: 554, 214: 792, 215: 512, 216: 750, 217: 512, 218: 750, 219: 554, 220: 792, 229: 470, 230: 708, 233: 58, 234: 296, 235: 470, 236: 708, 237: 736, 238: 498, 255: 484, 256: 722, 259: 554, 260: 792, 261: 554, 262: 792, 263: 456, 264: 694, 265: 484, 266: 722, 267: 554, 268: 792, 269: 792, 270: 554, 271: 428, 272: 666, 273: 268, 274: 30, 275: 338, 276: 100, 277: 254, 278: 16, 279: 414, 280: 652, 281: 142, 282: 380, 283: 540, 284: 778, 285: 764, 286: 526, 287: 554, 288: 792, 289: 554, 290: 792, 291: 484, 292: 722, 293: 240, 294: 478, 295: 484, 296: 722, 297: 554, 298: 792, 299: 114, 300: 352, 301: 484, 302: 722, 303: 792, 304: 554, 305: 414, 306: 652, 307: 470, 308: 708, 309: 722, 310: 484, 311: 680, 312: 442, 313: 554, 314: 792, 317: 484, 318: 722, 319: 554, 320: 792, 321: 652, 322: 414, 323: 554, 324: 792, 325: 142, 326: 380, 327: 470, 328: 708, 329: 554, 330: 792, 331: 142, 332: 380, 333: 470, 334: 708, 335: 484, 336: 722, 337: 554, 338: 792, 339: 114, 340: 352, 341: 352, 342: 114, 343: 708, 344: 470, 345: 778, 346: 540, 347: 414, 348: 652, 349: 128, 350: 366, 351: 778, 352: 540, 353: 58, 354: 296, 355: 764, 356: 526, 357: 540, 358: 778, 359: 142, 360: 380, 361: 470, 362: 708, 363: 540, 364: 778, 365: 428, 366: 666, 367: 498, 368: 736, 369: 142, 370: 380, 371: 498, 372: 736, 373: 666, 374: 428, 375: 526, 376: 764, 377: 666, 378: 428, 379: 72, 380: 310, 381: 456, 382: 694, 383: 428, 384: 666, 385: 142, 386: 380, 387: 442, 388: 680, 389: 456, 390: 694, 391: 470, 392: 708, 393: 680, 394: 442, 395: 764, 396: 526, 397: 414, 398: 652, 399: 428, 400: 666, 401: 100, 402: 338, 403: 442, 404: 680, 405: 694, 406: 456, 409: 540, 410: 778, 411: 484, 412: 722, 413: 470, 414: 708, 415: 470, 416: 708, 417: 540, 418: 778, 419: 456, 420: 694, 435: 442, 436: 680, 439: 442, 440: 680, 441: 470, 442: 708, 443: 554, 444: 792, 449: 708, 450: 470, 451: 554, 452: 792, 455: 792, 456: 554, 457: 428, 458: 666, 459: 498, 460: 736, 461: 540, 462: 778, 463: 694, 464: 456, 465: 512, 466: 750, 467: 540, 468: 778, 469: 680, 470: 442, 471: 554, 472: 792, 473: 694, 474: 456, 475: 470, 476: 708, 477: 470, 478: 708, 479: 456, 480: 694, 481: 456, 482: 694, 485: 554, 486: 792, 489: 540, 490: 778, 491: 498, 492: 736, 493: 540, 494: 778, 495: 554, 496: 792, 515: 442, 516: 680, 517: 540, 518: 778, 519: 470, 520: 708, 523: 470, 524: 708, 525: 512, 526: 750, 527: 540, 528: 778, 529: 554, 530: 792, 533: 526, 534: 764, 535: 554, 536: 792, 537: 498, 538: 736, 539: 554, 540: 792, 541: 540, 542: 778, 543: 498, 544: 736, 545: 554, 546: 792, 547: 470, 548: 708, 549: 554, 550: 792, 551: 554, 552: 792, 553: 554, 554: 792, 555: 680, 556: 442, 557: 142, 558: 380, 559: 750, 560: 512, 561: 428, 562: 666, 563: 142, 564: 380, 565: 694, 566: 456, 567: 764, 568: 526, 569: 456, 570: 694, 571: 470, 572: 708, 573: 540, 574: 778, 575: 694, 576: 456, 577: 442, 578: 680, 579: 456, 580: 694, 581: 456, 582: 694, 583: 142, 584: 380, 585: 470, 586: 708, 587: 554, 588: 792, 589: 442, 590: 680, 591: 456, 592: 694, 593: 694, 594: 456, 595: 512, 596: 750, 597: 540, 598: 778, 599: 666, 600: 428, 601: 526, 602: 764, 603: 540, 604: 778, 605: 540, 606: 778, 607: 470, 608: 708, 609: 554, 610: 792, 611: 442, 612: 680, 613: 708, 614: 470, 615: 526, 616: 764, 617: 540, 618: 778, 619: 456, 620: 694, 621: 470, 622: 708, 623: 470, 624: 708, 625: 540, 626: 778, 627: 456, 628: 694, 629: 526, 630: 764, 631: 540, 632: 778, 633: 526, 634: 764, 635: 540, 636: 778, 637: 526, 638: 764, 639: 540, 640: 778, 641: 428, 642: 666, 643: 470, 644: 708, 645: 156, 646: 394, 651: 470, 652: 708, 653: 554, 654: 792, 661: 554, 662: 792, 663: 414, 664: 652, 665: 442, 666: 680, 667: 540, 668: 778, 671: 156, 672: 394, 677: 694, 678: 456, 679: 470, 680: 708, 681: 540, 682: 778, 683: 470, 684: 708, 685: 540, 686: 778, 687: 470, 688: 708, 689: 540, 690: 778, 691: 470, 692: 708, 693: 540, 694: 778, 703: 540, 704: 778, 705: 554, 706: 792, 711: 554, 712: 792, 713: 456, 714: 694, 715: 554, 716: 792, 717: 764, 718: 526, 719: 414, 720: 652, 721: 484, 722: 722, 723: 554, 724: 792, 725: 484, 726: 722, 727: 554, 728: 792, 729: 498, 730: 736, 731: 540, 732: 778, 733: 540, 734: 778, 735: 498, 736: 736, 737: 540, 738: 778, 739: 540, 740: 778, 741: 540, 742: 778, 743: 764, 744: 526, 745: 540, 746: 778, 747: 484, 748: 722, 749: 540, 750: 778, 751: 470, 752: 708, 753: 540, 754: 778, 755: 540, 756: 778, 757: 470, 758: 708, 759: 540, 760: 778, 761: 540, 762: 778, 763: 540, 764: 778, 765: 554, 766: 792, 767: 512, 768: 750, 769: 540, 770: 778, 771: 470, 772: 708, 773: 554, 774: 792, 775: 470, 776: 708, 783: 540, 784: 778, 785: 554, 786: 792, 787: 540, 788: 778, 789: 470, 790: 708, 791: 540, 792: 778, 793: 470, 794: 708, 795: 540, 796: 778, 797: 456, 798: 694, 799: 526, 800: 764, 801: 540, 802: 778, 803: 540, 804: 778, 805: 470, 806: 708, 807: 540, 808: 778, 809: 554, 810: 792, 811: 470, 812: 708, 813: 540, 814: 778, 815: 470, 816: 708, 817: 540, 818: 778, 819: 470, 820: 708, 821: 540, 822: 778, 823: 694, 824: 456, 825: 526, 826: 764, 827: 484, 828: 722, 829: 554, 830: 792, 833: 554, 834: 792, 835: 778, 836: 540, 837: 526, 838: 764, 839: 764, 840: 526, 841: 540, 842: 778, 843: 680, 844: 442, 845: 694, 846: 456, 847: 470, 848: 708, 849: 484, 850: 722, 859: 470, 860: 708, 861: 456, 862: 694, 863: 456, 864: 694, 865: 540, 866: 778, 867: 456, 868: 694, 869: 554, 870: 792, 871: 792, 872: 554, 875: 470, 876: 708, 877: 526, 878: 764, 879: 484, 880: 722, 881: 540, 882: 778, 883: 526, 884: 764, 885: 428, 886: 666, 887: 470, 888: 708, 889: 484, 890: 722, 891: 526, 892: 764, 893: 540, 894: 778, 895: 540, 896: 778, 897: 540, 898: 778, 899: 470, 900: 708, 901: 540, 902: 778, 903: 554, 904: 792, 905: 554, 906: 792, 911: 554, 912: 792, 913: 540, 914: 778, 915: 156, 916: 394}
Span: 792 - 16 = 776
Solution verified successfully.

Trying to find solution with span <= 775...
Cannot find solution.
Cannot find solution with span <= 775.
Optimal span: 776
Time taken: 13.84 seconds
[runlim] end:			Tue Mar 17 12:20:57 2026
[runlim] status:		ok
[runlim] result:		0
[runlim] children:		0
[runlim] real:			14.17 seconds
[runlim] time:			13.79 seconds
[runlim] space:			128.0 MB
[runlim] samples:		138
