[runlim] version:		1.10
[runlim] time limit:		311040000 seconds
[runlim] real time limit:	311040000 seconds
[runlim] space limit:		15624 MB
[runlim] argv[0]:		python3
[runlim] argv[1]:		main.py
[runlim] argv[2]:		TUD200.1
[runlim] start:			Tue Mar 17 12:20:57 2026
[runlim] main pid:		10278
Solve first problem:
Solution:
{1: 366, 2: 128, 3: 652, 4: 414, 5: 366, 6: 128, 7: 442, 8: 680, 9: 128, 10: 366, 11: 44, 12: 282, 13: 792, 14: 554, 15: 414, 16: 652, 17: 156, 18: 394, 19: 498, 20: 736, 21: 470, 22: 708, 23: 792, 24: 554, 25: 484, 26: 722, 27: 128, 28: 366, 29: 142, 30: 380, 31: 156, 32: 394, 33: 554, 34: 792, 35: 456, 36: 694, 37: 128, 38: 366, 39: 268, 40: 30, 41: 526, 42: 764, 43: 142, 44: 380, 45: 442, 46: 680, 47: 792, 48: 554, 49: 470, 50: 708, 51: 58, 52: 296, 53: 142, 54: 380, 55: 86, 56: 324, 57: 72, 58: 310, 59: 540, 60: 778, 61: 512, 62: 750, 63: 414, 64: 652, 65: 16, 66: 254, 67: 414, 68: 652, 69: 680, 70: 442, 71: 268, 72: 30, 73: 456, 74: 694, 75: 512, 76: 750, 77: 540, 78: 778, 79: 792, 80: 554, 81: 554, 82: 792, 83: 428, 84: 666, 85: 736, 86: 498, 87: 778, 88: 540, 89: 44, 90: 282, 91: 540, 92: 778, 93: 16, 94: 254, 95: 352, 96: 114, 97: 540, 98: 778, 99: 142, 100: 380, 101: 380, 102: 142, 103: 540, 104: 778, 105: 156, 106: 394, 107: 380, 108: 142, 109: 694, 110: 456, 111: 722, 112: 484, 113: 414, 114: 652, 115: 470, 116: 708, 117: 526, 118: 764, 119: 100, 120: 338, 121: 456, 122: 694, 123: 156, 124: 394, 125: 310, 126: 72, 127: 72, 128: 310, 129: 408, 130: 170, 131: 380, 132: 142, 133: 554, 134: 792, 135: 554, 136: 792, 137: 456, 138: 694, 139: 442, 140: 680, 141: 380, 142: 142, 143: 540, 144: 778, 145: 554, 146: 792, 147: 254, 148: 16, 149: 554, 150: 792, 151: 72, 152: 310, 153: 498, 154: 736, 155: 554, 156: 792, 157: 554, 158: 792, 159: 498, 160: 736, 161: 554, 162: 792, 163: 526, 164: 764, 165: 100, 166: 338, 167: 526, 168: 764, 169: 554, 170: 792, 171: 498, 172: 736, 173: 540, 174: 778, 175: 526, 176: 764, 177: 666, 178: 428, 179: 498, 180: 736, 181: 554, 182: 792, 183: 526, 184: 764, 185: 156, 186: 394, 187: 156, 188: 394, 189: 484, 190: 722, 191: 428, 192: 666, 193: 484, 194: 722, 195: 554, 196: 792, 197: 484, 198: 722, 199: 540, 200: 778}
Span: 792 - 16 = 776
Solution verified successfully.

Trying to find solution with span <= 775...
Solution:
{1: 366, 2: 128, 3: 652, 4: 414, 5: 366, 6: 128, 7: 442, 8: 680, 9: 128, 10: 366, 11: 44, 12: 282, 13: 792, 14: 554, 15: 414, 16: 652, 17: 156, 18: 394, 19: 498, 20: 736, 21: 470, 22: 708, 23: 792, 24: 554, 25: 484, 26: 722, 27: 128, 28: 366, 29: 142, 30: 380, 31: 156, 32: 394, 33: 554, 34: 792, 35: 456, 36: 694, 37: 128, 38: 366, 39: 394, 40: 156, 41: 526, 42: 764, 43: 142, 44: 380, 45: 442, 46: 680, 47: 792, 48: 554, 49: 470, 50: 708, 51: 58, 52: 296, 53: 142, 54: 380, 55: 86, 56: 324, 57: 72, 58: 310, 59: 540, 60: 778, 61: 512, 62: 750, 63: 428, 64: 666, 65: 30, 66: 268, 67: 414, 68: 652, 69: 680, 70: 442, 71: 268, 72: 30, 73: 456, 74: 694, 75: 512, 76: 750, 77: 540, 78: 778, 79: 792, 80: 554, 81: 554, 82: 792, 83: 428, 84: 666, 85: 736, 86: 498, 87: 778, 88: 540, 89: 44, 90: 282, 91: 540, 92: 778, 93: 722, 94: 484, 95: 338, 96: 100, 97: 540, 98: 778, 99: 792, 100: 554, 101: 380, 102: 142, 103: 540, 104: 778, 105: 44, 106: 282, 107: 366, 108: 128, 109: 694, 110: 456, 111: 722, 112: 484, 113: 414, 114: 652, 115: 470, 116: 708, 117: 526, 118: 764, 119: 100, 120: 338, 121: 456, 122: 694, 123: 156, 124: 394, 125: 310, 126: 72, 127: 30, 128: 268, 129: 408, 130: 170, 131: 380, 132: 142, 133: 554, 134: 792, 135: 554, 136: 792, 137: 456, 138: 694, 139: 442, 140: 680, 141: 380, 142: 142, 143: 540, 144: 778, 145: 554, 146: 792, 147: 268, 148: 30, 149: 554, 150: 792, 151: 114, 152: 352, 153: 498, 154: 736, 155: 554, 156: 792, 157: 554, 158: 792, 159: 484, 160: 722, 161: 554, 162: 792, 163: 526, 164: 764, 165: 58, 166: 296, 167: 526, 168: 764, 169: 554, 170: 792, 171: 498, 172: 736, 173: 540, 174: 778, 175: 526, 176: 764, 177: 666, 178: 428, 179: 498, 180: 736, 181: 554, 182: 792, 183: 526, 184: 764, 185: 114, 186: 352, 187: 156, 188: 394, 189: 484, 190: 722, 191: 428, 192: 666, 193: 484, 194: 722, 195: 554, 196: 792, 197: 484, 198: 722, 199: 540, 200: 778}
Span: 792 - 30 = 762
Solution verified successfully.

Trying to find solution with span <= 761...
Solution:
{1: 338, 2: 100, 3: 652, 4: 414, 5: 366, 6: 128, 7: 442, 8: 680, 9: 128, 10: 366, 11: 44, 12: 282, 13: 764, 14: 526, 15: 414, 16: 652, 17: 156, 18: 394, 19: 498, 20: 736, 21: 470, 22: 708, 23: 792, 24: 554, 25: 484, 26: 722, 27: 128, 28: 366, 29: 142, 30: 380, 31: 512, 32: 750, 33: 554, 34: 792, 35: 456, 36: 694, 37: 128, 38: 366, 39: 394, 40: 156, 41: 526, 42: 764, 43: 142, 44: 380, 45: 442, 46: 680, 47: 792, 48: 554, 49: 470, 50: 708, 51: 58, 52: 296, 53: 142, 54: 380, 55: 86, 56: 324, 57: 72, 58: 310, 59: 540, 60: 778, 61: 512, 62: 750, 63: 792, 64: 554, 65: 44, 66: 282, 67: 414, 68: 652, 69: 680, 70: 442, 71: 366, 72: 128, 73: 456, 74: 694, 75: 750, 76: 512, 77: 540, 78: 778, 79: 792, 80: 554, 81: 554, 82: 792, 83: 428, 84: 666, 85: 736, 86: 498, 87: 338, 88: 100, 89: 44, 90: 282, 91: 540, 92: 778, 93: 722, 94: 484, 95: 338, 96: 100, 97: 540, 98: 778, 99: 792, 100: 554, 101: 380, 102: 142, 103: 540, 104: 778, 105: 44, 106: 282, 107: 366, 108: 128, 109: 694, 110: 456, 111: 722, 112: 484, 113: 414, 114: 652, 115: 470, 116: 708, 117: 526, 118: 764, 119: 58, 120: 296, 121: 456, 122: 694, 123: 156, 124: 394, 125: 310, 126: 72, 127: 310, 128: 72, 129: 408, 130: 170, 131: 380, 132: 142, 133: 554, 134: 792, 135: 554, 136: 792, 137: 456, 138: 694, 139: 442, 140: 680, 141: 380, 142: 142, 143: 540, 144: 778, 145: 554, 146: 792, 147: 296, 148: 58, 149: 554, 150: 792, 151: 114, 152: 352, 153: 498, 154: 736, 155: 554, 156: 792, 157: 554, 158: 792, 159: 484, 160: 722, 161: 554, 162: 792, 163: 526, 164: 764, 165: 282, 166: 44, 167: 652, 168: 414, 169: 554, 170: 792, 171: 498, 172: 736, 173: 540, 174: 778, 175: 526, 176: 764, 177: 666, 178: 428, 179: 498, 180: 736, 181: 554, 182: 792, 183: 526, 184: 764, 185: 114, 186: 352, 187: 156, 188: 394, 189: 484, 190: 722, 191: 428, 192: 666, 193: 484, 194: 722, 195: 554, 196: 792, 197: 484, 198: 722, 199: 540, 200: 778}
Span: 792 - 44 = 748
Solution verified successfully.

Trying to find solution with span <= 747...
Solution:
{1: 338, 2: 100, 3: 652, 4: 414, 5: 366, 6: 128, 7: 442, 8: 680, 9: 86, 10: 324, 11: 394, 12: 156, 13: 764, 14: 526, 15: 414, 16: 652, 17: 156, 18: 394, 19: 498, 20: 736, 21: 470, 22: 708, 23: 792, 24: 554, 25: 484, 26: 722, 27: 128, 28: 366, 29: 72, 30: 310, 31: 456, 32: 694, 33: 554, 34: 792, 35: 456, 36: 694, 37: 128, 38: 366, 39: 394, 40: 156, 41: 526, 42: 764, 43: 142, 44: 380, 45: 296, 46: 58, 47: 792, 48: 554, 49: 470, 50: 708, 51: 58, 52: 296, 53: 142, 54: 380, 55: 86, 56: 324, 57: 72, 58: 310, 59: 540, 60: 778, 61: 764, 62: 526, 63: 792, 64: 554, 65: 792, 66: 554, 67: 414, 68: 652, 69: 324, 70: 86, 71: 366, 72: 128, 73: 456, 74: 694, 75: 750, 76: 512, 77: 540, 78: 778, 79: 792, 80: 554, 81: 554, 82: 792, 83: 428, 84: 666, 85: 736, 86: 498, 87: 338, 88: 100, 89: 352, 90: 114, 91: 540, 92: 778, 93: 722, 94: 484, 95: 338, 96: 100, 97: 540, 98: 778, 99: 142, 100: 380, 101: 380, 102: 142, 103: 540, 104: 778, 105: 352, 106: 114, 107: 366, 108: 128, 109: 694, 110: 456, 111: 722, 112: 484, 113: 414, 114: 652, 115: 470, 116: 708, 117: 526, 118: 764, 119: 58, 120: 296, 121: 456, 122: 694, 123: 156, 124: 394, 125: 310, 126: 72, 127: 324, 128: 86, 129: 408, 130: 170, 131: 380, 132: 142, 133: 554, 134: 792, 135: 540, 136: 778, 137: 456, 138: 694, 139: 666, 140: 428, 141: 380, 142: 142, 143: 540, 144: 778, 145: 554, 146: 792, 147: 352, 148: 114, 149: 554, 150: 792, 151: 72, 152: 310, 153: 498, 154: 736, 155: 554, 156: 792, 157: 554, 158: 792, 159: 484, 160: 722, 161: 554, 162: 792, 163: 498, 164: 736, 165: 296, 166: 58, 167: 666, 168: 428, 169: 554, 170: 792, 171: 498, 172: 736, 173: 540, 174: 778, 175: 526, 176: 764, 177: 666, 178: 428, 179: 498, 180: 736, 181: 792, 182: 554, 183: 526, 184: 764, 185: 114, 186: 352, 187: 156, 188: 394, 189: 736, 190: 498, 191: 428, 192: 666, 193: 484, 194: 722, 195: 554, 196: 792, 197: 484, 198: 722, 199: 540, 200: 778}
Span: 792 - 58 = 734
Solution verified successfully.

Trying to find solution with span <= 733...
Solution:
{1: 338, 2: 100, 3: 652, 4: 414, 5: 366, 6: 128, 7: 442, 8: 680, 9: 86, 10: 324, 11: 310, 12: 72, 13: 764, 14: 526, 15: 414, 16: 652, 17: 156, 18: 394, 19: 498, 20: 736, 21: 470, 22: 708, 23: 792, 24: 554, 25: 484, 26: 722, 27: 128, 28: 366, 29: 72, 30: 310, 31: 456, 32: 694, 33: 554, 34: 792, 35: 456, 36: 694, 37: 128, 38: 366, 39: 394, 40: 156, 41: 526, 42: 764, 43: 142, 44: 380, 45: 324, 46: 86, 47: 792, 48: 554, 49: 470, 50: 708, 51: 394, 52: 156, 53: 142, 54: 380, 55: 352, 56: 114, 57: 72, 58: 310, 59: 540, 60: 778, 61: 764, 62: 526, 63: 792, 64: 554, 65: 792, 66: 554, 67: 414, 68: 652, 69: 324, 70: 86, 71: 394, 72: 156, 73: 456, 74: 694, 75: 750, 76: 512, 77: 540, 78: 778, 79: 792, 80: 554, 81: 554, 82: 792, 83: 428, 84: 666, 85: 736, 86: 498, 87: 338, 88: 100, 89: 352, 90: 114, 91: 540, 92: 778, 93: 722, 94: 484, 95: 338, 96: 100, 97: 540, 98: 778, 99: 142, 100: 380, 101: 380, 102: 142, 103: 540, 104: 778, 105: 352, 106: 114, 107: 366, 108: 128, 109: 694, 110: 456, 111: 722, 112: 484, 113: 414, 114: 652, 115: 470, 116: 708, 117: 526, 118: 764, 119: 72, 120: 310, 121: 456, 122: 694, 123: 128, 124: 366, 125: 310, 126: 72, 127: 338, 128: 100, 129: 408, 130: 170, 131: 380, 132: 142, 133: 554, 134: 792, 135: 540, 136: 778, 137: 456, 138: 694, 139: 666, 140: 428, 141: 380, 142: 142, 143: 540, 144: 778, 145: 554, 146: 792, 147: 352, 148: 114, 149: 554, 150: 792, 151: 72, 152: 310, 153: 498, 154: 736, 155: 554, 156: 792, 157: 554, 158: 792, 159: 484, 160: 722, 161: 554, 162: 792, 163: 498, 164: 736, 165: 310, 166: 72, 167: 666, 168: 428, 169: 554, 170: 792, 171: 498, 172: 736, 173: 540, 174: 778, 175: 526, 176: 764, 177: 666, 178: 428, 179: 498, 180: 736, 181: 792, 182: 554, 183: 526, 184: 764, 185: 394, 186: 156, 187: 156, 188: 394, 189: 736, 190: 498, 191: 428, 192: 666, 193: 484, 194: 722, 195: 554, 196: 792, 197: 484, 198: 722, 199: 540, 200: 778}
Span: 792 - 72 = 720
Solution verified successfully.

Trying to find solution with span <= 719...
Solution:
{1: 338, 2: 100, 3: 414, 4: 652, 5: 324, 6: 86, 7: 414, 8: 652, 9: 156, 10: 394, 11: 394, 12: 156, 13: 764, 14: 526, 15: 736, 16: 498, 17: 156, 18: 394, 19: 498, 20: 736, 21: 470, 22: 708, 23: 750, 24: 512, 25: 484, 26: 722, 27: 128, 28: 366, 29: 680, 30: 442, 31: 456, 32: 694, 33: 554, 34: 792, 35: 428, 36: 666, 37: 128, 38: 366, 39: 652, 40: 414, 41: 792, 42: 554, 43: 142, 44: 380, 45: 366, 46: 128, 47: 666, 48: 428, 49: 470, 50: 708, 51: 380, 52: 142, 53: 128, 54: 366, 55: 352, 56: 114, 57: 394, 58: 156, 59: 540, 60: 778, 61: 764, 62: 526, 63: 792, 64: 554, 65: 792, 66: 554, 67: 414, 68: 652, 69: 324, 70: 86, 71: 156, 72: 394, 73: 456, 74: 694, 75: 750, 76: 512, 77: 540, 78: 778, 79: 394, 80: 156, 81: 554, 82: 792, 83: 554, 84: 792, 85: 708, 86: 470, 87: 338, 88: 100, 89: 428, 90: 666, 91: 526, 92: 764, 93: 792, 94: 554, 95: 128, 96: 366, 97: 540, 98: 778, 99: 680, 100: 442, 101: 380, 102: 142, 103: 540, 104: 778, 105: 86, 106: 324, 107: 338, 108: 100, 109: 128, 110: 366, 111: 708, 112: 470, 113: 736, 114: 498, 115: 156, 116: 394, 117: 526, 118: 764, 119: 86, 120: 324, 121: 456, 122: 694, 123: 128, 124: 366, 125: 142, 126: 380, 127: 366, 128: 128, 129: 408, 130: 170, 131: 380, 132: 142, 133: 554, 134: 792, 135: 540, 136: 778, 137: 142, 138: 380, 139: 666, 140: 428, 141: 380, 142: 142, 143: 540, 144: 778, 145: 792, 146: 554, 147: 352, 148: 114, 149: 554, 150: 792, 151: 86, 152: 324, 153: 750, 154: 512, 155: 554, 156: 792, 157: 554, 158: 792, 159: 338, 160: 100, 161: 554, 162: 792, 163: 498, 164: 736, 165: 324, 166: 86, 167: 324, 168: 86, 169: 554, 170: 792, 171: 498, 172: 736, 173: 540, 174: 778, 175: 778, 176: 540, 177: 778, 178: 540, 179: 470, 180: 708, 181: 652, 182: 414, 183: 456, 184: 694, 185: 156, 186: 394, 187: 142, 188: 380, 189: 736, 190: 498, 191: 428, 192: 666, 193: 722, 194: 484, 195: 484, 196: 722, 197: 484, 198: 722, 199: 540, 200: 778}
Span: 792 - 86 = 706
Solution verified successfully.

Trying to find solution with span <= 705...
Solution:
{1: 100, 2: 338, 3: 414, 4: 652, 5: 100, 6: 338, 7: 414, 8: 652, 9: 156, 10: 394, 11: 394, 12: 156, 13: 764, 14: 526, 15: 722, 16: 484, 17: 156, 18: 394, 19: 498, 20: 736, 21: 470, 22: 708, 23: 352, 24: 114, 25: 680, 26: 442, 27: 128, 28: 366, 29: 680, 30: 442, 31: 708, 32: 470, 33: 554, 34: 792, 35: 428, 36: 666, 37: 128, 38: 366, 39: 652, 40: 414, 41: 792, 42: 554, 43: 142, 44: 380, 45: 366, 46: 128, 47: 666, 48: 428, 49: 470, 50: 708, 51: 380, 52: 142, 53: 792, 54: 554, 55: 338, 56: 100, 57: 394, 58: 156, 59: 540, 60: 778, 61: 764, 62: 526, 63: 792, 64: 554, 65: 792, 66: 554, 67: 414, 68: 652, 69: 652, 70: 414, 71: 652, 72: 414, 73: 456, 74: 694, 75: 750, 76: 512, 77: 540, 78: 778, 79: 456, 80: 694, 81: 554, 82: 792, 83: 554, 84: 792, 85: 708, 86: 470, 87: 338, 88: 100, 89: 128, 90: 366, 91: 526, 92: 764, 93: 792, 94: 554, 95: 128, 96: 366, 97: 540, 98: 778, 99: 708, 100: 470, 101: 380, 102: 142, 103: 512, 104: 750, 105: 338, 106: 100, 107: 338, 108: 100, 109: 128, 110: 366, 111: 366, 112: 128, 113: 736, 114: 498, 115: 652, 116: 414, 117: 526, 118: 764, 119: 100, 120: 338, 121: 456, 122: 694, 123: 394, 124: 156, 125: 142, 126: 380, 127: 366, 128: 128, 129: 408, 130: 170, 131: 380, 132: 142, 133: 554, 134: 792, 135: 540, 136: 778, 137: 142, 138: 380, 139: 666, 140: 428, 141: 380, 142: 142, 143: 540, 144: 778, 145: 792, 146: 554, 147: 380, 148: 142, 149: 394, 150: 156, 151: 100, 152: 338, 153: 142, 154: 380, 155: 554, 156: 792, 157: 554, 158: 792, 159: 338, 160: 100, 161: 554, 162: 792, 163: 498, 164: 736, 165: 338, 166: 100, 167: 652, 168: 414, 169: 554, 170: 792, 171: 498, 172: 736, 173: 708, 174: 470, 175: 778, 176: 540, 177: 778, 178: 540, 179: 708, 180: 470, 181: 652, 182: 414, 183: 694, 184: 456, 185: 156, 186: 394, 187: 142, 188: 380, 189: 736, 190: 498, 191: 428, 192: 666, 193: 722, 194: 484, 195: 142, 196: 380, 197: 484, 198: 722, 199: 540, 200: 778}
Span: 792 - 100 = 692
Solution verified successfully.

Trying to find solution with span <= 691...
Solution:
{1: 100, 2: 338, 3: 666, 4: 428, 5: 128, 6: 366, 7: 666, 8: 428, 9: 114, 10: 352, 11: 380, 12: 142, 13: 680, 14: 442, 15: 778, 16: 540, 17: 778, 18: 540, 19: 156, 20: 394, 21: 456, 22: 694, 23: 652, 24: 414, 25: 680, 26: 442, 27: 442, 28: 680, 29: 778, 30: 540, 31: 156, 32: 394, 33: 484, 34: 722, 35: 394, 36: 156, 37: 722, 38: 484, 39: 156, 40: 394, 41: 100, 42: 338, 43: 142, 44: 380, 45: 652, 46: 414, 47: 666, 48: 428, 49: 414, 50: 652, 51: 394, 52: 156, 53: 142, 54: 380, 55: 428, 56: 666, 57: 352, 58: 114, 59: 778, 60: 540, 61: 666, 62: 428, 63: 156, 64: 394, 65: 680, 66: 442, 67: 156, 68: 394, 69: 100, 70: 338, 71: 394, 72: 156, 73: 666, 74: 428, 75: 394, 76: 156, 77: 456, 78: 694, 79: 694, 80: 456, 81: 778, 82: 540, 83: 778, 84: 540, 85: 666, 86: 428, 87: 540, 88: 778, 89: 540, 90: 778, 91: 114, 92: 352, 93: 708, 94: 470, 95: 428, 96: 666, 97: 778, 98: 540, 99: 128, 100: 366, 101: 338, 102: 100, 103: 736, 104: 498, 105: 100, 106: 338, 107: 694, 108: 456, 109: 380, 110: 142, 111: 338, 112: 100, 113: 338, 114: 100, 115: 652, 116: 414, 117: 484, 118: 722, 119: 778, 120: 540, 121: 114, 122: 352, 123: 352, 124: 114, 125: 142, 126: 380, 127: 652, 128: 414, 129: 142, 130: 380, 131: 380, 132: 142, 133: 470, 134: 708, 135: 456, 136: 694, 137: 100, 138: 338, 139: 142, 140: 380, 141: 380, 142: 142, 143: 470, 144: 708, 145: 778, 146: 540, 147: 498, 148: 736, 149: 470, 150: 708, 151: 778, 152: 540, 153: 128, 154: 366, 155: 540, 156: 778, 157: 722, 158: 484, 159: 736, 160: 498, 161: 428, 162: 666, 163: 484, 164: 722, 165: 778, 166: 540, 167: 470, 168: 708, 169: 484, 170: 722, 171: 484, 172: 722, 173: 708, 174: 470, 175: 156, 176: 394, 177: 666, 178: 428, 179: 142, 180: 380, 181: 380, 182: 142, 183: 778, 184: 540, 185: 100, 186: 338, 187: 100, 188: 338, 189: 156, 190: 394, 191: 736, 192: 498, 193: 722, 194: 484, 195: 352, 196: 114, 197: 736, 198: 498, 199: 428, 200: 666}
Span: 778 - 100 = 678
Solution verified successfully.

Trying to find solution with span <= 677...
Solution:
{1: 100, 2: 338, 3: 652, 4: 414, 5: 128, 6: 366, 7: 338, 8: 100, 9: 114, 10: 352, 11: 380, 12: 142, 13: 680, 14: 442, 15: 764, 16: 526, 17: 764, 18: 526, 19: 156, 20: 394, 21: 456, 22: 694, 23: 652, 24: 414, 25: 680, 26: 442, 27: 442, 28: 680, 29: 694, 30: 456, 31: 156, 32: 394, 33: 484, 34: 722, 35: 394, 36: 156, 37: 722, 38: 484, 39: 414, 40: 652, 41: 100, 42: 338, 43: 128, 44: 366, 45: 652, 46: 414, 47: 666, 48: 428, 49: 414, 50: 652, 51: 394, 52: 156, 53: 142, 54: 380, 55: 428, 56: 666, 57: 352, 58: 114, 59: 764, 60: 526, 61: 666, 62: 428, 63: 156, 64: 394, 65: 680, 66: 442, 67: 100, 68: 338, 69: 100, 70: 338, 71: 428, 72: 666, 73: 142, 74: 380, 75: 338, 76: 100, 77: 456, 78: 694, 79: 694, 80: 456, 81: 128, 82: 366, 83: 414, 84: 652, 85: 666, 86: 428, 87: 498, 88: 736, 89: 526, 90: 764, 91: 666, 92: 428, 93: 764, 94: 526, 95: 764, 96: 526, 97: 764, 98: 526, 99: 128, 100: 366, 101: 338, 102: 100, 103: 736, 104: 498, 105: 100, 106: 338, 107: 484, 108: 722, 109: 366, 110: 128, 111: 338, 112: 100, 113: 338, 114: 100, 115: 652, 116: 414, 117: 484, 118: 722, 119: 764, 120: 526, 121: 114, 122: 352, 123: 352, 124: 114, 125: 114, 126: 352, 127: 680, 128: 442, 129: 142, 130: 380, 131: 380, 132: 142, 133: 442, 134: 680, 135: 764, 136: 526, 137: 100, 138: 338, 139: 142, 140: 380, 141: 380, 142: 142, 143: 470, 144: 708, 145: 338, 146: 100, 147: 498, 148: 736, 149: 498, 150: 736, 151: 764, 152: 526, 153: 128, 154: 366, 155: 526, 156: 764, 157: 708, 158: 470, 159: 736, 160: 498, 161: 428, 162: 666, 163: 708, 164: 470, 165: 764, 166: 526, 167: 470, 168: 708, 169: 484, 170: 722, 171: 484, 172: 722, 173: 736, 174: 498, 175: 156, 176: 394, 177: 666, 178: 428, 179: 142, 180: 380, 181: 366, 182: 128, 183: 498, 184: 736, 185: 156, 186: 394, 187: 100, 188: 338, 189: 156, 190: 394, 191: 736, 192: 498, 193: 722, 194: 484, 195: 352, 196: 114, 197: 722, 198: 484, 199: 428, 200: 666}
Span: 764 - 100 = 664
Solution verified successfully.

Trying to find solution with span <= 663...
Solution:
{1: 128, 2: 366, 3: 652, 4: 414, 5: 128, 6: 366, 7: 338, 8: 100, 9: 352, 10: 114, 11: 380, 12: 142, 13: 680, 14: 442, 15: 750, 16: 512, 17: 750, 18: 512, 19: 156, 20: 394, 21: 456, 22: 694, 23: 156, 24: 394, 25: 666, 26: 428, 27: 442, 28: 680, 29: 428, 30: 666, 31: 414, 32: 652, 33: 484, 34: 722, 35: 394, 36: 156, 37: 722, 38: 484, 39: 456, 40: 694, 41: 128, 42: 366, 43: 128, 44: 366, 45: 156, 46: 394, 47: 666, 48: 428, 49: 414, 50: 652, 51: 394, 52: 156, 53: 750, 54: 512, 55: 428, 56: 666, 57: 352, 58: 114, 59: 750, 60: 512, 61: 666, 62: 428, 63: 100, 64: 338, 65: 652, 66: 414, 67: 100, 68: 338, 69: 366, 70: 128, 71: 428, 72: 666, 73: 142, 74: 380, 75: 736, 76: 498, 77: 456, 78: 694, 79: 708, 80: 470, 81: 142, 82: 380, 83: 414, 84: 652, 85: 666, 86: 428, 87: 338, 88: 100, 89: 470, 90: 708, 91: 142, 92: 380, 93: 750, 94: 512, 95: 414, 96: 652, 97: 750, 98: 512, 99: 114, 100: 352, 101: 338, 102: 100, 103: 722, 104: 484, 105: 100, 106: 338, 107: 736, 108: 498, 109: 338, 110: 100, 111: 338, 112: 100, 113: 338, 114: 100, 115: 666, 116: 428, 117: 484, 118: 722, 119: 750, 120: 512, 121: 114, 122: 352, 123: 352, 124: 114, 125: 114, 126: 352, 127: 352, 128: 114, 129: 142, 130: 380, 131: 380, 132: 142, 133: 442, 134: 680, 135: 750, 136: 512, 137: 100, 138: 338, 139: 352, 140: 114, 141: 380, 142: 142, 143: 470, 144: 708, 145: 156, 146: 394, 147: 736, 148: 498, 149: 498, 150: 736, 151: 708, 152: 470, 153: 128, 154: 366, 155: 512, 156: 750, 157: 694, 158: 456, 159: 750, 160: 512, 161: 428, 162: 666, 163: 512, 164: 750, 165: 156, 166: 394, 167: 414, 168: 652, 169: 484, 170: 722, 171: 484, 172: 722, 173: 736, 174: 498, 175: 652, 176: 414, 177: 750, 178: 512, 179: 142, 180: 380, 181: 694, 182: 456, 183: 652, 184: 414, 185: 100, 186: 338, 187: 394, 188: 156, 189: 114, 190: 352, 191: 736, 192: 498, 193: 722, 194: 484, 195: 366, 196: 128, 197: 722, 198: 484, 199: 428, 200: 666}
Span: 750 - 100 = 650
Solution verified successfully.

Trying to find solution with span <= 649...
Solution:
{1: 156, 2: 394, 3: 652, 4: 414, 5: 114, 6: 352, 7: 352, 8: 114, 9: 324, 10: 86, 11: 366, 12: 128, 13: 680, 14: 442, 15: 666, 16: 428, 17: 414, 18: 652, 19: 86, 20: 324, 21: 456, 22: 694, 23: 652, 24: 414, 25: 680, 26: 442, 27: 442, 28: 680, 29: 694, 30: 456, 31: 456, 32: 694, 33: 484, 34: 722, 35: 394, 36: 156, 37: 722, 38: 484, 39: 666, 40: 428, 41: 722, 42: 484, 43: 414, 44: 652, 45: 666, 46: 428, 47: 666, 48: 428, 49: 414, 50: 652, 51: 352, 52: 114, 53: 86, 54: 324, 55: 324, 56: 86, 57: 352, 58: 114, 59: 722, 60: 484, 61: 666, 62: 428, 63: 708, 64: 470, 65: 652, 66: 414, 67: 352, 68: 114, 69: 324, 70: 86, 71: 428, 72: 666, 73: 100, 74: 338, 75: 708, 76: 470, 77: 456, 78: 694, 79: 100, 80: 338, 81: 142, 82: 380, 83: 394, 84: 156, 85: 666, 86: 428, 87: 414, 88: 652, 89: 338, 90: 100, 91: 666, 92: 428, 93: 722, 94: 484, 95: 708, 96: 470, 97: 722, 98: 484, 99: 708, 100: 470, 101: 338, 102: 100, 103: 142, 104: 380, 105: 100, 106: 338, 107: 156, 108: 394, 109: 338, 110: 100, 111: 394, 112: 156, 113: 86, 114: 324, 115: 722, 116: 484, 117: 484, 118: 722, 119: 128, 120: 366, 121: 380, 122: 142, 123: 352, 124: 114, 125: 100, 126: 338, 127: 324, 128: 86, 129: 142, 130: 380, 131: 324, 132: 86, 133: 708, 134: 470, 135: 156, 136: 394, 137: 86, 138: 324, 139: 680, 140: 442, 141: 380, 142: 142, 143: 470, 144: 708, 145: 86, 146: 324, 147: 352, 148: 114, 149: 394, 150: 156, 151: 86, 152: 324, 153: 128, 154: 366, 155: 456, 156: 694, 157: 128, 158: 366, 159: 324, 160: 86, 161: 428, 162: 666, 163: 114, 164: 352, 165: 156, 166: 394, 167: 394, 168: 156, 169: 484, 170: 722, 171: 484, 172: 722, 173: 708, 174: 470, 175: 652, 176: 414, 177: 380, 178: 142, 179: 722, 180: 484, 181: 694, 182: 456, 183: 470, 184: 708, 185: 100, 186: 338, 187: 338, 188: 100, 189: 86, 190: 324, 191: 722, 192: 484, 193: 722, 194: 484, 195: 366, 196: 128, 197: 722, 198: 484, 199: 428, 200: 666}
Span: 722 - 86 = 636
Solution verified successfully.

Trying to find solution with span <= 635...
Solution:
{1: 156, 2: 394, 3: 156, 4: 394, 5: 100, 6: 338, 7: 352, 8: 114, 9: 58, 10: 296, 11: 666, 12: 428, 13: 652, 14: 414, 15: 652, 16: 414, 17: 414, 18: 652, 19: 86, 20: 324, 21: 296, 22: 58, 23: 114, 24: 352, 25: 666, 26: 428, 27: 680, 28: 442, 29: 652, 30: 414, 31: 142, 32: 380, 33: 680, 34: 442, 35: 394, 36: 156, 37: 680, 38: 442, 39: 72, 40: 310, 41: 680, 42: 442, 43: 72, 44: 310, 45: 442, 46: 680, 47: 652, 48: 414, 49: 428, 50: 666, 51: 652, 52: 414, 53: 652, 54: 414, 55: 156, 56: 394, 57: 156, 58: 394, 59: 652, 60: 414, 61: 58, 62: 296, 63: 680, 64: 442, 65: 114, 66: 352, 67: 666, 68: 428, 69: 72, 70: 310, 71: 114, 72: 352, 73: 86, 74: 324, 75: 156, 76: 394, 77: 72, 78: 310, 79: 128, 80: 366, 81: 142, 82: 380, 83: 380, 84: 142, 85: 652, 86: 414, 87: 428, 88: 666, 89: 324, 90: 86, 91: 142, 92: 380, 93: 666, 94: 428, 95: 380, 96: 142, 97: 394, 98: 156, 99: 142, 100: 380, 101: 366, 102: 128, 103: 296, 104: 58, 105: 142, 106: 380, 107: 114, 108: 352, 109: 338, 110: 100, 111: 310, 112: 72, 113: 680, 114: 442, 115: 338, 116: 100, 117: 58, 118: 296, 119: 58, 120: 296, 121: 680, 122: 442, 123: 296, 124: 58, 125: 58, 126: 296, 127: 652, 128: 414, 129: 478, 130: 240, 131: 352, 132: 114, 133: 380, 134: 142, 135: 680, 136: 442, 137: 128, 138: 366, 139: 58, 140: 296, 141: 142, 142: 380, 143: 72, 144: 310, 145: 680, 146: 442, 147: 324, 148: 86, 149: 414, 150: 652, 151: 58, 152: 296, 153: 428, 154: 666, 155: 100, 156: 338, 157: 310, 158: 72, 159: 666, 160: 428, 161: 652, 162: 414, 163: 414, 164: 652, 165: 680, 166: 442, 167: 394, 168: 156, 169: 58, 170: 296, 171: 72, 172: 310, 173: 680, 174: 442, 175: 394, 176: 156, 177: 142, 178: 380, 179: 442, 180: 680, 181: 86, 182: 324, 183: 58, 184: 296, 185: 58, 186: 296, 187: 324, 188: 86, 189: 86, 190: 324, 191: 86, 192: 324, 193: 72, 194: 310, 195: 338, 196: 100, 197: 652, 198: 414, 199: 366, 200: 128}
Span: 680 - 58 = 622
Solution verified successfully.

Trying to find solution with span <= 621...
Cannot find solution.
Cannot find solution with span <= 621.
Optimal span: 622
Time taken: 0.33 seconds
[runlim] end:			Tue Mar 17 12:20:57 2026
[runlim] status:		ok
[runlim] result:		0
[runlim] children:		0
[runlim] real:			0.54 seconds
[runlim] time:			0.29 seconds
[runlim] space:			35.4 MB
[runlim] samples:		3
